<?xml version="1.0" encoding="UTF-8"?>
<coverage generated="1764141312393" clover="3.2.0">
  <project timestamp="1764141312393" name="All files">
    <metrics statements="1587" coveredstatements="1492" conditionals="784" coveredconditionals="637" methods="382" coveredmethods="365" elements="2753" coveredelements="2494" complexity="0" loc="1587" ncloc="1587" packages="7" files="16" classes="16"/>
    <package name="src">
      <metrics statements="0" coveredstatements="0" conditionals="0" coveredconditionals="0" methods="0" coveredmethods="0"/>
      <file name="index.ts" path="/Users/mohammadalmechkor/Projects/escp-ts/src/index.ts">
        <metrics statements="0" coveredstatements="0" conditionals="0" coveredconditionals="0" methods="0" coveredmethods="0"/>
      </file>
    </package>
    <package name="src.commands">
      <metrics statements="163" coveredstatements="140" conditionals="49" coveredconditionals="40" methods="97" coveredmethods="96"/>
      <file name="CommandBuilder.ts" path="/Users/mohammadalmechkor/Projects/escp-ts/src/commands/CommandBuilder.ts">
        <metrics statements="163" coveredstatements="140" conditionals="49" coveredconditionals="40" methods="97" coveredmethods="96"/>
        <line num="25" count="315" type="stmt"/>
        <line num="32" count="34" type="stmt"/>
        <line num="33" count="17" type="stmt"/>
        <line num="34" count="17" type="stmt"/>
        <line num="35" count="17" type="stmt"/>
        <line num="36" count="34" type="stmt"/>
        <line num="37" count="34" type="stmt"/>
        <line num="39" count="17" type="stmt"/>
        <line num="46" count="57" type="stmt"/>
        <line num="47" count="57" type="stmt"/>
        <line num="54" count="0" type="stmt"/>
        <line num="55" count="0" type="stmt"/>
        <line num="74" count="30" type="stmt"/>
        <line num="82" count="1" type="stmt"/>
        <line num="91" count="3" type="stmt"/>
        <line num="98" count="1" type="stmt"/>
        <line num="105" count="6" type="stmt"/>
        <line num="114" count="6" type="stmt"/>
        <line num="115" count="6" type="stmt"/>
        <line num="124" count="3" type="stmt"/>
        <line num="125" count="3" type="stmt"/>
        <line num="134" count="9" type="stmt"/>
        <line num="135" count="9" type="stmt"/>
        <line num="145" count="2" type="stmt"/>
        <line num="146" count="2" type="cond" truecount="4" falsecount="0"/>
        <line num="147" count="1" type="stmt"/>
        <line num="150" count="1" type="stmt"/>
        <line num="151" count="1" type="cond" truecount="3" falsecount="1"/>
        <line num="152" count="1" type="stmt"/>
        <line num="155" count="0" type="stmt"/>
        <line num="156" count="0" type="stmt"/>
        <line num="167" count="41" type="stmt"/>
        <line num="168" count="41" type="stmt"/>
        <line num="177" count="2" type="cond" truecount="2" falsecount="0"/>
        <line num="178" count="2" type="stmt"/>
        <line num="179" count="2" type="stmt"/>
        <line num="187" count="0" type="stmt"/>
        <line num="188" count="0" type="stmt"/>
        <line num="207" count="0" type="cond" truecount="0" falsecount="2"/>
        <line num="208" count="0" type="stmt"/>
        <line num="209" count="0" type="stmt"/>
        <line num="228" count="30" type="stmt"/>
        <line num="229" count="30" type="stmt"/>
        <line num="237" count="0" type="stmt"/>
        <line num="238" count="0" type="stmt"/>
        <line num="245" count="13" type="stmt"/>
        <line num="252" count="13" type="stmt"/>
        <line num="259" count="5" type="stmt"/>
        <line num="270" count="3" type="stmt"/>
        <line num="271" count="3" type="stmt"/>
        <line num="280" count="1" type="stmt"/>
        <line num="281" count="1" type="stmt"/>
        <line num="289" count="0" type="stmt"/>
        <line num="290" count="0" type="stmt"/>
        <line num="309" count="0" type="stmt"/>
        <line num="310" count="0" type="stmt"/>
        <line num="311" count="0" type="stmt"/>
        <line num="330" count="1" type="stmt"/>
        <line num="331" count="1" type="stmt"/>
        <line num="338" count="1" type="stmt"/>
        <line num="347" count="4" type="stmt"/>
        <line num="348" count="4" type="stmt"/>
        <line num="357" count="4" type="stmt"/>
        <line num="358" count="4" type="stmt"/>
        <line num="368" count="9" type="stmt"/>
        <line num="369" count="2" type="stmt"/>
        <line num="377" count="2" type="stmt"/>
        <line num="378" count="1" type="stmt"/>
        <line num="385" count="2" type="stmt"/>
        <line num="392" count="1" type="stmt"/>
        <line num="403" count="0" type="stmt"/>
        <line num="404" count="0" type="stmt"/>
        <line num="418" count="0" type="stmt"/>
        <line num="439" count="7" type="stmt"/>
        <line num="440" count="7" type="cond" truecount="3" falsecount="1"/>
        <line num="441" count="7" type="cond" truecount="1" falsecount="1"/>
        <line num="442" count="7" type="cond" truecount="1" falsecount="1"/>
        <line num="443" count="7" type="cond" truecount="2" falsecount="0"/>
        <line num="444" count="7" type="cond" truecount="1" falsecount="1"/>
        <line num="445" count="7" type="cond" truecount="2" falsecount="0"/>
        <line num="446" count="7" type="cond" truecount="2" falsecount="0"/>
        <line num="447" count="7" type="cond" truecount="2" falsecount="0"/>
        <line num="448" count="7" type="stmt"/>
        <line num="455" count="4" type="stmt"/>
        <line num="462" count="6" type="stmt"/>
        <line num="469" count="4" type="stmt"/>
        <line num="476" count="3" type="stmt"/>
        <line num="483" count="1" type="stmt"/>
        <line num="491" count="4" type="cond" truecount="2" falsecount="0"/>
        <line num="500" count="0" type="stmt"/>
        <line num="501" count="0" type="stmt"/>
        <line num="509" count="2" type="stmt"/>
        <line num="517" count="3" type="stmt"/>
        <line num="526" count="9" type="stmt"/>
        <line num="533" count="7" type="stmt"/>
        <line num="540" count="4" type="stmt"/>
        <line num="547" count="2" type="stmt"/>
        <line num="555" count="7" type="cond" truecount="2" falsecount="0"/>
        <line num="563" count="0" type="stmt"/>
        <line num="579" count="3" type="stmt"/>
        <line num="586" count="1" type="stmt"/>
        <line num="594" count="4" type="stmt"/>
        <line num="601" count="1" type="stmt"/>
        <line num="611" count="5" type="cond" truecount="2" falsecount="0"/>
        <line num="618" count="1" type="stmt"/>
        <line num="625" count="1" type="stmt"/>
        <line num="633" count="4" type="cond" truecount="1" falsecount="1"/>
        <line num="642" count="3" type="stmt"/>
        <line num="643" count="3" type="stmt"/>
        <line num="653" count="1" type="stmt"/>
        <line num="662" count="1" type="stmt"/>
        <line num="679" count="0" type="stmt"/>
        <line num="686" count="1" type="stmt"/>
        <line num="693" count="1" type="stmt"/>
        <line num="703" count="13" type="stmt"/>
        <line num="713" count="1" type="stmt"/>
        <line num="725" count="7" type="stmt"/>
        <line num="726" count="7" type="stmt"/>
        <line num="736" count="1" type="stmt"/>
        <line num="737" count="1" type="stmt"/>
        <line num="744" count="1" type="stmt"/>
        <line num="745" count="1" type="stmt"/>
        <line num="752" count="1" type="stmt"/>
        <line num="753" count="1" type="stmt"/>
        <line num="760" count="1" type="stmt"/>
        <line num="761" count="1" type="stmt"/>
        <line num="771" count="1" type="stmt"/>
        <line num="780" count="1" type="stmt"/>
        <line num="789" count="1" type="stmt"/>
        <line num="797" count="2" type="cond" truecount="2" falsecount="0"/>
        <line num="811" count="1" type="stmt"/>
        <line num="812" count="1" type="stmt"/>
        <line num="813" count="1" type="stmt"/>
        <line num="823" count="6" type="cond" truecount="2" falsecount="0"/>
        <line num="830" count="1" type="stmt"/>
        <line num="837" count="1" type="stmt"/>
        <line num="844" count="1" type="stmt"/>
        <line num="851" count="1" type="stmt"/>
        <line num="858" count="1" type="stmt"/>
        <line num="865" count="1" type="stmt"/>
        <line num="873" count="1" type="cond" truecount="1" falsecount="1"/>
        <line num="880" count="4" type="stmt"/>
        <line num="891" count="3" type="stmt"/>
        <line num="892" count="3" type="stmt"/>
        <line num="893" count="3" type="stmt"/>
        <line num="895" count="3" type="stmt"/>
        <line num="922" count="4" type="stmt"/>
        <line num="923" count="4" type="stmt"/>
        <line num="924" count="9" type="stmt"/>
        <line num="926" count="9" type="stmt"/>
        <line num="928" count="4" type="stmt"/>
        <line num="937" count="2" type="stmt"/>
        <line num="938" count="2" type="cond" truecount="2" falsecount="0"/>
        <line num="939" count="1" type="stmt"/>
        <line num="941" count="1" type="stmt"/>
        <line num="950" count="10" type="stmt"/>
        <line num="951" count="10" type="stmt"/>
        <line num="952" count="10" type="stmt"/>
        <line num="953" count="10" type="stmt"/>
        <line num="954" count="20" type="stmt"/>
        <line num="956" count="8" type="stmt"/>
        <line num="965" count="6" type="stmt"/>
        <line num="966" count="15" type="stmt"/>
      </file>
    </package>
    <package name="src.core">
      <metrics statements="176" coveredstatements="169" conditionals="73" coveredconditionals="65" methods="57" coveredmethods="54"/>
      <file name="PrinterState.ts" path="/Users/mohammadalmechkor/Projects/escp-ts/src/core/PrinterState.ts">
        <metrics statements="117" coveredstatements="115" conditionals="40" coveredconditionals="38" methods="44" coveredmethods="43"/>
        <line num="35" count="4" type="stmt"/>
        <line num="51" count="4" type="stmt"/>
        <line num="62" count="4" type="stmt"/>
        <line num="72" count="4" type="stmt"/>
        <line num="86" count="242" type="stmt"/>
        <line num="95" count="242" type="stmt"/>
        <line num="104" count="242" type="stmt"/>
        <line num="172" count="265" type="stmt"/>
        <line num="175" count="265" type="cond" truecount="2" falsecount="0"/>
        <line num="176" count="5" type="stmt"/>
        <line num="179" count="260" type="stmt"/>
        <line num="186" count="7" type="stmt"/>
        <line num="189" count="7" type="cond" truecount="2" falsecount="0"/>
        <line num="190" count="2" type="stmt"/>
        <line num="194" count="7" type="stmt"/>
        <line num="196" count="7" type="stmt"/>
        <line num="203" count="163" type="stmt"/>
        <line num="205" count="163" type="cond" truecount="2" falsecount="0"/>
        <line num="206" count="3" type="stmt"/>
        <line num="209" count="163" type="stmt"/>
        <line num="216" count="6" type="stmt"/>
        <line num="217" count="6" type="stmt"/>
        <line num="224" count="1" type="stmt"/>
        <line num="225" count="1" type="stmt"/>
        <line num="232" count="29" type="stmt"/>
        <line num="239" count="180" type="stmt"/>
        <line num="250" count="8" type="stmt"/>
        <line num="251" count="8" type="stmt"/>
        <line num="253" count="8" type="stmt"/>
        <line num="265" count="13" type="stmt"/>
        <line num="272" count="19" type="stmt"/>
        <line num="279" count="3" type="stmt"/>
        <line num="286" count="3" type="stmt"/>
        <line num="293" count="2" type="stmt"/>
        <line num="300" count="2" type="stmt"/>
        <line num="307" count="3" type="stmt"/>
        <line num="314" count="3" type="stmt"/>
        <line num="322" count="173" type="stmt"/>
        <line num="323" count="173" type="stmt"/>
        <line num="326" count="173" type="stmt"/>
        <line num="330" count="173" type="cond" truecount="2" falsecount="0"/>
        <line num="332" count="125" type="stmt"/>
        <line num="333" count="125" type="stmt"/>
        <line num="341" count="157" type="stmt"/>
        <line num="348" count="6" type="stmt"/>
        <line num="355" count="27" type="stmt"/>
        <line num="356" count="27" type="stmt"/>
        <line num="363" count="11" type="stmt"/>
        <line num="364" count="11" type="stmt"/>
        <line num="373" count="11" type="cond" truecount="4" falsecount="0"/>
        <line num="374" count="9" type="stmt"/>
        <line num="385" count="25" type="stmt"/>
        <line num="386" count="25" type="stmt"/>
        <line num="391" count="25" type="cond" truecount="2" falsecount="0"/>
        <line num="392" count="2" type="stmt"/>
        <line num="403" count="75" type="stmt"/>
        <line num="404" count="75" type="stmt"/>
        <line num="405" count="75" type="stmt"/>
        <line num="412" count="44" type="stmt"/>
        <line num="419" count="2" type="stmt"/>
        <line num="420" count="2" type="stmt"/>
        <line num="427" count="15" type="stmt"/>
        <line num="428" count="15" type="stmt"/>
        <line num="435" count="16" type="stmt"/>
        <line num="439" count="16" type="stmt"/>
        <line num="440" count="16" type="stmt"/>
        <line num="447" count="13" type="stmt"/>
        <line num="448" count="13" type="stmt"/>
        <line num="455" count="8" type="stmt"/>
        <line num="456" count="8" type="stmt"/>
        <line num="457" count="8" type="stmt"/>
        <line num="458" count="8" type="stmt"/>
        <line num="465" count="18" type="stmt"/>
        <line num="466" count="18" type="cond" truecount="2" falsecount="0"/>
        <line num="467" count="2" type="stmt"/>
        <line num="468" count="2" type="stmt"/>
        <line num="470" count="16" type="stmt"/>
        <line num="477" count="4" type="stmt"/>
        <line num="478" count="4" type="stmt"/>
        <line num="485" count="2" type="cond" truecount="2" falsecount="0"/>
        <line num="486" count="1" type="stmt"/>
        <line num="487" count="1" type="stmt"/>
        <line num="489" count="1" type="stmt"/>
        <line num="496" count="5" type="stmt"/>
        <line num="499" count="35" type="stmt"/>
        <line num="500" count="5" type="cond" truecount="2" falsecount="0"/>
        <line num="501" count="3" type="stmt"/>
        <line num="503" count="2" type="stmt"/>
        <line num="510" count="4" type="stmt"/>
        <line num="513" count="4" type="stmt"/>
        <line num="514" count="4" type="cond" truecount="2" falsecount="0"/>
        <line num="515" count="2" type="stmt"/>
        <line num="517" count="2" type="stmt"/>
        <line num="524" count="3" type="stmt"/>
        <line num="525" count="3" type="cond" truecount="2" falsecount="0"/>
        <line num="526" count="2" type="stmt"/>
        <line num="534" count="2" type="stmt"/>
        <line num="535" count="2" type="cond" truecount="2" falsecount="0"/>
        <line num="536" count="1" type="stmt"/>
        <line num="544" count="2" type="stmt"/>
        <line num="545" count="2" type="stmt"/>
        <line num="546" count="2" type="stmt"/>
        <line num="553" count="163" type="stmt"/>
        <line num="554" count="163" type="cond" truecount="1" falsecount="1"/>
        <line num="555" count="0" type="stmt"/>
        <line num="563" count="5" type="stmt"/>
        <line num="564" count="5" type="cond" truecount="2" falsecount="0"/>
        <line num="565" count="4" type="stmt"/>
        <line num="567" count="4" type="cond" truecount="1" falsecount="1"/>
        <line num="568" count="4" type="stmt"/>
        <line num="569" count="0" type="stmt"/>
        <line num="571" count="4" type="stmt"/>
        <line num="573" count="1" type="stmt"/>
        <line num="580" count="2" type="stmt"/>
        <line num="581" count="2" type="stmt"/>
        <line num="582" count="2" type="stmt"/>
        <line num="583" count="2" type="stmt"/>
      </file>
      <file name="constants.ts" path="/Users/mohammadalmechkor/Projects/escp-ts/src/core/constants.ts">
        <metrics statements="17" coveredstatements="17" conditionals="0" coveredconditionals="0" methods="0" coveredmethods="0"/>
        <line num="8" count="10" type="stmt"/>
        <line num="45" count="10" type="stmt"/>
        <line num="136" count="10" type="stmt"/>
        <line num="149" count="10" type="stmt"/>
        <line num="156" count="10" type="stmt"/>
        <line num="165" count="10" type="stmt"/>
        <line num="174" count="10" type="stmt"/>
        <line num="192" count="10" type="stmt"/>
        <line num="211" count="10" type="stmt"/>
        <line num="228" count="10" type="stmt"/>
        <line num="247" count="10" type="stmt"/>
        <line num="256" count="10" type="stmt"/>
        <line num="266" count="10" type="stmt"/>
        <line num="278" count="10" type="stmt"/>
        <line num="287" count="10" type="stmt"/>
        <line num="295" count="10" type="stmt"/>
        <line num="306" count="10" type="stmt"/>
      </file>
      <file name="errors.ts" path="/Users/mohammadalmechkor/Projects/escp-ts/src/core/errors.ts">
        <metrics statements="23" coveredstatements="20" conditionals="2" coveredconditionals="1" methods="6" coveredmethods="5"/>
        <line num="14" count="25" type="stmt"/>
        <line num="16" count="25" type="stmt"/>
        <line num="17" count="25" type="stmt"/>
        <line num="19" count="25" type="cond" truecount="1" falsecount="1"/>
        <line num="20" count="25" type="stmt"/>
        <line num="22" count="25" type="stmt"/>
        <line num="32" count="16" type="stmt"/>
        <line num="33" count="16" type="stmt"/>
        <line num="35" count="16" type="stmt"/>
        <line num="36" count="16" type="stmt"/>
        <line num="47" count="10" type="stmt"/>
        <line num="48" count="10" type="stmt"/>
        <line num="50" count="10" type="stmt"/>
        <line num="55" count="10" type="stmt"/>
        <line num="65" count="7" type="stmt"/>
        <line num="67" count="7" type="stmt"/>
        <line num="68" count="7" type="stmt"/>
        <line num="78" count="2" type="stmt"/>
        <line num="80" count="2" type="stmt"/>
        <line num="81" count="2" type="stmt"/>
        <line num="91" count="0" type="stmt"/>
        <line num="93" count="0" type="stmt"/>
        <line num="94" count="0" type="stmt"/>
      </file>
      <file name="types.ts" path="/Users/mohammadalmechkor/Projects/escp-ts/src/core/types.ts">
        <metrics statements="0" coveredstatements="0" conditionals="0" coveredconditionals="0" methods="0" coveredmethods="0"/>
      </file>
      <file name="validation.ts" path="/Users/mohammadalmechkor/Projects/escp-ts/src/core/validation.ts">
        <metrics statements="19" coveredstatements="17" conditionals="31" coveredconditionals="26" methods="7" coveredmethods="6"/>
        <line num="20" count="59" type="cond" truecount="5" falsecount="0"/>
        <line num="21" count="8" type="stmt"/>
        <line num="35" count="5" type="cond" truecount="5" falsecount="0"/>
        <line num="36" count="2" type="stmt"/>
        <line num="45" count="0" type="cond" truecount="0" falsecount="5"/>
        <line num="46" count="0" type="stmt"/>
        <line num="55" count="10" type="stmt"/>
        <line num="56" count="10" type="cond" truecount="2" falsecount="0"/>
        <line num="57" count="1" type="stmt"/>
        <line num="62" count="9" type="cond" truecount="2" falsecount="0"/>
        <line num="63" count="1" type="stmt"/>
        <line num="76" count="13" type="cond" truecount="4" falsecount="0"/>
        <line num="77" count="4" type="stmt"/>
        <line num="82" count="9" type="cond" truecount="4" falsecount="0"/>
        <line num="83" count="3" type="stmt"/>
        <line num="95" count="16" type="cond" truecount="2" falsecount="0"/>
        <line num="96" count="4" type="stmt"/>
        <line num="113" count="7" type="cond" truecount="2" falsecount="0"/>
        <line num="114" count="2" type="stmt"/>
      </file>
    </package>
    <package name="src.fonts">
      <metrics statements="67" coveredstatements="67" conditionals="42" coveredconditionals="38" methods="8" coveredmethods="8"/>
      <file name="CharacterSet.ts" path="/Users/mohammadalmechkor/Projects/escp-ts/src/fonts/CharacterSet.ts">
        <metrics statements="67" coveredstatements="67" conditionals="42" coveredconditionals="38" methods="8" coveredmethods="8"/>
        <line num="14" count="7" type="stmt"/>
        <line num="121" count="7" type="stmt"/>
        <line num="122" count="896" type="cond" truecount="1" falsecount="1"/>
        <line num="123" count="896" type="stmt"/>
        <line num="131" count="7" type="stmt"/>
        <line num="253" count="29" type="cond" truecount="1" falsecount="1"/>
        <line num="273" count="1152" type="cond" truecount="2" falsecount="0"/>
        <line num="274" count="24" type="stmt"/>
        <line num="277" count="1128" type="stmt"/>
        <line num="280" count="1128" type="cond" truecount="2" falsecount="0"/>
        <line num="281" count="15" type="stmt"/>
        <line num="286" count="1152" type="cond" truecount="2" falsecount="0"/>
        <line num="287" count="10" type="stmt"/>
        <line num="290" count="1152" type="stmt"/>
        <line num="303" count="447" type="stmt"/>
        <line num="304" count="447" type="cond" truecount="4" falsecount="0"/>
        <line num="305" count="14" type="cond" truecount="1" falsecount="1"/>
        <line num="307" count="433" type="stmt"/>
        <line num="321" count="67" type="stmt"/>
        <line num="323" count="67" type="stmt"/>
        <line num="324" count="433" type="stmt"/>
        <line num="327" count="433" type="cond" truecount="2" falsecount="0"/>
        <line num="328" count="432" type="stmt"/>
        <line num="332" count="433" type="stmt"/>
        <line num="335" count="67" type="stmt"/>
        <line num="355" count="294" type="stmt"/>
        <line num="357" count="294" type="stmt"/>
        <line num="358" count="1099" type="stmt"/>
        <line num="359" count="1099" type="stmt"/>
        <line num="360" count="1099" type="stmt"/>
        <line num="364" count="294" type="cond" truecount="2" falsecount="0"/>
        <line num="365" count="288" type="stmt"/>
        <line num="368" count="294" type="stmt"/>
        <line num="390" count="13" type="stmt"/>
        <line num="391" count="13" type="stmt"/>
        <line num="392" count="13" type="stmt"/>
        <line num="393" count="13" type="stmt"/>
        <line num="395" count="13" type="stmt"/>
        <line num="396" count="83" type="stmt"/>
        <line num="405" count="83" type="cond" truecount="2" falsecount="0"/>
        <line num="406" count="68" type="stmt"/>
        <line num="407" count="68" type="stmt"/>
        <line num="408" count="68" type="cond" truecount="2" falsecount="0"/>
        <line num="409" count="67" type="stmt"/>
        <line num="413" count="15" type="cond" truecount="2" falsecount="0"/>
        <line num="414" count="12" type="stmt"/>
        <line num="418" count="15" type="cond" truecount="2" falsecount="0"/>
        <line num="419" count="10" type="stmt"/>
        <line num="420" count="10" type="stmt"/>
        <line num="430" count="5" type="stmt"/>
        <line num="431" count="5" type="stmt"/>
        <line num="432" count="5" type="stmt"/>
        <line num="434" count="5" type="stmt"/>
        <line num="435" count="33" type="stmt"/>
        <line num="443" count="33" type="cond" truecount="2" falsecount="0"/>
        <line num="444" count="27" type="stmt"/>
        <line num="445" count="27" type="stmt"/>
        <line num="447" count="6" type="cond" truecount="1" falsecount="1"/>
        <line num="448" count="6" type="stmt"/>
        <line num="450" count="6" type="stmt"/>
        <line num="451" count="6" type="stmt"/>
        <line num="459" count="13" type="cond" truecount="2" falsecount="0"/>
        <line num="460" count="12" type="stmt"/>
        <line num="463" count="13" type="stmt"/>
        <line num="470" count="13" type="stmt"/>
        <line num="484" count="13" type="cond" truecount="2" falsecount="0"/>
        <line num="491" count="6" type="cond" truecount="2" falsecount="0"/>
      </file>
    </package>
    <package name="src.graphics">
      <metrics statements="190" coveredstatements="180" conditionals="122" coveredconditionals="91" methods="14" coveredmethods="13"/>
      <file name="BitmapConverter.ts" path="/Users/mohammadalmechkor/Projects/escp-ts/src/graphics/BitmapConverter.ts">
        <metrics statements="190" coveredstatements="180" conditionals="122" coveredconditionals="91" methods="14" coveredmethods="13"/>
        <line num="23" count="4" type="stmt"/>
        <line num="77" count="4" type="stmt"/>
        <line num="87" count="4" type="stmt"/>
        <line num="98" count="4" type="stmt"/>
        <line num="99" count="4" type="stmt"/>
        <line num="100" count="64" type="stmt"/>
        <line num="101" count="64" type="cond" truecount="4" falsecount="0"/>
        <line num="103" count="4" type="stmt"/>
        <line num="110" count="2" type="stmt"/>
        <line num="112" count="2" type="stmt"/>
        <line num="113" count="12" type="stmt"/>
        <line num="114" count="80" type="stmt"/>
        <line num="115" count="80" type="stmt"/>
        <line num="116" count="80" type="cond" truecount="1" falsecount="1"/>
        <line num="118" count="80" type="cond" truecount="1" falsecount="1"/>
        <line num="119" count="80" type="stmt"/>
        <line num="120" count="80" type="cond" truecount="2" falsecount="0"/>
        <line num="124" count="2" type="stmt"/>
        <line num="132" count="4" type="stmt"/>
        <line num="133" count="4" type="stmt"/>
        <line num="135" count="4" type="stmt"/>
        <line num="136" count="53" type="stmt"/>
        <line num="137" count="404" type="stmt"/>
        <line num="138" count="404" type="cond" truecount="1" falsecount="1"/>
        <line num="139" count="404" type="cond" truecount="2" falsecount="0"/>
        <line num="140" count="404" type="stmt"/>
        <line num="142" count="404" type="cond" truecount="2" falsecount="0"/>
        <line num="145" count="404" type="cond" truecount="2" falsecount="0"/>
        <line num="146" count="351" type="cond" truecount="1" falsecount="1"/>
        <line num="148" count="404" type="cond" truecount="2" falsecount="0"/>
        <line num="149" count="380" type="cond" truecount="2" falsecount="0"/>
        <line num="150" count="331" type="cond" truecount="1" falsecount="1"/>
        <line num="152" count="380" type="cond" truecount="1" falsecount="1"/>
        <line num="153" count="380" type="cond" truecount="2" falsecount="0"/>
        <line num="154" count="331" type="cond" truecount="1" falsecount="1"/>
        <line num="160" count="4" type="stmt"/>
        <line num="167" count="1" type="stmt"/>
        <line num="168" count="1" type="stmt"/>
        <line num="170" count="1" type="stmt"/>
        <line num="171" count="4" type="stmt"/>
        <line num="172" count="16" type="stmt"/>
        <line num="173" count="16" type="cond" truecount="1" falsecount="1"/>
        <line num="174" count="16" type="cond" truecount="2" falsecount="0"/>
        <line num="175" count="16" type="stmt"/>
        <line num="178" count="16" type="cond" truecount="2" falsecount="0"/>
        <line num="181" count="16" type="cond" truecount="3" falsecount="1"/>
        <line num="182" count="16" type="cond" truecount="3" falsecount="1"/>
        <line num="183" count="16" type="cond" truecount="2" falsecount="0"/>
        <line num="184" count="12" type="cond" truecount="3" falsecount="1"/>
        <line num="185" count="12" type="cond" truecount="1" falsecount="1"/>
        <line num="186" count="12" type="cond" truecount="3" falsecount="1"/>
        <line num="188" count="16" type="cond" truecount="2" falsecount="0"/>
        <line num="189" count="8" type="cond" truecount="1" falsecount="1"/>
        <line num="194" count="1" type="stmt"/>
        <line num="205" count="11" type="cond" truecount="5" falsecount="1"/>
        <line num="208" count="4" type="stmt"/>
        <line num="210" count="2" type="stmt"/>
        <line num="212" count="4" type="stmt"/>
        <line num="214" count="1" type="stmt"/>
        <line num="216" count="0" type="stmt"/>
        <line num="229" count="7" type="stmt"/>
        <line num="231" count="7" type="stmt"/>
        <line num="237" count="7" type="stmt"/>
        <line num="238" count="7" type="stmt"/>
        <line num="240" count="7" type="stmt"/>
        <line num="241" count="13" type="stmt"/>
        <line num="242" count="57" type="stmt"/>
        <line num="243" count="57" type="stmt"/>
        <line num="244" count="57" type="stmt"/>
        <line num="245" count="57" type="stmt"/>
        <line num="246" count="57" type="cond" truecount="1" falsecount="1"/>
        <line num="250" count="3" type="stmt"/>
        <line num="262" count="6" type="stmt"/>
        <line num="264" count="6" type="stmt"/>
        <line num="270" count="6" type="stmt"/>
        <line num="271" count="6" type="stmt"/>
        <line num="273" count="6" type="stmt"/>
        <line num="274" count="29" type="stmt"/>
        <line num="275" count="212" type="stmt"/>
        <line num="276" count="212" type="stmt"/>
        <line num="278" count="212" type="stmt"/>
        <line num="279" count="212" type="stmt"/>
        <line num="280" count="212" type="stmt"/>
        <line num="281" count="212" type="stmt"/>
        <line num="283" count="212" type="stmt"/>
        <line num="284" count="212" type="stmt"/>
        <line num="286" count="212" type="cond" truecount="1" falsecount="1"/>
        <line num="287" count="212" type="cond" truecount="1" falsecount="1"/>
        <line num="288" count="212" type="cond" truecount="1" falsecount="1"/>
        <line num="289" count="212" type="cond" truecount="1" falsecount="1"/>
        <line num="292" count="212" type="stmt"/>
        <line num="297" count="212" type="stmt"/>
        <line num="298" count="212" type="stmt"/>
        <line num="302" count="3" type="stmt"/>
        <line num="315" count="5" type="stmt"/>
        <line num="316" count="5" type="stmt"/>
        <line num="319" count="5" type="stmt"/>
        <line num="320" count="5" type="stmt"/>
        <line num="322" count="5" type="stmt"/>
        <line num="324" count="5" type="stmt"/>
        <line num="325" count="6" type="stmt"/>
        <line num="327" count="6" type="stmt"/>
        <line num="329" count="21" type="stmt"/>
        <line num="330" count="21" type="stmt"/>
        <line num="331" count="21" type="stmt"/>
        <line num="333" count="21" type="stmt"/>
        <line num="334" count="504" type="stmt"/>
        <line num="335" count="504" type="cond" truecount="1" falsecount="1"/>
        <line num="336" count="504" type="stmt"/>
        <line num="337" count="504" type="stmt"/>
        <line num="338" count="504" type="cond" truecount="4" falsecount="0"/>
        <line num="340" count="386" type="cond" truecount="2" falsecount="0"/>
        <line num="341" count="129" type="stmt"/>
        <line num="342" count="257" type="cond" truecount="2" falsecount="0"/>
        <line num="343" count="128" type="stmt"/>
        <line num="345" count="129" type="stmt"/>
        <line num="351" count="21" type="stmt"/>
        <line num="352" count="21" type="stmt"/>
        <line num="353" count="21" type="stmt"/>
        <line num="357" count="5" type="stmt"/>
        <line num="368" count="2" type="stmt"/>
        <line num="369" count="2" type="stmt"/>
        <line num="370" count="2" type="stmt"/>
        <line num="372" count="2" type="stmt"/>
        <line num="374" count="2" type="stmt"/>
        <line num="375" count="2" type="stmt"/>
        <line num="377" count="2" type="stmt"/>
        <line num="378" count="3" type="stmt"/>
        <line num="380" count="3" type="stmt"/>
        <line num="381" count="24" type="stmt"/>
        <line num="382" count="24" type="cond" truecount="1" falsecount="1"/>
        <line num="383" count="24" type="stmt"/>
        <line num="384" count="24" type="stmt"/>
        <line num="385" count="24" type="cond" truecount="4" falsecount="0"/>
        <line num="386" count="2" type="stmt"/>
        <line num="391" count="3" type="stmt"/>
        <line num="395" count="2" type="stmt"/>
        <line num="405" count="2" type="stmt"/>
        <line num="406" count="2" type="stmt"/>
        <line num="408" count="2" type="cond" truecount="1" falsecount="1"/>
        <line num="409" count="0" type="stmt"/>
        <line num="413" count="2" type="stmt"/>
        <line num="414" count="2" type="stmt"/>
        <line num="416" count="2" type="cond" truecount="1" falsecount="1"/>
        <line num="417" count="0" type="stmt"/>
        <line num="418" count="0" type="stmt"/>
        <line num="419" count="0" type="stmt"/>
        <line num="422" count="2" type="cond" truecount="3" falsecount="1"/>
        <line num="423" count="0" type="stmt"/>
        <line num="424" count="0" type="stmt"/>
        <line num="425" count="0" type="stmt"/>
        <line num="429" count="2" type="stmt"/>
        <line num="430" count="2" type="stmt"/>
        <line num="433" count="2" type="stmt"/>
        <line num="434" count="2" type="cond" truecount="4" falsecount="0"/>
        <line num="435" count="1" type="stmt"/>
        <line num="439" count="2" type="stmt"/>
        <line num="442" count="2" type="cond" truecount="1" falsecount="1"/>
        <line num="443" count="0" type="cond" truecount="0" falsecount="2"/>
        <line num="448" count="2" type="cond" truecount="1" falsecount="1"/>
        <line num="452" count="2" type="stmt"/>
        <line num="468" count="2" type="stmt"/>
        <line num="469" count="2" type="cond" truecount="1" falsecount="1"/>
        <line num="470" count="0" type="stmt"/>
        <line num="473" count="2" type="stmt"/>
        <line num="474" count="2" type="stmt"/>
        <line num="475" count="2" type="stmt"/>
        <line num="477" count="2" type="stmt"/>
        <line num="478" count="2" type="stmt"/>
        <line num="479" count="2" type="stmt"/>
        <line num="480" count="2" type="stmt"/>
        <line num="483" count="2" type="stmt"/>
        <line num="484" count="2" type="stmt"/>
        <line num="485" count="32" type="stmt"/>
        <line num="486" count="256" type="cond" truecount="1" falsecount="1"/>
        <line num="490" count="2" type="stmt"/>
        <line num="496" count="2" type="stmt"/>
        <line num="499" count="2" type="stmt"/>
        <line num="506" count="4" type="stmt"/>
        <line num="508" count="4" type="stmt"/>
        <line num="509" count="200" type="stmt"/>
        <line num="511" count="20000" type="stmt"/>
        <line num="515" count="4" type="stmt"/>
        <line num="526" count="3" type="stmt"/>
        <line num="528" count="3" type="stmt"/>
        <line num="529" count="28" type="stmt"/>
        <line num="530" count="336" type="stmt"/>
        <line num="531" count="336" type="stmt"/>
        <line num="532" count="336" type="cond" truecount="2" falsecount="0"/>
        <line num="536" count="3" type="stmt"/>
      </file>
    </package>
    <package name="src.layout">
      <metrics statements="794" coveredstatements="740" conditionals="346" coveredconditionals="291" methods="191" coveredmethods="179"/>
      <file name="LayoutEngine.ts" path="/Users/mohammadalmechkor/Projects/escp-ts/src/layout/LayoutEngine.ts">
        <metrics statements="265" coveredstatements="218" conditionals="63" coveredconditionals="44" methods="69" coveredmethods="59"/>
        <line num="50" count="101" type="stmt"/>
        <line num="51" count="44" type="stmt"/>
        <line num="52" count="44" type="stmt"/>
        <line num="53" count="44" type="stmt"/>
        <line num="54" count="101" type="stmt"/>
        <line num="55" count="101" type="stmt"/>
        <line num="57" count="44" type="stmt"/>
        <line num="63" count="3" type="stmt"/>
        <line num="91" count="3" type="stmt"/>
        <line num="114" count="95" type="stmt"/>
        <line num="115" count="95" type="stmt"/>
        <line num="116" count="95" type="stmt"/>
        <line num="119" count="95" type="stmt"/>
        <line num="120" count="95" type="stmt"/>
        <line num="130" count="51" type="stmt"/>
        <line num="137" count="44" type="stmt"/>
        <line num="144" count="1" type="stmt"/>
        <line num="151" count="161" type="stmt"/>
        <line num="160" count="28" type="stmt"/>
        <line num="161" count="28" type="stmt"/>
        <line num="165" count="28" type="stmt"/>
        <line num="174" count="8" type="cond" truecount="2" falsecount="0"/>
        <line num="175" count="7" type="cond" truecount="2" falsecount="0"/>
        <line num="176" count="4" type="stmt"/>
        <line num="178" count="6" type="cond" truecount="2" falsecount="0"/>
        <line num="179" count="4" type="stmt"/>
        <line num="181" count="5" type="cond" truecount="2" falsecount="0"/>
        <line num="182" count="4" type="stmt"/>
        <line num="184" count="4" type="cond" truecount="1" falsecount="1"/>
        <line num="185" count="4" type="stmt"/>
        <line num="189" count="4" type="stmt"/>
        <line num="190" count="4" type="stmt"/>
        <line num="193" count="4" type="cond" truecount="1" falsecount="1"/>
        <line num="194" count="0" type="stmt"/>
        <line num="195" count="4" type="cond" truecount="1" falsecount="1"/>
        <line num="196" count="0" type="stmt"/>
        <line num="200" count="4" type="cond" truecount="2" falsecount="0"/>
        <line num="202" count="3" type="stmt"/>
        <line num="203" count="3" type="stmt"/>
        <line num="206" count="3" type="stmt"/>
        <line num="207" count="3" type="stmt"/>
        <line num="210" count="4" type="stmt"/>
        <line num="219" count="4" type="stmt"/>
        <line num="220" count="4" type="stmt"/>
        <line num="221" count="4" type="stmt"/>
        <line num="228" count="1" type="stmt"/>
        <line num="229" count="1" type="stmt"/>
        <line num="230" count="1" type="stmt"/>
        <line num="237" count="1" type="stmt"/>
        <line num="238" count="1" type="stmt"/>
        <line num="239" count="1" type="stmt"/>
        <line num="246" count="2" type="stmt"/>
        <line num="247" count="2" type="stmt"/>
        <line num="248" count="2" type="stmt"/>
        <line num="255" count="1" type="stmt"/>
        <line num="256" count="1" type="stmt"/>
        <line num="266" count="7" type="stmt"/>
        <line num="268" count="7" type="cond" truecount="3" falsecount="2"/>
        <line num="270" count="1" type="stmt"/>
        <line num="271" count="1" type="stmt"/>
        <line num="273" count="3" type="stmt"/>
        <line num="274" count="3" type="stmt"/>
        <line num="276" count="1" type="stmt"/>
        <line num="277" count="1" type="stmt"/>
        <line num="281" count="0" type="cond" truecount="0" falsecount="2"/>
        <line num="282" count="0" type="stmt"/>
        <line num="283" count="0" type="stmt"/>
        <line num="284" count="0" type="stmt"/>
        <line num="287" count="5" type="stmt"/>
        <line num="288" count="5" type="stmt"/>
        <line num="295" count="1" type="stmt"/>
        <line num="296" count="1" type="stmt"/>
        <line num="297" count="1" type="stmt"/>
        <line num="304" count="1" type="stmt"/>
        <line num="305" count="1" type="stmt"/>
        <line num="306" count="1" type="stmt"/>
        <line num="313" count="0" type="cond" truecount="0" falsecount="2"/>
        <line num="314" count="0" type="cond" truecount="0" falsecount="2"/>
        <line num="315" count="0" type="stmt"/>
        <line num="317" count="0" type="stmt"/>
        <line num="321" count="0" type="stmt"/>
        <line num="322" count="0" type="stmt"/>
        <line num="323" count="0" type="stmt"/>
        <line num="324" count="0" type="stmt"/>
        <line num="333" count="9" type="cond" truecount="2" falsecount="0"/>
        <line num="334" count="9" type="stmt"/>
        <line num="335" count="9" type="stmt"/>
        <line num="342" count="1" type="cond" truecount="1" falsecount="1"/>
        <line num="343" count="1" type="stmt"/>
        <line num="344" count="1" type="stmt"/>
        <line num="351" count="3" type="stmt"/>
        <line num="352" count="3" type="stmt"/>
        <line num="353" count="3" type="stmt"/>
        <line num="360" count="1" type="cond" truecount="1" falsecount="1"/>
        <line num="361" count="1" type="stmt"/>
        <line num="362" count="1" type="stmt"/>
        <line num="369" count="1" type="stmt"/>
        <line num="370" count="1" type="stmt"/>
        <line num="371" count="1" type="stmt"/>
        <line num="378" count="1" type="stmt"/>
        <line num="379" count="1" type="stmt"/>
        <line num="380" count="1" type="stmt"/>
        <line num="387" count="1" type="cond" truecount="1" falsecount="1"/>
        <line num="388" count="1" type="stmt"/>
        <line num="389" count="1" type="stmt"/>
        <line num="396" count="1" type="stmt"/>
        <line num="397" count="1" type="stmt"/>
        <line num="398" count="1" type="stmt"/>
        <line num="405" count="1" type="cond" truecount="1" falsecount="1"/>
        <line num="406" count="1" type="stmt"/>
        <line num="407" count="1" type="stmt"/>
        <line num="409" count="0" type="stmt"/>
        <line num="410" count="0" type="stmt"/>
        <line num="412" count="1" type="stmt"/>
        <line num="419" count="1" type="cond" truecount="1" falsecount="1"/>
        <line num="420" count="1" type="stmt"/>
        <line num="421" count="1" type="stmt"/>
        <line num="423" count="0" type="stmt"/>
        <line num="424" count="0" type="stmt"/>
        <line num="426" count="1" type="stmt"/>
        <line num="433" count="1" type="stmt"/>
        <line num="434" count="1" type="stmt"/>
        <line num="435" count="1" type="stmt"/>
        <line num="444" count="0" type="stmt"/>
        <line num="445" count="0" type="stmt"/>
        <line num="446" count="0" type="stmt"/>
        <line num="453" count="0" type="stmt"/>
        <line num="454" count="0" type="stmt"/>
        <line num="455" count="0" type="stmt"/>
        <line num="462" count="0" type="stmt"/>
        <line num="463" count="0" type="stmt"/>
        <line num="464" count="0" type="stmt"/>
        <line num="473" count="7" type="stmt"/>
        <line num="474" count="7" type="stmt"/>
        <line num="475" count="7" type="stmt"/>
        <line num="482" count="2" type="stmt"/>
        <line num="489" count="2" type="stmt"/>
        <line num="496" count="1" type="stmt"/>
        <line num="503" count="1" type="stmt"/>
        <line num="512" count="4" type="stmt"/>
        <line num="514" count="4" type="stmt"/>
        <line num="515" count="4" type="stmt"/>
        <line num="516" count="4" type="stmt"/>
        <line num="517" count="4" type="stmt"/>
        <line num="524" count="0" type="stmt"/>
        <line num="525" count="0" type="stmt"/>
        <line num="526" count="0" type="stmt"/>
        <line num="534" count="0" type="stmt"/>
        <line num="535" count="0" type="stmt"/>
        <line num="536" count="0" type="stmt"/>
        <line num="537" count="0" type="stmt"/>
        <line num="544" count="1" type="stmt"/>
        <line num="545" count="1" type="stmt"/>
        <line num="546" count="1" type="stmt"/>
        <line num="553" count="1" type="stmt"/>
        <line num="554" count="1" type="stmt"/>
        <line num="555" count="1" type="stmt"/>
        <line num="562" count="11" type="stmt"/>
        <line num="563" count="11" type="stmt"/>
        <line num="564" count="11" type="stmt"/>
        <line num="565" count="11" type="stmt"/>
        <line num="572" count="4" type="stmt"/>
        <line num="573" count="4" type="stmt"/>
        <line num="576" count="4" type="stmt"/>
        <line num="577" count="4" type="stmt"/>
        <line num="585" count="4" type="stmt"/>
        <line num="587" count="4" type="stmt"/>
        <line num="594" count="0" type="stmt"/>
        <line num="595" count="0" type="stmt"/>
        <line num="596" count="0" type="stmt"/>
        <line num="603" count="1" type="stmt"/>
        <line num="604" count="1" type="stmt"/>
        <line num="605" count="1" type="stmt"/>
        <line num="612" count="0" type="stmt"/>
        <line num="613" count="0" type="stmt"/>
        <line num="614" count="0" type="stmt"/>
        <line num="621" count="0" type="stmt"/>
        <line num="622" count="0" type="stmt"/>
        <line num="623" count="0" type="stmt"/>
        <line num="630" count="0" type="stmt"/>
        <line num="631" count="0" type="stmt"/>
        <line num="632" count="0" type="stmt"/>
        <line num="641" count="21" type="stmt"/>
        <line num="644" count="21" type="stmt"/>
        <line num="645" count="21" type="stmt"/>
        <line num="648" count="21" type="stmt"/>
        <line num="656" count="21" type="stmt"/>
        <line num="659" count="21" type="stmt"/>
        <line num="668" count="21" type="stmt"/>
        <line num="675" count="7" type="cond" truecount="2" falsecount="0"/>
        <line num="676" count="6" type="stmt"/>
        <line num="678" count="7" type="stmt"/>
        <line num="685" count="2" type="stmt"/>
        <line num="686" count="2" type="stmt"/>
        <line num="688" count="2" type="stmt"/>
        <line num="698" count="2" type="stmt"/>
        <line num="699" count="3" type="stmt"/>
        <line num="700" count="3" type="cond" truecount="1" falsecount="1"/>
        <line num="701" count="3" type="stmt"/>
        <line num="702" count="3" type="cond" truecount="2" falsecount="0"/>
        <line num="703" count="1" type="stmt"/>
        <line num="708" count="2" type="stmt"/>
        <line num="715" count="2" type="stmt"/>
        <line num="716" count="2" type="stmt"/>
        <line num="725" count="2" type="stmt"/>
        <line num="726" count="2" type="stmt"/>
        <line num="728" count="2" type="stmt"/>
        <line num="735" count="2" type="stmt"/>
        <line num="736" count="2" type="stmt"/>
        <line num="745" count="2" type="stmt"/>
        <line num="746" count="2" type="stmt"/>
        <line num="755" count="5" type="stmt"/>
        <line num="756" count="5" type="cond" truecount="2" falsecount="0"/>
        <line num="757" count="1" type="stmt"/>
        <line num="761" count="4" type="stmt"/>
        <line num="764" count="4" type="stmt"/>
        <line num="766" count="4" type="stmt"/>
        <line num="776" count="3" type="stmt"/>
        <line num="779" count="3" type="cond" truecount="2" falsecount="0"/>
        <line num="780" count="3" type="stmt"/>
        <line num="782" count="3" type="cond" truecount="2" falsecount="0"/>
        <line num="783" count="1" type="stmt"/>
        <line num="787" count="2" type="stmt"/>
        <line num="788" count="2" type="stmt"/>
        <line num="791" count="2" type="stmt"/>
        <line num="797" count="2" type="stmt"/>
        <line num="798" count="2" type="stmt"/>
        <line num="800" count="2" type="stmt"/>
        <line num="801" count="2" type="stmt"/>
        <line num="802" count="2" type="stmt"/>
        <line num="806" count="2" type="stmt"/>
        <line num="808" count="2" type="stmt"/>
        <line num="817" count="3" type="stmt"/>
        <line num="826" count="3" type="stmt"/>
        <line num="827" count="3" type="stmt"/>
        <line num="836" count="5" type="stmt"/>
        <line num="837" count="5" type="stmt"/>
        <line num="838" count="5" type="stmt"/>
        <line num="845" count="3" type="stmt"/>
        <line num="846" count="3" type="stmt"/>
        <line num="853" count="5" type="cond" truecount="2" falsecount="0"/>
        <line num="854" count="5" type="stmt"/>
        <line num="861" count="3" type="stmt"/>
        <line num="862" count="3" type="stmt"/>
        <line num="889" count="5" type="stmt"/>
        <line num="892" count="5" type="stmt"/>
        <line num="910" count="5" type="stmt"/>
        <line num="913" count="5" type="stmt"/>
        <line num="922" count="5" type="stmt"/>
        <line num="932" count="5" type="stmt"/>
        <line num="935" count="5" type="stmt"/>
        <line num="937" count="5" type="stmt"/>
        <line num="956" count="1" type="stmt"/>
        <line num="974" count="1" type="stmt"/>
        <line num="993" count="1" type="stmt"/>
        <line num="1002" count="3" type="stmt"/>
        <line num="1003" count="3" type="stmt"/>
        <line num="1015" count="2" type="cond" truecount="2" falsecount="0"/>
        <line num="1016" count="1" type="stmt"/>
        <line num="1019" count="2" type="stmt"/>
        <line num="1026" count="2" type="stmt"/>
        <line num="1033" count="1" type="stmt"/>
        <line num="1035" count="1" type="cond" truecount="1" falsecount="1"/>
        <line num="1036" count="1" type="stmt"/>
        <line num="1038" count="0" type="stmt"/>
      </file>
      <file name="builders.ts" path="/Users/mohammadalmechkor/Projects/escp-ts/src/layout/builders.ts">
        <metrics statements="152" coveredstatements="150" conditionals="38" coveredconditionals="38" methods="63" coveredmethods="61"/>
        <line num="69" count="60" type="stmt"/>
        <line num="79" count="4" type="stmt"/>
        <line num="80" count="4" type="stmt"/>
        <line num="85" count="5" type="stmt"/>
        <line num="86" count="5" type="stmt"/>
        <line num="91" count="4" type="stmt"/>
        <line num="92" count="4" type="stmt"/>
        <line num="97" count="1" type="stmt"/>
        <line num="98" count="1" type="stmt"/>
        <line num="103" count="4" type="stmt"/>
        <line num="104" count="4" type="stmt"/>
        <line num="109" count="1" type="stmt"/>
        <line num="110" count="1" type="stmt"/>
        <line num="115" count="3" type="stmt"/>
        <line num="116" count="3" type="stmt"/>
        <line num="123" count="3" type="stmt"/>
        <line num="124" count="3" type="stmt"/>
        <line num="129" count="1" type="stmt"/>
        <line num="130" count="1" type="stmt"/>
        <line num="135" count="1" type="stmt"/>
        <line num="136" count="1" type="stmt"/>
        <line num="141" count="1" type="stmt"/>
        <line num="142" count="1" type="stmt"/>
        <line num="147" count="1" type="stmt"/>
        <line num="148" count="1" type="stmt"/>
        <line num="153" count="2" type="stmt"/>
        <line num="154" count="2" type="stmt"/>
        <line num="161" count="62" type="stmt"/>
        <line num="166" count="62" type="stmt"/>
        <line num="167" count="62" type="stmt"/>
        <line num="172" count="5" type="stmt"/>
        <line num="176" count="5" type="stmt"/>
        <line num="177" count="5" type="stmt"/>
        <line num="182" count="4" type="stmt"/>
        <line num="188" count="4" type="stmt"/>
        <line num="189" count="4" type="stmt"/>
        <line num="194" count="12" type="cond" truecount="5" falsecount="0"/>
        <line num="195" count="11" type="stmt"/>
        <line num="197" count="1" type="stmt"/>
        <line num="199" count="12" type="stmt"/>
        <line num="204" count="0" type="stmt"/>
        <line num="209" count="1" type="stmt"/>
        <line num="210" count="1" type="stmt"/>
        <line num="211" count="1" type="stmt"/>
        <line num="212" count="1" type="stmt"/>
        <line num="217" count="1" type="stmt"/>
        <line num="218" count="1" type="stmt"/>
        <line num="219" count="1" type="stmt"/>
        <line num="220" count="1" type="stmt"/>
        <line num="225" count="1" type="stmt"/>
        <line num="226" count="1" type="stmt"/>
        <line num="227" count="1" type="stmt"/>
        <line num="228" count="1" type="stmt"/>
        <line num="233" count="59" type="stmt"/>
        <line num="254" count="45" type="stmt"/>
        <line num="263" count="6" type="stmt"/>
        <line num="264" count="6" type="stmt"/>
        <line num="269" count="10" type="stmt"/>
        <line num="270" count="10" type="stmt"/>
        <line num="275" count="2" type="stmt"/>
        <line num="276" count="2" type="stmt"/>
        <line num="281" count="2" type="stmt"/>
        <line num="282" count="2" type="stmt"/>
        <line num="287" count="2" type="stmt"/>
        <line num="288" count="2" type="stmt"/>
        <line num="293" count="2" type="stmt"/>
        <line num="294" count="2" type="stmt"/>
        <line num="301" count="1" type="stmt"/>
        <line num="302" count="1" type="stmt"/>
        <line num="307" count="1" type="stmt"/>
        <line num="308" count="1" type="stmt"/>
        <line num="313" count="1" type="stmt"/>
        <line num="314" count="1" type="stmt"/>
        <line num="319" count="1" type="stmt"/>
        <line num="320" count="1" type="stmt"/>
        <line num="325" count="1" type="stmt"/>
        <line num="326" count="1" type="stmt"/>
        <line num="331" count="1" type="stmt"/>
        <line num="332" count="1" type="stmt"/>
        <line num="339" count="53" type="stmt"/>
        <line num="344" count="53" type="stmt"/>
        <line num="345" count="53" type="stmt"/>
        <line num="350" count="2" type="stmt"/>
        <line num="355" count="2" type="stmt"/>
        <line num="356" count="2" type="stmt"/>
        <line num="361" count="3" type="cond" truecount="5" falsecount="0"/>
        <line num="362" count="2" type="stmt"/>
        <line num="364" count="1" type="stmt"/>
        <line num="366" count="3" type="stmt"/>
        <line num="371" count="0" type="stmt"/>
        <line num="376" count="1" type="stmt"/>
        <line num="377" count="1" type="stmt"/>
        <line num="378" count="1" type="stmt"/>
        <line num="379" count="1" type="stmt"/>
        <line num="384" count="1" type="stmt"/>
        <line num="385" count="1" type="stmt"/>
        <line num="386" count="1" type="stmt"/>
        <line num="387" count="1" type="stmt"/>
        <line num="392" count="1" type="stmt"/>
        <line num="393" count="1" type="stmt"/>
        <line num="394" count="1" type="stmt"/>
        <line num="395" count="1" type="stmt"/>
        <line num="400" count="44" type="stmt"/>
        <line num="423" count="41" type="stmt"/>
        <line num="424" count="41" type="stmt"/>
        <line num="425" count="41" type="stmt"/>
        <line num="428" count="41" type="stmt"/>
        <line num="439" count="3" type="stmt"/>
        <line num="440" count="3" type="stmt"/>
        <line num="445" count="3" type="stmt"/>
        <line num="446" count="3" type="stmt"/>
        <line num="451" count="1" type="stmt"/>
        <line num="452" count="1" type="stmt"/>
        <line num="457" count="1" type="stmt"/>
        <line num="458" count="1" type="stmt"/>
        <line num="463" count="2" type="stmt"/>
        <line num="464" count="2" type="stmt"/>
        <line num="471" count="1" type="stmt"/>
        <line num="472" count="1" type="stmt"/>
        <line num="477" count="1" type="stmt"/>
        <line num="478" count="1" type="stmt"/>
        <line num="483" count="1" type="stmt"/>
        <line num="484" count="1" type="stmt"/>
        <line num="489" count="1" type="stmt"/>
        <line num="490" count="1" type="stmt"/>
        <line num="499" count="72" type="cond" truecount="2" falsecount="0"/>
        <line num="500" count="70" type="stmt"/>
        <line num="506" count="2" type="cond" truecount="5" falsecount="0"/>
        <line num="507" count="1" type="stmt"/>
        <line num="509" count="1" type="stmt"/>
        <line num="512" count="72" type="stmt"/>
        <line num="513" count="72" type="stmt"/>
        <line num="518" count="43" type="cond" truecount="2" falsecount="0"/>
        <line num="519" count="41" type="stmt"/>
        <line num="525" count="41" type="stmt"/>
        <line num="526" count="41" type="stmt"/>
        <line num="527" count="41" type="stmt"/>
        <line num="528" count="41" type="stmt"/>
        <line num="530" count="43" type="stmt"/>
        <line num="535" count="2" type="stmt"/>
        <line num="536" count="2" type="stmt"/>
        <line num="541" count="1" type="stmt"/>
        <line num="542" count="1" type="stmt"/>
        <line num="548" count="40" type="cond" truecount="2" falsecount="0"/>
        <line num="549" count="1" type="stmt"/>
        <line num="551" count="40" type="stmt"/>
        <line num="570" count="58" type="stmt"/>
        <line num="586" count="43" type="stmt"/>
        <line num="602" count="39" type="stmt"/>
        <line num="614" count="33" type="stmt"/>
        <line num="631" count="6" type="stmt"/>
        <line num="649" count="10" type="stmt"/>
      </file>
      <file name="layout.ts" path="/Users/mohammadalmechkor/Projects/escp-ts/src/layout/layout.ts">
        <metrics statements="135" coveredstatements="133" conditionals="57" coveredconditionals="43" methods="23" coveredmethods="23"/>
        <line num="68" count="166" type="cond" truecount="3" falsecount="1"/>
        <line num="70" count="3" type="stmt"/>
        <line num="72" count="3" type="stmt"/>
        <line num="75" count="160" type="stmt"/>
        <line num="87" count="54" type="cond" truecount="3" falsecount="1"/>
        <line num="89" count="1" type="stmt"/>
        <line num="91" count="0" type="stmt"/>
        <line num="94" count="53" type="stmt"/>
        <line num="107" count="30" type="stmt"/>
        <line num="108" count="17" type="stmt"/>
        <line num="109" count="17" type="stmt"/>
        <line num="110" count="17" type="stmt"/>
        <line num="112" count="17" type="cond" truecount="6" falsecount="0"/>
        <line num="114" count="1" type="stmt"/>
        <line num="115" count="1" type="stmt"/>
        <line num="116" count="1" type="stmt"/>
        <line num="117" count="1" type="stmt"/>
        <line num="119" count="1" type="stmt"/>
        <line num="123" count="1" type="stmt"/>
        <line num="124" count="1" type="stmt"/>
        <line num="125" count="1" type="stmt"/>
        <line num="126" count="1" type="stmt"/>
        <line num="128" count="1" type="stmt"/>
        <line num="132" count="2" type="cond" truecount="2" falsecount="0"/>
        <line num="133" count="1" type="stmt"/>
        <line num="135" count="1" type="stmt"/>
        <line num="136" count="1" type="stmt"/>
        <line num="137" count="1" type="stmt"/>
        <line num="138" count="2" type="stmt"/>
        <line num="139" count="2" type="stmt"/>
        <line num="142" count="2" type="stmt"/>
        <line num="146" count="1" type="stmt"/>
        <line num="147" count="1" type="stmt"/>
        <line num="148" count="1" type="stmt"/>
        <line num="149" count="2" type="stmt"/>
        <line num="150" count="2" type="stmt"/>
        <line num="152" count="1" type="stmt"/>
        <line num="157" count="12" type="stmt"/>
        <line num="158" count="12" type="stmt"/>
        <line num="159" count="23" type="stmt"/>
        <line num="160" count="23" type="stmt"/>
        <line num="162" count="12" type="stmt"/>
        <line num="166" count="17" type="stmt"/>
        <line num="178" count="107" type="stmt"/>
        <line num="179" count="107" type="cond" truecount="2" falsecount="0"/>
        <line num="181" count="107" type="stmt"/>
        <line num="183" count="107" type="stmt"/>
        <line num="201" count="3" type="stmt"/>
        <line num="219" count="5" type="stmt"/>
        <line num="237" count="22" type="stmt"/>
        <line num="238" count="22" type="cond" truecount="1" falsecount="1"/>
        <line num="239" count="22" type="cond" truecount="2" falsecount="0"/>
        <line num="240" count="22" type="stmt"/>
        <line num="243" count="22" type="stmt"/>
        <line num="244" count="22" type="stmt"/>
        <line num="245" count="22" type="stmt"/>
        <line num="246" count="22" type="stmt"/>
        <line num="248" count="22" type="stmt"/>
        <line num="250" count="22" type="cond" truecount="2" falsecount="0"/>
        <line num="252" count="21" type="stmt"/>
        <line num="254" count="21" type="stmt"/>
        <line num="256" count="37" type="stmt"/>
        <line num="258" count="37" type="stmt"/>
        <line num="265" count="37" type="stmt"/>
        <line num="266" count="37" type="stmt"/>
        <line num="270" count="1" type="stmt"/>
        <line num="272" count="1" type="stmt"/>
        <line num="274" count="2" type="stmt"/>
        <line num="276" count="2" type="stmt"/>
        <line num="283" count="2" type="stmt"/>
        <line num="284" count="2" type="stmt"/>
        <line num="288" count="22" type="stmt"/>
        <line num="306" count="17" type="stmt"/>
        <line num="307" count="17" type="cond" truecount="2" falsecount="0"/>
        <line num="308" count="17" type="stmt"/>
        <line num="309" count="17" type="stmt"/>
        <line num="310" count="17" type="stmt"/>
        <line num="313" count="17" type="stmt"/>
        <line num="314" count="17" type="stmt"/>
        <line num="315" count="17" type="stmt"/>
        <line num="316" count="17" type="stmt"/>
        <line num="319" count="30" type="stmt"/>
        <line num="322" count="17" type="stmt"/>
        <line num="329" count="17" type="stmt"/>
        <line num="331" count="17" type="stmt"/>
        <line num="333" count="30" type="stmt"/>
        <line num="334" count="30" type="cond" truecount="1" falsecount="1"/>
        <line num="336" count="30" type="stmt"/>
        <line num="343" count="30" type="stmt"/>
        <line num="346" count="17" type="stmt"/>
        <line num="364" count="10" type="stmt"/>
        <line num="365" count="10" type="cond" truecount="2" falsecount="0"/>
        <line num="366" count="10" type="cond" truecount="2" falsecount="0"/>
        <line num="367" count="10" type="stmt"/>
        <line num="368" count="10" type="cond" truecount="1" falsecount="1"/>
        <line num="369" count="10" type="cond" truecount="1" falsecount="1"/>
        <line num="372" count="10" type="stmt"/>
        <line num="373" count="10" type="stmt"/>
        <line num="376" count="10" type="stmt"/>
        <line num="377" count="10" type="stmt"/>
        <line num="378" count="10" type="stmt"/>
        <line num="379" count="17" type="stmt"/>
        <line num="380" count="17" type="stmt"/>
        <line num="384" count="10" type="stmt"/>
        <line num="385" count="10" type="stmt"/>
        <line num="386" count="10" type="stmt"/>
        <line num="387" count="13" type="stmt"/>
        <line num="388" count="13" type="stmt"/>
        <line num="392" count="10" type="stmt"/>
        <line num="393" count="10" type="stmt"/>
        <line num="395" count="10" type="stmt"/>
        <line num="396" count="13" type="stmt"/>
        <line num="397" count="22" type="cond" truecount="1" falsecount="1"/>
        <line num="399" count="22" type="stmt"/>
        <line num="400" count="22" type="cond" truecount="1" falsecount="1"/>
        <line num="402" count="22" type="cond" truecount="1" falsecount="1"/>
        <line num="403" count="22" type="cond" truecount="1" falsecount="1"/>
        <line num="406" count="22" type="cond" truecount="1" falsecount="1"/>
        <line num="409" count="22" type="stmt"/>
        <line num="410" count="22" type="stmt"/>
        <line num="412" count="22" type="cond" truecount="1" falsecount="1"/>
        <line num="413" count="22" type="cond" truecount="1" falsecount="1"/>
        <line num="415" count="22" type="stmt"/>
        <line num="422" count="22" type="stmt"/>
        <line num="423" count="22" type="stmt"/>
        <line num="427" count="10" type="stmt"/>
        <line num="451" count="164" type="cond" truecount="6" falsecount="1"/>
        <line num="453" count="107" type="stmt"/>
        <line num="456" count="3" type="stmt"/>
        <line num="459" count="5" type="stmt"/>
        <line num="462" count="22" type="stmt"/>
        <line num="465" count="17" type="stmt"/>
        <line num="468" count="10" type="stmt"/>
        <line num="472" count="0" type="stmt"/>
        <line num="501" count="42" type="stmt"/>
      </file>
      <file name="measure.ts" path="/Users/mohammadalmechkor/Projects/escp-ts/src/layout/measure.ts">
        <metrics statements="139" coveredstatements="136" conditionals="89" coveredconditionals="75" methods="18" coveredmethods="18"/>
        <line num="45" count="6" type="stmt"/>
        <line num="87" count="164" type="stmt"/>
        <line num="88" count="164" type="cond" truecount="2" falsecount="0"/>
        <line num="89" count="2" type="stmt"/>
        <line num="91" count="164" type="stmt"/>
        <line num="98" count="157" type="stmt"/>
        <line num="112" count="57" type="cond" truecount="4" falsecount="0"/>
        <line num="113" count="53" type="stmt"/>
        <line num="115" count="4" type="cond" truecount="2" falsecount="0"/>
        <line num="116" count="3" type="stmt"/>
        <line num="118" count="1" type="stmt"/>
        <line num="131" count="157" type="stmt"/>
        <line num="132" count="157" type="stmt"/>
        <line num="134" count="157" type="stmt"/>
        <line num="135" count="157" type="stmt"/>
        <line num="137" count="157" type="stmt"/>
        <line num="153" count="5" type="cond" truecount="2" falsecount="0"/>
        <line num="154" count="5" type="cond" truecount="2" falsecount="0"/>
        <line num="156" count="5" type="stmt"/>
        <line num="176" count="7" type="stmt"/>
        <line num="177" count="7" type="stmt"/>
        <line num="179" count="7" type="stmt"/>
        <line num="188" count="7" type="cond" truecount="4" falsecount="0"/>
        <line num="189" count="4" type="stmt"/>
        <line num="191" count="3" type="stmt"/>
        <line num="194" count="7" type="stmt"/>
        <line num="196" count="7" type="stmt"/>
        <line num="216" count="34" type="stmt"/>
        <line num="217" count="34" type="stmt"/>
        <line num="218" count="34" type="cond" truecount="2" falsecount="0"/>
        <line num="219" count="34" type="cond" truecount="1" falsecount="1"/>
        <line num="222" count="34" type="stmt"/>
        <line num="229" count="34" type="stmt"/>
        <line num="230" count="57" type="stmt"/>
        <line num="234" count="34" type="stmt"/>
        <line num="235" count="34" type="stmt"/>
        <line num="237" count="34" type="cond" truecount="2" falsecount="0"/>
        <line num="239" count="32" type="stmt"/>
        <line num="240" count="53" type="stmt"/>
        <line num="241" count="53" type="stmt"/>
        <line num="242" count="53" type="cond" truecount="2" falsecount="0"/>
        <line num="243" count="24" type="stmt"/>
        <line num="248" count="2" type="stmt"/>
        <line num="249" count="4" type="stmt"/>
        <line num="250" count="4" type="stmt"/>
        <line num="251" count="4" type="cond" truecount="2" falsecount="0"/>
        <line num="252" count="2" type="stmt"/>
        <line num="258" count="34" type="stmt"/>
        <line num="259" count="34" type="cond" truecount="2" falsecount="0"/>
        <line num="265" count="34" type="stmt"/>
        <line num="285" count="23" type="stmt"/>
        <line num="286" count="23" type="stmt"/>
        <line num="287" count="23" type="cond" truecount="2" falsecount="0"/>
        <line num="290" count="23" type="stmt"/>
        <line num="297" count="23" type="stmt"/>
        <line num="298" count="38" type="stmt"/>
        <line num="302" count="23" type="stmt"/>
        <line num="303" count="23" type="stmt"/>
        <line num="305" count="23" type="stmt"/>
        <line num="306" count="38" type="stmt"/>
        <line num="307" count="38" type="stmt"/>
        <line num="308" count="38" type="cond" truecount="2" falsecount="0"/>
        <line num="309" count="16" type="stmt"/>
        <line num="314" count="23" type="stmt"/>
        <line num="315" count="23" type="cond" truecount="2" falsecount="0"/>
        <line num="321" count="23" type="stmt"/>
        <line num="341" count="20" type="stmt"/>
        <line num="342" count="20" type="stmt"/>
        <line num="343" count="20" type="cond" truecount="2" falsecount="0"/>
        <line num="344" count="20" type="cond" truecount="2" falsecount="0"/>
        <line num="345" count="20" type="stmt"/>
        <line num="348" count="20" type="stmt"/>
        <line num="349" count="20" type="stmt"/>
        <line num="351" count="20" type="stmt"/>
        <line num="352" count="24" type="stmt"/>
        <line num="353" count="24" type="stmt"/>
        <line num="358" count="24" type="stmt"/>
        <line num="359" count="24" type="cond" truecount="2" falsecount="0"/>
        <line num="360" count="43" type="stmt"/>
        <line num="361" count="43" type="cond" truecount="1" falsecount="1"/>
        <line num="362" count="43" type="stmt"/>
        <line num="363" count="43" type="stmt"/>
        <line num="366" count="43" type="cond" truecount="1" falsecount="1"/>
        <line num="367" count="43" type="stmt"/>
        <line num="369" count="24" type="stmt"/>
        <line num="373" count="20" type="stmt"/>
        <line num="374" count="20" type="stmt"/>
        <line num="376" count="20" type="stmt"/>
        <line num="383" count="20" type="stmt"/>
        <line num="384" count="20" type="stmt"/>
        <line num="385" count="24" type="stmt"/>
        <line num="386" count="24" type="cond" truecount="1" falsecount="1"/>
        <line num="388" count="24" type="stmt"/>
        <line num="390" count="24" type="stmt"/>
        <line num="391" count="43" type="stmt"/>
        <line num="395" count="24" type="stmt"/>
        <line num="396" count="24" type="cond" truecount="4" falsecount="0"/>
        <line num="397" count="1" type="stmt"/>
        <line num="400" count="24" type="stmt"/>
        <line num="404" count="37" type="stmt"/>
        <line num="405" count="24" type="stmt"/>
        <line num="408" count="20" type="stmt"/>
        <line num="410" count="20" type="stmt"/>
        <line num="432" count="20" type="stmt"/>
        <line num="433" count="20" type="stmt"/>
        <line num="436" count="20" type="stmt"/>
        <line num="437" count="20" type="stmt"/>
        <line num="438" count="20" type="stmt"/>
        <line num="440" count="20" type="stmt"/>
        <line num="441" count="37" type="stmt"/>
        <line num="442" count="37" type="cond" truecount="2" falsecount="0"/>
        <line num="443" count="34" type="stmt"/>
        <line num="444" count="34" type="stmt"/>
        <line num="445" count="3" type="cond" truecount="2" falsecount="0"/>
        <line num="446" count="2" type="stmt"/>
        <line num="447" count="1" type="cond" truecount="1" falsecount="1"/>
        <line num="448" count="1" type="stmt"/>
        <line num="453" count="20" type="stmt"/>
        <line num="454" count="2" type="cond" truecount="1" falsecount="1"/>
        <line num="455" count="2" type="stmt"/>
        <line num="456" count="2" type="stmt"/>
        <line num="460" count="20" type="stmt"/>
        <line num="461" count="20" type="cond" truecount="4" falsecount="0"/>
        <line num="462" count="1" type="stmt"/>
        <line num="463" count="1" type="stmt"/>
        <line num="464" count="1" type="cond" truecount="1" falsecount="1"/>
        <line num="465" count="1" type="stmt"/>
        <line num="467" count="19" type="cond" truecount="1" falsecount="1"/>
        <line num="469" count="0" type="stmt"/>
        <line num="470" count="0" type="cond" truecount="0" falsecount="2"/>
        <line num="474" count="20" type="stmt"/>
        <line num="492" count="246" type="cond" truecount="6" falsecount="1"/>
        <line num="494" count="157" type="stmt"/>
        <line num="497" count="5" type="stmt"/>
        <line num="500" count="7" type="stmt"/>
        <line num="503" count="34" type="stmt"/>
        <line num="506" count="23" type="stmt"/>
        <line num="509" count="20" type="stmt"/>
        <line num="513" count="0" type="stmt"/>
      </file>
      <file name="nodes.ts" path="/Users/mohammadalmechkor/Projects/escp-ts/src/layout/nodes.ts">
        <metrics statements="10" coveredstatements="10" conditionals="31" coveredconditionals="30" methods="5" coveredmethods="5"/>
        <line num="110" count="7" type="stmt"/>
        <line num="257" count="6" type="cond" truecount="3" falsecount="0"/>
        <line num="264" count="3" type="stmt"/>
        <line num="271" count="2" type="stmt"/>
        <line num="280" count="246" type="cond" truecount="2" falsecount="0"/>
        <line num="281" count="237" type="stmt"/>
        <line num="283" count="9" type="cond" truecount="2" falsecount="0"/>
        <line num="284" count="5" type="stmt"/>
        <line num="286" count="4" type="stmt"/>
        <line num="298" count="269" type="stmt"/>
      </file>
      <file name="renderer.ts" path="/Users/mohammadalmechkor/Projects/escp-ts/src/layout/renderer.ts">
        <metrics statements="93" coveredstatements="93" conditionals="68" coveredconditionals="61" methods="13" coveredmethods="13"/>
        <line num="51" count="40" type="stmt"/>
        <line num="52" count="40" type="stmt"/>
        <line num="53" count="40" type="stmt"/>
        <line num="60" count="80" type="stmt"/>
        <line num="62" count="80" type="cond" truecount="6" falsecount="0"/>
        <line num="64" count="55" type="stmt"/>
        <line num="65" count="55" type="stmt"/>
        <line num="74" count="55" type="stmt"/>
        <line num="78" count="4" type="stmt"/>
        <line num="79" count="4" type="cond" truecount="3" falsecount="1"/>
        <line num="80" count="4" type="stmt"/>
        <line num="89" count="4" type="stmt"/>
        <line num="96" count="19" type="stmt"/>
        <line num="97" count="40" type="stmt"/>
        <line num="99" count="19" type="stmt"/>
        <line num="103" count="2" type="stmt"/>
        <line num="112" count="35" type="stmt"/>
        <line num="114" count="26" type="cond" truecount="2" falsecount="0"/>
        <line num="115" count="14" type="stmt"/>
        <line num="118" count="12" type="stmt"/>
        <line num="160" count="112" type="stmt"/>
        <line num="167" count="40" type="cond" truecount="2" falsecount="0"/>
        <line num="171" count="33" type="stmt"/>
        <line num="172" count="33" type="stmt"/>
        <line num="173" count="33" type="stmt"/>
        <line num="181" count="40" type="cond" truecount="2" falsecount="0"/>
        <line num="183" count="28" type="stmt"/>
        <line num="186" count="28" type="stmt"/>
        <line num="188" count="28" type="cond" truecount="1" falsecount="1"/>
        <line num="189" count="28" type="stmt"/>
        <line num="190" count="28" type="stmt"/>
        <line num="201" count="40" type="cond" truecount="2" falsecount="0"/>
        <line num="202" count="2" type="cond" truecount="2" falsecount="0"/>
        <line num="206" count="40" type="cond" truecount="2" falsecount="0"/>
        <line num="207" count="1" type="cond" truecount="1" falsecount="1"/>
        <line num="211" count="40" type="cond" truecount="2" falsecount="0"/>
        <line num="212" count="1" type="stmt"/>
        <line num="216" count="40" type="cond" truecount="2" falsecount="0"/>
        <line num="217" count="1" type="cond" truecount="1" falsecount="1"/>
        <line num="221" count="40" type="cond" truecount="2" falsecount="0"/>
        <line num="222" count="1" type="stmt"/>
        <line num="226" count="40" type="cond" truecount="2" falsecount="0"/>
        <line num="227" count="1" type="stmt"/>
        <line num="231" count="40" type="cond" truecount="2" falsecount="0"/>
        <line num="232" count="1" type="cond" truecount="1" falsecount="1"/>
        <line num="236" count="40" type="cond" truecount="2" falsecount="0"/>
        <line num="237" count="3" type="cond" truecount="3" falsecount="0"/>
        <line num="239" count="1" type="stmt"/>
        <line num="240" count="1" type="stmt"/>
        <line num="242" count="1" type="stmt"/>
        <line num="243" count="1" type="stmt"/>
        <line num="245" count="1" type="stmt"/>
        <line num="246" count="1" type="stmt"/>
        <line num="250" count="40" type="stmt"/>
        <line num="257" count="39" type="cond" truecount="1" falsecount="1"/>
        <line num="260" count="39" type="stmt"/>
        <line num="261" count="39" type="stmt"/>
        <line num="264" count="39" type="stmt"/>
        <line num="267" count="39" type="stmt"/>
        <line num="268" count="39" type="stmt"/>
        <line num="271" count="39" type="stmt"/>
        <line num="278" count="1" type="cond" truecount="1" falsecount="1"/>
        <line num="281" count="1" type="stmt"/>
        <line num="282" count="1" type="stmt"/>
        <line num="285" count="1" type="stmt"/>
        <line num="288" count="1" type="stmt"/>
        <line num="289" count="1" type="stmt"/>
        <line num="292" count="1" type="stmt"/>
        <line num="293" count="1" type="stmt"/>
        <line num="294" count="1" type="stmt"/>
        <line num="297" count="1" type="stmt"/>
        <line num="304" count="112" type="stmt"/>
        <line num="305" count="29" type="stmt"/>
        <line num="306" count="29" type="stmt"/>
        <line num="307" count="29" type="stmt"/>
        <line num="308" count="112" type="stmt"/>
        <line num="309" count="112" type="stmt"/>
        <line num="311" count="29" type="stmt"/>
        <line num="337" count="4" type="stmt"/>
        <line num="360" count="29" type="stmt"/>
        <line num="363" count="29" type="stmt"/>
        <line num="367" count="29" type="stmt"/>
        <line num="379" count="29" type="stmt"/>
        <line num="380" count="40" type="cond" truecount="2" falsecount="0"/>
        <line num="382" count="39" type="stmt"/>
        <line num="383" count="39" type="stmt"/>
        <line num="385" count="1" type="stmt"/>
        <line num="386" count="1" type="stmt"/>
        <line num="391" count="29" type="stmt"/>
        <line num="392" count="29" type="stmt"/>
        <line num="393" count="29" type="cond" truecount="2" falsecount="0"/>
        <line num="394" count="28" type="stmt"/>
        <line num="397" count="29" type="stmt"/>
      </file>
    </package>
    <package name="src.renderer">
      <metrics statements="197" coveredstatements="196" conditionals="152" coveredconditionals="112" methods="15" coveredmethods="15"/>
      <file name="VirtualRenderer.ts" path="/Users/mohammadalmechkor/Projects/escp-ts/src/renderer/VirtualRenderer.ts">
        <metrics statements="197" coveredstatements="196" conditionals="152" coveredconditionals="112" methods="15" coveredmethods="15"/>
        <line num="46" count="2" type="stmt"/>
        <line num="59" count="2" type="stmt"/>
        <line num="165" count="2" type="stmt"/>
        <line num="166" count="188" type="cond" truecount="1" falsecount="1"/>
        <line num="167" count="0" type="stmt"/>
        <line num="178" count="55" type="stmt"/>
        <line num="179" count="55" type="stmt"/>
        <line num="185" count="55" type="stmt"/>
        <line num="186" count="55" type="stmt"/>
        <line num="187" count="55" type="stmt"/>
        <line num="194" count="65" type="stmt"/>
        <line num="197" count="65" type="stmt"/>
        <line num="201" count="65" type="stmt"/>
        <line num="209" count="65" type="cond" truecount="2" falsecount="0"/>
        <line num="210" count="1" type="stmt"/>
        <line num="218" count="1" type="cond" truecount="1" falsecount="1"/>
        <line num="220" count="1" type="stmt"/>
        <line num="221" count="1" type="stmt"/>
        <line num="224" count="1" type="stmt"/>
        <line num="225" count="1" type="stmt"/>
        <line num="226" count="1" type="stmt"/>
        <line num="227" count="1" type="stmt"/>
        <line num="230" count="1" type="stmt"/>
        <line num="231" count="3060" type="cond" truecount="3" falsecount="1"/>
        <line num="232" count="3060" type="cond" truecount="3" falsecount="1"/>
        <line num="236" count="1" type="stmt"/>
        <line num="237" count="3960" type="cond" truecount="3" falsecount="1"/>
        <line num="238" count="3960" type="cond" truecount="3" falsecount="1"/>
        <line num="246" count="161" type="stmt"/>
        <line num="256" count="66942" type="cond" truecount="1" falsecount="1"/>
        <line num="257" count="66942" type="stmt"/>
        <line num="259" count="66942" type="cond" truecount="5" falsecount="1"/>
        <line num="260" count="66942" type="stmt"/>
        <line num="268" count="153" type="cond" truecount="1" falsecount="1"/>
        <line num="269" count="153" type="stmt"/>
        <line num="272" count="153" type="cond" truecount="1" falsecount="1"/>
        <line num="276" count="153" type="stmt"/>
        <line num="277" count="153" type="stmt"/>
        <line num="279" count="153" type="cond" truecount="1" falsecount="1"/>
        <line num="282" count="153" type="stmt"/>
        <line num="283" count="2448" type="cond" truecount="1" falsecount="1"/>
        <line num="284" count="2448" type="stmt"/>
        <line num="285" count="19584" type="cond" truecount="2" falsecount="0"/>
        <line num="287" count="3875" type="stmt"/>
        <line num="288" count="3875" type="stmt"/>
        <line num="289" count="3875" type="stmt"/>
        <line num="290" count="3875" type="stmt"/>
        <line num="293" count="3875" type="stmt"/>
        <line num="294" count="14173" type="stmt"/>
        <line num="295" count="62577" type="stmt"/>
        <line num="303" count="153" type="cond" truecount="2" falsecount="0"/>
        <line num="304" count="10" type="stmt"/>
        <line num="305" count="160" type="cond" truecount="1" falsecount="1"/>
        <line num="306" count="160" type="stmt"/>
        <line num="307" count="1280" type="cond" truecount="2" falsecount="0"/>
        <line num="308" count="262" type="stmt"/>
        <line num="309" count="262" type="stmt"/>
        <line num="310" count="262" type="stmt"/>
        <line num="311" count="262" type="stmt"/>
        <line num="313" count="262" type="stmt"/>
        <line num="314" count="952" type="stmt"/>
        <line num="315" count="3919" type="stmt"/>
        <line num="324" count="153" type="cond" truecount="2" falsecount="0"/>
        <line num="325" count="14" type="stmt"/>
        <line num="326" count="14" type="stmt"/>
        <line num="327" count="14" type="stmt"/>
        <line num="328" count="438" type="stmt"/>
        <line num="332" count="153" type="stmt"/>
        <line num="339" count="25" type="stmt"/>
        <line num="340" count="109" type="stmt"/>
        <line num="341" count="109" type="stmt"/>
        <line num="342" count="109" type="stmt"/>
        <line num="350" count="4" type="stmt"/>
        <line num="357" count="143" type="stmt"/>
        <line num="361" count="143" type="stmt"/>
        <line num="364" count="143" type="stmt"/>
        <line num="365" count="143" type="cond" truecount="2" falsecount="0"/>
        <line num="366" count="1" type="stmt"/>
        <line num="374" count="8" type="cond" truecount="1" falsecount="1"/>
        <line num="375" count="8" type="stmt"/>
        <line num="377" count="8" type="stmt"/>
        <line num="378" count="8" type="stmt"/>
        <line num="379" count="8" type="stmt"/>
        <line num="386" count="1" type="stmt"/>
        <line num="387" count="1" type="cond" truecount="1" falsecount="1"/>
        <line num="389" count="1" type="stmt"/>
        <line num="391" count="1" type="stmt"/>
        <line num="392" count="1" type="cond" truecount="2" falsecount="0"/>
        <line num="393" count="1" type="cond" truecount="2" falsecount="0"/>
        <line num="394" count="1" type="cond" truecount="1" falsecount="1"/>
        <line num="395" count="1" type="stmt"/>
        <line num="396" count="8" type="cond" truecount="1" falsecount="1"/>
        <line num="397" count="8" type="stmt"/>
        <line num="398" count="8" type="stmt"/>
        <line num="399" count="8" type="stmt"/>
        <line num="401" count="8" type="stmt"/>
        <line num="402" count="8" type="stmt"/>
        <line num="408" count="1" type="stmt"/>
        <line num="415" count="27" type="stmt"/>
        <line num="417" count="27" type="stmt"/>
        <line num="418" count="86" type="stmt"/>
        <line num="419" count="86" type="cond" truecount="1" falsecount="1"/>
        <line num="421" count="86" type="cond" truecount="4" falsecount="0"/>
        <line num="422" count="29" type="stmt"/>
        <line num="423" count="29" type="stmt"/>
        <line num="425" count="29" type="cond" truecount="20" falsecount="0"/>
        <line num="427" count="3" type="stmt"/>
        <line num="428" count="3" type="stmt"/>
        <line num="431" count="1" type="stmt"/>
        <line num="432" count="1" type="stmt"/>
        <line num="435" count="1" type="stmt"/>
        <line num="436" count="1" type="stmt"/>
        <line num="439" count="1" type="cond" truecount="1" falsecount="1"/>
        <line num="440" count="1" type="cond" truecount="1" falsecount="1"/>
        <line num="441" count="1" type="stmt"/>
        <line num="443" count="1" type="stmt"/>
        <line num="446" count="1" type="cond" truecount="1" falsecount="1"/>
        <line num="447" count="1" type="cond" truecount="1" falsecount="1"/>
        <line num="448" count="1" type="stmt"/>
        <line num="450" count="1" type="stmt"/>
        <line num="453" count="4" type="stmt"/>
        <line num="454" count="4" type="stmt"/>
        <line num="457" count="2" type="stmt"/>
        <line num="458" count="2" type="stmt"/>
        <line num="461" count="1" type="stmt"/>
        <line num="462" count="1" type="stmt"/>
        <line num="465" count="1" type="stmt"/>
        <line num="466" count="1" type="stmt"/>
        <line num="469" count="3" type="cond" truecount="1" falsecount="1"/>
        <line num="470" count="3" type="cond" truecount="1" falsecount="1"/>
        <line num="471" count="3" type="stmt"/>
        <line num="473" count="3" type="stmt"/>
        <line num="476" count="1" type="cond" truecount="1" falsecount="1"/>
        <line num="477" count="1" type="cond" truecount="1" falsecount="1"/>
        <line num="478" count="1" type="stmt"/>
        <line num="480" count="1" type="stmt"/>
        <line num="483" count="1" type="cond" truecount="1" falsecount="1"/>
        <line num="484" count="1" type="cond" truecount="1" falsecount="1"/>
        <line num="485" count="1" type="stmt"/>
        <line num="487" count="1" type="stmt"/>
        <line num="490" count="1" type="stmt"/>
        <line num="491" count="1" type="stmt"/>
        <line num="494" count="2" type="stmt"/>
        <line num="495" count="2" type="stmt"/>
        <line num="498" count="1" type="stmt"/>
        <line num="499" count="1" type="stmt"/>
        <line num="502" count="1" type="cond" truecount="1" falsecount="1"/>
        <line num="503" count="1" type="cond" truecount="1" falsecount="1"/>
        <line num="504" count="1" type="stmt"/>
        <line num="506" count="1" type="stmt"/>
        <line num="509" count="1" type="cond" truecount="1" falsecount="1"/>
        <line num="510" count="1" type="cond" truecount="1" falsecount="1"/>
        <line num="511" count="1" type="cond" truecount="1" falsecount="1"/>
        <line num="512" count="1" type="stmt"/>
        <line num="513" count="1" type="stmt"/>
        <line num="515" count="1" type="stmt"/>
        <line num="518" count="1" type="cond" truecount="1" falsecount="1"/>
        <line num="519" count="1" type="cond" truecount="1" falsecount="1"/>
        <line num="520" count="1" type="stmt"/>
        <line num="522" count="1" type="stmt"/>
        <line num="525" count="1" type="cond" truecount="1" falsecount="1"/>
        <line num="526" count="1" type="stmt"/>
        <line num="527" count="1" type="cond" truecount="1" falsecount="1"/>
        <line num="528" count="1" type="cond" truecount="1" falsecount="1"/>
        <line num="529" count="1" type="stmt"/>
        <line num="530" count="1" type="stmt"/>
        <line num="531" count="1" type="cond" truecount="1" falsecount="1"/>
        <line num="532" count="1" type="stmt"/>
        <line num="533" count="1" type="cond" truecount="1" falsecount="1"/>
        <line num="534" count="1" type="stmt"/>
        <line num="535" count="1" type="stmt"/>
        <line num="536" count="1" type="stmt"/>
        <line num="540" count="1" type="stmt"/>
        <line num="544" count="1" type="stmt"/>
        <line num="546" count="57" type="cond" truecount="2" falsecount="0"/>
        <line num="547" count="3" type="stmt"/>
        <line num="548" count="3" type="stmt"/>
        <line num="549" count="54" type="cond" truecount="2" falsecount="0"/>
        <line num="550" count="3" type="stmt"/>
        <line num="551" count="3" type="stmt"/>
        <line num="552" count="51" type="cond" truecount="2" falsecount="0"/>
        <line num="553" count="2" type="stmt"/>
        <line num="554" count="2" type="stmt"/>
        <line num="555" count="49" type="cond" truecount="4" falsecount="0"/>
        <line num="557" count="44" type="stmt"/>
        <line num="558" count="44" type="stmt"/>
        <line num="559" count="44" type="stmt"/>
        <line num="562" count="5" type="stmt"/>
        <line num="572" count="52" type="stmt"/>
        <line num="573" count="52" type="cond" truecount="4" falsecount="0"/>
        <line num="574" count="44" type="stmt"/>
        <line num="576" count="52" type="stmt"/>
        <line num="583" count="44" type="stmt"/>
        <line num="584" count="44" type="cond" truecount="2" falsecount="0"/>
        <line num="591" count="2" type="stmt"/>
        <line num="592" count="2" type="stmt"/>
        <line num="593" count="2" type="stmt"/>
      </file>
    </package>
  </project>
</coverage>
