{"/Users/mohammadalmechkor/Projects/escp-ts/src/index.ts": {"path":"/Users/mohammadalmechkor/Projects/escp-ts/src/index.ts","statementMap":{},"fnMap":{},"branchMap":{},"s":{},"f":{},"b":{},"meta":{"lastBranch":0,"lastFunction":0,"lastStatement":0,"seen":{}}}
,"/Users/mohammadalmechkor/Projects/escp-ts/src/commands/CommandBuilder.ts": {"path":"/Users/mohammadalmechkor/Projects/escp-ts/src/commands/CommandBuilder.ts","statementMap":{"0":{"start":{"line":25,"column":2},"end":{"line":25,"column":null}},"1":{"start":{"line":32,"column":22},"end":{"line":32,"column":null}},"2":{"start":{"line":32,"column":50},"end":{"line":32,"column":68}},"3":{"start":{"line":33,"column":17},"end":{"line":33,"column":null}},"4":{"start":{"line":34,"column":15},"end":{"line":34,"column":null}},"5":{"start":{"line":35,"column":2},"end":{"line":38,"column":null}},"6":{"start":{"line":36,"column":4},"end":{"line":36,"column":null}},"7":{"start":{"line":37,"column":4},"end":{"line":37,"column":null}},"8":{"start":{"line":39,"column":2},"end":{"line":39,"column":null}},"9":{"start":{"line":46,"column":18},"end":{"line":46,"column":null}},"10":{"start":{"line":47,"column":2},"end":{"line":47,"column":null}},"11":{"start":{"line":54,"column":18},"end":{"line":54,"column":null}},"12":{"start":{"line":55,"column":2},"end":{"line":60,"column":null}},"13":{"start":{"line":74,"column":4},"end":{"line":74,"column":null}},"14":{"start":{"line":82,"column":4},"end":{"line":82,"column":null}},"15":{"start":{"line":91,"column":4},"end":{"line":91,"column":null}},"16":{"start":{"line":98,"column":4},"end":{"line":98,"column":null}},"17":{"start":{"line":105,"column":4},"end":{"line":105,"column":null}},"18":{"start":{"line":114,"column":4},"end":{"line":114,"column":null}},"19":{"start":{"line":115,"column":4},"end":{"line":115,"column":null}},"20":{"start":{"line":124,"column":4},"end":{"line":124,"column":null}},"21":{"start":{"line":125,"column":4},"end":{"line":125,"column":null}},"22":{"start":{"line":134,"column":4},"end":{"line":134,"column":null}},"23":{"start":{"line":135,"column":4},"end":{"line":135,"column":null}},"24":{"start":{"line":145,"column":17},"end":{"line":145,"column":null}},"25":{"start":{"line":146,"column":4},"end":{"line":148,"column":null}},"26":{"start":{"line":147,"column":6},"end":{"line":147,"column":null}},"27":{"start":{"line":150,"column":17},"end":{"line":150,"column":null}},"28":{"start":{"line":151,"column":4},"end":{"line":153,"column":null}},"29":{"start":{"line":152,"column":6},"end":{"line":152,"column":null}},"30":{"start":{"line":155,"column":16},"end":{"line":155,"column":null}},"31":{"start":{"line":156,"column":4},"end":{"line":156,"column":null}},"32":{"start":{"line":167,"column":21},"end":{"line":167,"column":null}},"33":{"start":{"line":168,"column":4},"end":{"line":168,"column":null}},"34":{"start":{"line":177,"column":18},"end":{"line":177,"column":null}},"35":{"start":{"line":178,"column":21},"end":{"line":178,"column":null}},"36":{"start":{"line":179,"column":4},"end":{"line":179,"column":null}},"37":{"start":{"line":187,"column":29},"end":{"line":187,"column":null}},"38":{"start":{"line":188,"column":4},"end":{"line":198,"column":null}},"39":{"start":{"line":207,"column":18},"end":{"line":207,"column":null}},"40":{"start":{"line":208,"column":29},"end":{"line":208,"column":null}},"41":{"start":{"line":209,"column":4},"end":{"line":219,"column":null}},"42":{"start":{"line":228,"column":4},"end":{"line":228,"column":null}},"43":{"start":{"line":229,"column":4},"end":{"line":229,"column":null}},"44":{"start":{"line":237,"column":21},"end":{"line":237,"column":null}},"45":{"start":{"line":238,"column":4},"end":{"line":238,"column":null}},"46":{"start":{"line":245,"column":4},"end":{"line":245,"column":null}},"47":{"start":{"line":252,"column":4},"end":{"line":252,"column":null}},"48":{"start":{"line":259,"column":4},"end":{"line":259,"column":null}},"49":{"start":{"line":270,"column":4},"end":{"line":270,"column":null}},"50":{"start":{"line":271,"column":4},"end":{"line":271,"column":null}},"51":{"start":{"line":280,"column":4},"end":{"line":280,"column":null}},"52":{"start":{"line":281,"column":4},"end":{"line":281,"column":null}},"53":{"start":{"line":289,"column":29},"end":{"line":289,"column":null}},"54":{"start":{"line":290,"column":4},"end":{"line":300,"column":null}},"55":{"start":{"line":309,"column":21},"end":{"line":309,"column":null}},"56":{"start":{"line":310,"column":21},"end":{"line":310,"column":null}},"57":{"start":{"line":311,"column":4},"end":{"line":321,"column":null}},"58":{"start":{"line":330,"column":4},"end":{"line":330,"column":null}},"59":{"start":{"line":331,"column":4},"end":{"line":331,"column":null}},"60":{"start":{"line":338,"column":4},"end":{"line":338,"column":null}},"61":{"start":{"line":347,"column":4},"end":{"line":347,"column":null}},"62":{"start":{"line":348,"column":4},"end":{"line":348,"column":null}},"63":{"start":{"line":357,"column":4},"end":{"line":357,"column":null}},"64":{"start":{"line":358,"column":4},"end":{"line":358,"column":null}},"65":{"start":{"line":368,"column":19},"end":{"line":368,"column":null}},"66":{"start":{"line":368,"column":49},"end":{"line":368,"column":54}},"67":{"start":{"line":369,"column":4},"end":{"line":369,"column":null}},"68":{"start":{"line":377,"column":19},"end":{"line":377,"column":null}},"69":{"start":{"line":377,"column":49},"end":{"line":377,"column":54}},"70":{"start":{"line":378,"column":4},"end":{"line":378,"column":null}},"71":{"start":{"line":385,"column":4},"end":{"line":385,"column":null}},"72":{"start":{"line":392,"column":4},"end":{"line":392,"column":null}},"73":{"start":{"line":403,"column":4},"end":{"line":403,"column":null}},"74":{"start":{"line":404,"column":4},"end":{"line":411,"column":null}},"75":{"start":{"line":418,"column":4},"end":{"line":429,"column":null}},"76":{"start":{"line":439,"column":12},"end":{"line":439,"column":null}},"77":{"start":{"line":440,"column":4},"end":{"line":440,"column":null}},"78":{"start":{"line":440,"column":45},"end":{"line":440,"column":null}},"79":{"start":{"line":441,"column":4},"end":{"line":441,"column":null}},"80":{"start":{"line":441,"column":28},"end":{"line":441,"column":null}},"81":{"start":{"line":442,"column":4},"end":{"line":442,"column":null}},"82":{"start":{"line":442,"column":25},"end":{"line":442,"column":null}},"83":{"start":{"line":443,"column":4},"end":{"line":443,"column":null}},"84":{"start":{"line":443,"column":20},"end":{"line":443,"column":null}},"85":{"start":{"line":444,"column":4},"end":{"line":444,"column":null}},"86":{"start":{"line":444,"column":28},"end":{"line":444,"column":null}},"87":{"start":{"line":445,"column":4},"end":{"line":445,"column":null}},"88":{"start":{"line":445,"column":27},"end":{"line":445,"column":null}},"89":{"start":{"line":446,"column":4},"end":{"line":446,"column":null}},"90":{"start":{"line":446,"column":22},"end":{"line":446,"column":null}},"91":{"start":{"line":447,"column":4},"end":{"line":447,"column":null}},"92":{"start":{"line":447,"column":25},"end":{"line":447,"column":null}},"93":{"start":{"line":448,"column":4},"end":{"line":448,"column":null}},"94":{"start":{"line":455,"column":4},"end":{"line":455,"column":null}},"95":{"start":{"line":462,"column":4},"end":{"line":462,"column":null}},"96":{"start":{"line":469,"column":4},"end":{"line":469,"column":null}},"97":{"start":{"line":476,"column":4},"end":{"line":476,"column":null}},"98":{"start":{"line":483,"column":4},"end":{"line":483,"column":null}},"99":{"start":{"line":491,"column":4},"end":{"line":491,"column":null}},"100":{"start":{"line":500,"column":21},"end":{"line":500,"column":null}},"101":{"start":{"line":501,"column":4},"end":{"line":501,"column":null}},"102":{"start":{"line":509,"column":4},"end":{"line":509,"column":null}},"103":{"start":{"line":517,"column":4},"end":{"line":517,"column":null}},"104":{"start":{"line":526,"column":4},"end":{"line":526,"column":null}},"105":{"start":{"line":533,"column":4},"end":{"line":533,"column":null}},"106":{"start":{"line":540,"column":4},"end":{"line":540,"column":null}},"107":{"start":{"line":547,"column":4},"end":{"line":547,"column":null}},"108":{"start":{"line":555,"column":4},"end":{"line":555,"column":null}},"109":{"start":{"line":563,"column":4},"end":{"line":572,"column":null}},"110":{"start":{"line":579,"column":4},"end":{"line":579,"column":null}},"111":{"start":{"line":586,"column":4},"end":{"line":586,"column":null}},"112":{"start":{"line":594,"column":4},"end":{"line":594,"column":null}},"113":{"start":{"line":601,"column":4},"end":{"line":601,"column":null}},"114":{"start":{"line":611,"column":4},"end":{"line":611,"column":null}},"115":{"start":{"line":618,"column":4},"end":{"line":618,"column":null}},"116":{"start":{"line":625,"column":4},"end":{"line":625,"column":null}},"117":{"start":{"line":633,"column":4},"end":{"line":633,"column":null}},"118":{"start":{"line":642,"column":4},"end":{"line":642,"column":null}},"119":{"start":{"line":643,"column":4},"end":{"line":643,"column":null}},"120":{"start":{"line":653,"column":4},"end":{"line":653,"column":null}},"121":{"start":{"line":662,"column":4},"end":{"line":671,"column":null}},"122":{"start":{"line":679,"column":4},"end":{"line":679,"column":null}},"123":{"start":{"line":686,"column":4},"end":{"line":686,"column":null}},"124":{"start":{"line":693,"column":4},"end":{"line":693,"column":null}},"125":{"start":{"line":703,"column":4},"end":{"line":703,"column":null}},"126":{"start":{"line":713,"column":4},"end":{"line":713,"column":null}},"127":{"start":{"line":725,"column":21},"end":{"line":725,"column":null}},"128":{"start":{"line":726,"column":4},"end":{"line":729,"column":null}},"129":{"start":{"line":736,"column":21},"end":{"line":736,"column":null}},"130":{"start":{"line":737,"column":4},"end":{"line":737,"column":null}},"131":{"start":{"line":744,"column":21},"end":{"line":744,"column":null}},"132":{"start":{"line":745,"column":4},"end":{"line":745,"column":null}},"133":{"start":{"line":752,"column":21},"end":{"line":752,"column":null}},"134":{"start":{"line":753,"column":4},"end":{"line":753,"column":null}},"135":{"start":{"line":760,"column":21},"end":{"line":760,"column":null}},"136":{"start":{"line":761,"column":4},"end":{"line":761,"column":null}},"137":{"start":{"line":771,"column":4},"end":{"line":771,"column":null}},"138":{"start":{"line":780,"column":4},"end":{"line":780,"column":null}},"139":{"start":{"line":789,"column":4},"end":{"line":789,"column":null}},"140":{"start":{"line":797,"column":4},"end":{"line":797,"column":null}},"141":{"start":{"line":811,"column":19},"end":{"line":811,"column":null}},"142":{"start":{"line":812,"column":23},"end":{"line":812,"column":null}},"143":{"start":{"line":812,"column":43},"end":{"line":812,"column":80}},"144":{"start":{"line":813,"column":4},"end":{"line":813,"column":null}},"145":{"start":{"line":823,"column":4},"end":{"line":823,"column":null}},"146":{"start":{"line":830,"column":4},"end":{"line":830,"column":null}},"147":{"start":{"line":837,"column":4},"end":{"line":837,"column":null}},"148":{"start":{"line":844,"column":4},"end":{"line":844,"column":null}},"149":{"start":{"line":851,"column":4},"end":{"line":851,"column":null}},"150":{"start":{"line":858,"column":4},"end":{"line":858,"column":null}},"151":{"start":{"line":865,"column":4},"end":{"line":865,"column":null}},"152":{"start":{"line":873,"column":4},"end":{"line":873,"column":null}},"153":{"start":{"line":880,"column":4},"end":{"line":880,"column":null}},"154":{"start":{"line":891,"column":22},"end":{"line":891,"column":null}},"155":{"start":{"line":892,"column":22},"end":{"line":892,"column":null}},"156":{"start":{"line":893,"column":23},"end":{"line":893,"column":null}},"157":{"start":{"line":895,"column":4},"end":{"line":910,"column":null}},"158":{"start":{"line":922,"column":19},"end":{"line":922,"column":null}},"159":{"start":{"line":923,"column":4},"end":{"line":927,"column":null}},"160":{"start":{"line":923,"column":17},"end":{"line":923,"column":20}},"161":{"start":{"line":924,"column":19},"end":{"line":924,"column":null}},"162":{"start":{"line":926,"column":6},"end":{"line":926,"column":null}},"163":{"start":{"line":928,"column":4},"end":{"line":928,"column":null}},"164":{"start":{"line":937,"column":22},"end":{"line":937,"column":null}},"165":{"start":{"line":938,"column":4},"end":{"line":940,"column":null}},"166":{"start":{"line":939,"column":6},"end":{"line":939,"column":null}},"167":{"start":{"line":941,"column":4},"end":{"line":941,"column":null}},"168":{"start":{"line":950,"column":4},"end":{"line":950,"column":null}},"169":{"start":{"line":951,"column":18},"end":{"line":951,"column":null}},"170":{"start":{"line":952,"column":19},"end":{"line":952,"column":null}},"171":{"start":{"line":953,"column":4},"end":{"line":955,"column":null}},"172":{"start":{"line":953,"column":17},"end":{"line":953,"column":20}},"173":{"start":{"line":954,"column":6},"end":{"line":954,"column":null}},"174":{"start":{"line":956,"column":4},"end":{"line":956,"column":null}},"175":{"start":{"line":965,"column":4},"end":{"line":967,"column":null}},"176":{"start":{"line":966,"column":18},"end":{"line":966,"column":63}}},"fnMap":{"0":{"name":"bytes","decl":{"start":{"line":24,"column":9},"end":{"line":24,"column":18}},"loc":{"start":{"line":24,"column":48},"end":{"line":26,"column":null}},"line":24},"1":{"name":"concat","decl":{"start":{"line":31,"column":9},"end":{"line":31,"column":19}},"loc":{"start":{"line":31,"column":53},"end":{"line":40,"column":null}},"line":31},"2":{"name":"(anonymous_2)","decl":{"start":{"line":32,"column":36},"end":{"line":32,"column":37}},"loc":{"start":{"line":32,"column":50},"end":{"line":32,"column":68}},"line":32},"3":{"name":"toLowHigh","decl":{"start":{"line":45,"column":9},"end":{"line":45,"column":19}},"loc":{"start":{"line":45,"column":52},"end":{"line":48,"column":null}},"line":45},"4":{"name":"to32BitLE","decl":{"start":{"line":53,"column":9},"end":{"line":53,"column":19}},"loc":{"start":{"line":53,"column":68},"end":{"line":61,"column":null}},"line":53},"5":{"name":"(anonymous_5)","decl":{"start":{"line":73,"column":9},"end":{"line":73,"column":34}},"loc":{"start":{"line":73,"column":34},"end":{"line":75,"column":null}},"line":73},"6":{"name":"(anonymous_6)","decl":{"start":{"line":81,"column":9},"end":{"line":81,"column":22}},"loc":{"start":{"line":81,"column":50},"end":{"line":83,"column":null}},"line":81},"7":{"name":"(anonymous_7)","decl":{"start":{"line":90,"column":9},"end":{"line":90,"column":38}},"loc":{"start":{"line":90,"column":38},"end":{"line":92,"column":null}},"line":90},"8":{"name":"(anonymous_8)","decl":{"start":{"line":97,"column":9},"end":{"line":97,"column":39}},"loc":{"start":{"line":97,"column":39},"end":{"line":99,"column":null}},"line":97},"9":{"name":"(anonymous_9)","decl":{"start":{"line":104,"column":9},"end":{"line":104,"column":38}},"loc":{"start":{"line":104,"column":38},"end":{"line":106,"column":null}},"line":104},"10":{"name":"(anonymous_10)","decl":{"start":{"line":113,"column":9},"end":{"line":113,"column":25}},"loc":{"start":{"line":113,"column":48},"end":{"line":116,"column":null}},"line":113},"11":{"name":"(anonymous_11)","decl":{"start":{"line":123,"column":9},"end":{"line":123,"column":24}},"loc":{"start":{"line":123,"column":47},"end":{"line":126,"column":null}},"line":123},"12":{"name":"(anonymous_12)","decl":{"start":{"line":133,"column":9},"end":{"line":133,"column":25}},"loc":{"start":{"line":133,"column":48},"end":{"line":136,"column":null}},"line":133},"13":{"name":"(anonymous_13)","decl":{"start":{"line":143,"column":9},"end":{"line":143,"column":30}},"loc":{"start":{"line":143,"column":58},"end":{"line":157,"column":null}},"line":143},"14":{"name":"(anonymous_14)","decl":{"start":{"line":166,"column":9},"end":{"line":166,"column":36}},"loc":{"start":{"line":166,"column":66},"end":{"line":169,"column":null}},"line":166},"15":{"name":"(anonymous_15)","decl":{"start":{"line":175,"column":9},"end":{"line":175,"column":36}},"loc":{"start":{"line":175,"column":64},"end":{"line":180,"column":null}},"line":175},"16":{"name":"(anonymous_16)","decl":{"start":{"line":186,"column":9},"end":{"line":186,"column":34}},"loc":{"start":{"line":186,"column":64},"end":{"line":199,"column":null}},"line":186},"17":{"name":"(anonymous_17)","decl":{"start":{"line":205,"column":9},"end":{"line":205,"column":34}},"loc":{"start":{"line":205,"column":62},"end":{"line":220,"column":null}},"line":205},"18":{"name":"(anonymous_18)","decl":{"start":{"line":227,"column":9},"end":{"line":227,"column":25}},"loc":{"start":{"line":227,"column":48},"end":{"line":230,"column":null}},"line":227},"19":{"name":"(anonymous_19)","decl":{"start":{"line":236,"column":9},"end":{"line":236,"column":21}},"loc":{"start":{"line":236,"column":44},"end":{"line":239,"column":null}},"line":236},"20":{"name":"(anonymous_20)","decl":{"start":{"line":244,"column":9},"end":{"line":244,"column":38}},"loc":{"start":{"line":244,"column":38},"end":{"line":246,"column":null}},"line":244},"21":{"name":"(anonymous_21)","decl":{"start":{"line":251,"column":9},"end":{"line":251,"column":32}},"loc":{"start":{"line":251,"column":32},"end":{"line":253,"column":null}},"line":251},"22":{"name":"(anonymous_22)","decl":{"start":{"line":258,"column":9},"end":{"line":258,"column":32}},"loc":{"start":{"line":258,"column":32},"end":{"line":260,"column":null}},"line":258},"23":{"name":"(anonymous_23)","decl":{"start":{"line":269,"column":9},"end":{"line":269,"column":28}},"loc":{"start":{"line":269,"column":55},"end":{"line":272,"column":null}},"line":269},"24":{"name":"(anonymous_24)","decl":{"start":{"line":279,"column":9},"end":{"line":279,"column":29}},"loc":{"start":{"line":279,"column":57},"end":{"line":282,"column":null}},"line":279},"25":{"name":"(anonymous_25)","decl":{"start":{"line":288,"column":9},"end":{"line":288,"column":27}},"loc":{"start":{"line":288,"column":55},"end":{"line":301,"column":null}},"line":288},"26":{"name":"(anonymous_26)","decl":{"start":{"line":308,"column":9},"end":{"line":308,"column":23}},"loc":{"start":{"line":308,"column":74},"end":{"line":322,"column":null}},"line":308},"27":{"name":"(anonymous_27)","decl":{"start":{"line":329,"column":9},"end":{"line":329,"column":25}},"loc":{"start":{"line":329,"column":52},"end":{"line":332,"column":null}},"line":329},"28":{"name":"(anonymous_28)","decl":{"start":{"line":337,"column":9},"end":{"line":337,"column":42}},"loc":{"start":{"line":337,"column":42},"end":{"line":339,"column":null}},"line":337},"29":{"name":"(anonymous_29)","decl":{"start":{"line":346,"column":9},"end":{"line":346,"column":23}},"loc":{"start":{"line":346,"column":52},"end":{"line":349,"column":null}},"line":346},"30":{"name":"(anonymous_30)","decl":{"start":{"line":356,"column":9},"end":{"line":356,"column":24}},"loc":{"start":{"line":356,"column":53},"end":{"line":359,"column":null}},"line":356},"31":{"name":"(anonymous_31)","decl":{"start":{"line":367,"column":9},"end":{"line":367,"column":27}},"loc":{"start":{"line":367,"column":60},"end":{"line":370,"column":null}},"line":367},"32":{"name":"(anonymous_32)","decl":{"start":{"line":368,"column":39},"end":{"line":368,"column":40}},"loc":{"start":{"line":368,"column":49},"end":{"line":368,"column":54}},"line":368},"33":{"name":"(anonymous_33)","decl":{"start":{"line":376,"column":9},"end":{"line":376,"column":25}},"loc":{"start":{"line":376,"column":58},"end":{"line":379,"column":null}},"line":376},"34":{"name":"(anonymous_34)","decl":{"start":{"line":377,"column":39},"end":{"line":377,"column":40}},"loc":{"start":{"line":377,"column":49},"end":{"line":377,"column":54}},"line":377},"35":{"name":"(anonymous_35)","decl":{"start":{"line":384,"column":9},"end":{"line":384,"column":37}},"loc":{"start":{"line":384,"column":37},"end":{"line":386,"column":null}},"line":384},"36":{"name":"(anonymous_36)","decl":{"start":{"line":391,"column":9},"end":{"line":391,"column":35}},"loc":{"start":{"line":391,"column":35},"end":{"line":393,"column":null}},"line":391},"37":{"name":"(anonymous_37)","decl":{"start":{"line":402,"column":9},"end":{"line":402,"column":17}},"loc":{"start":{"line":402,"column":43},"end":{"line":412,"column":null}},"line":402},"38":{"name":"(anonymous_38)","decl":{"start":{"line":417,"column":9},"end":{"line":417,"column":18}},"loc":{"start":{"line":417,"column":89},"end":{"line":430,"column":null}},"line":417},"39":{"name":"(anonymous_39)","decl":{"start":{"line":438,"column":9},"end":{"line":438,"column":22}},"loc":{"start":{"line":438,"column":99},"end":{"line":449,"column":null}},"line":438},"40":{"name":"(anonymous_40)","decl":{"start":{"line":454,"column":9},"end":{"line":454,"column":34}},"loc":{"start":{"line":454,"column":34},"end":{"line":456,"column":null}},"line":454},"41":{"name":"(anonymous_41)","decl":{"start":{"line":461,"column":9},"end":{"line":461,"column":35}},"loc":{"start":{"line":461,"column":35},"end":{"line":463,"column":null}},"line":461},"42":{"name":"(anonymous_42)","decl":{"start":{"line":468,"column":9},"end":{"line":468,"column":36}},"loc":{"start":{"line":468,"column":36},"end":{"line":470,"column":null}},"line":468},"43":{"name":"(anonymous_43)","decl":{"start":{"line":475,"column":9},"end":{"line":475,"column":39}},"loc":{"start":{"line":475,"column":39},"end":{"line":477,"column":null}},"line":475},"44":{"name":"(anonymous_44)","decl":{"start":{"line":482,"column":9},"end":{"line":482,"column":39}},"loc":{"start":{"line":482,"column":39},"end":{"line":484,"column":null}},"line":482},"45":{"name":"(anonymous_45)","decl":{"start":{"line":490,"column":9},"end":{"line":490,"column":25}},"loc":{"start":{"line":490,"column":50},"end":{"line":492,"column":null}},"line":490},"46":{"name":"(anonymous_46)","decl":{"start":{"line":499,"column":9},"end":{"line":499,"column":28}},"loc":{"start":{"line":499,"column":74},"end":{"line":502,"column":null}},"line":499},"47":{"name":"(anonymous_47)","decl":{"start":{"line":508,"column":9},"end":{"line":508,"column":24}},"loc":{"start":{"line":508,"column":56},"end":{"line":510,"column":null}},"line":508},"48":{"name":"(anonymous_48)","decl":{"start":{"line":516,"column":9},"end":{"line":516,"column":23}},"loc":{"start":{"line":516,"column":58},"end":{"line":518,"column":null}},"line":516},"49":{"name":"(anonymous_49)","decl":{"start":{"line":525,"column":9},"end":{"line":525,"column":30}},"loc":{"start":{"line":525,"column":30},"end":{"line":527,"column":null}},"line":525},"50":{"name":"(anonymous_50)","decl":{"start":{"line":532,"column":9},"end":{"line":532,"column":31}},"loc":{"start":{"line":532,"column":31},"end":{"line":534,"column":null}},"line":532},"51":{"name":"(anonymous_51)","decl":{"start":{"line":539,"column":9},"end":{"line":539,"column":32}},"loc":{"start":{"line":539,"column":32},"end":{"line":541,"column":null}},"line":539},"52":{"name":"(anonymous_52)","decl":{"start":{"line":546,"column":9},"end":{"line":546,"column":33}},"loc":{"start":{"line":546,"column":33},"end":{"line":548,"column":null}},"line":546},"53":{"name":"(anonymous_53)","decl":{"start":{"line":554,"column":9},"end":{"line":554,"column":22}},"loc":{"start":{"line":554,"column":47},"end":{"line":556,"column":null}},"line":554},"54":{"name":"(anonymous_54)","decl":{"start":{"line":562,"column":9},"end":{"line":562,"column":22}},"loc":{"start":{"line":562,"column":57},"end":{"line":573,"column":null}},"line":562},"55":{"name":"(anonymous_55)","decl":{"start":{"line":578,"column":9},"end":{"line":578,"column":38}},"loc":{"start":{"line":578,"column":38},"end":{"line":580,"column":null}},"line":578},"56":{"name":"(anonymous_56)","decl":{"start":{"line":585,"column":9},"end":{"line":585,"column":39}},"loc":{"start":{"line":585,"column":39},"end":{"line":587,"column":null}},"line":585},"57":{"name":"(anonymous_57)","decl":{"start":{"line":593,"column":9},"end":{"line":593,"column":27}},"loc":{"start":{"line":593,"column":52},"end":{"line":595,"column":null}},"line":593},"58":{"name":"(anonymous_58)","decl":{"start":{"line":600,"column":9},"end":{"line":600,"column":44}},"loc":{"start":{"line":600,"column":44},"end":{"line":602,"column":null}},"line":600},"59":{"name":"(anonymous_59)","decl":{"start":{"line":610,"column":9},"end":{"line":610,"column":24}},"loc":{"start":{"line":610,"column":49},"end":{"line":612,"column":null}},"line":610},"60":{"name":"(anonymous_60)","decl":{"start":{"line":617,"column":9},"end":{"line":617,"column":42}},"loc":{"start":{"line":617,"column":42},"end":{"line":619,"column":null}},"line":617},"61":{"name":"(anonymous_61)","decl":{"start":{"line":624,"column":9},"end":{"line":624,"column":48}},"loc":{"start":{"line":624,"column":48},"end":{"line":626,"column":null}},"line":624},"62":{"name":"(anonymous_62)","decl":{"start":{"line":632,"column":9},"end":{"line":632,"column":25}},"loc":{"start":{"line":632,"column":50},"end":{"line":634,"column":null}},"line":632},"63":{"name":"(anonymous_63)","decl":{"start":{"line":641,"column":9},"end":{"line":641,"column":27}},"loc":{"start":{"line":641,"column":53},"end":{"line":644,"column":null}},"line":641},"64":{"name":"(anonymous_64)","decl":{"start":{"line":652,"column":9},"end":{"line":652,"column":25}},"loc":{"start":{"line":652,"column":60},"end":{"line":654,"column":null}},"line":652},"65":{"name":"(anonymous_65)","decl":{"start":{"line":661,"column":9},"end":{"line":661,"column":25}},"loc":{"start":{"line":661,"column":69},"end":{"line":672,"column":null}},"line":661},"66":{"name":"(anonymous_66)","decl":{"start":{"line":678,"column":9},"end":{"line":678,"column":36}},"loc":{"start":{"line":678,"column":79},"end":{"line":680,"column":null}},"line":678},"67":{"name":"(anonymous_67)","decl":{"start":{"line":685,"column":9},"end":{"line":685,"column":47}},"loc":{"start":{"line":685,"column":47},"end":{"line":687,"column":null}},"line":685},"68":{"name":"(anonymous_68)","decl":{"start":{"line":692,"column":9},"end":{"line":692,"column":43}},"loc":{"start":{"line":692,"column":43},"end":{"line":694,"column":null}},"line":692},"69":{"name":"(anonymous_69)","decl":{"start":{"line":702,"column":9},"end":{"line":702,"column":26}},"loc":{"start":{"line":702,"column":68},"end":{"line":704,"column":null}},"line":702},"70":{"name":"(anonymous_70)","decl":{"start":{"line":712,"column":9},"end":{"line":712,"column":21}},"loc":{"start":{"line":712,"column":52},"end":{"line":714,"column":null}},"line":712},"71":{"name":"(anonymous_71)","decl":{"start":{"line":724,"column":9},"end":{"line":724,"column":18}},"loc":{"start":{"line":724,"column":83},"end":{"line":730,"column":null}},"line":724},"72":{"name":"(anonymous_72)","decl":{"start":{"line":735,"column":9},"end":{"line":735,"column":23}},"loc":{"start":{"line":735,"column":68},"end":{"line":738,"column":null}},"line":735},"73":{"name":"(anonymous_73)","decl":{"start":{"line":743,"column":9},"end":{"line":743,"column":24}},"loc":{"start":{"line":743,"column":69},"end":{"line":746,"column":null}},"line":743},"74":{"name":"(anonymous_74)","decl":{"start":{"line":751,"column":9},"end":{"line":751,"column":35}},"loc":{"start":{"line":751,"column":80},"end":{"line":754,"column":null}},"line":751},"75":{"name":"(anonymous_75)","decl":{"start":{"line":759,"column":9},"end":{"line":759,"column":24}},"loc":{"start":{"line":759,"column":69},"end":{"line":762,"column":null}},"line":759},"76":{"name":"(anonymous_76)","decl":{"start":{"line":770,"column":9},"end":{"line":770,"column":23}},"loc":{"start":{"line":770,"column":88},"end":{"line":772,"column":null}},"line":770},"77":{"name":"(anonymous_77)","decl":{"start":{"line":779,"column":9},"end":{"line":779,"column":30}},"loc":{"start":{"line":779,"column":80},"end":{"line":781,"column":null}},"line":779},"78":{"name":"(anonymous_78)","decl":{"start":{"line":788,"column":9},"end":{"line":788,"column":36}},"loc":{"start":{"line":788,"column":36},"end":{"line":790,"column":null}},"line":788},"79":{"name":"(anonymous_79)","decl":{"start":{"line":796,"column":9},"end":{"line":796,"column":30}},"loc":{"start":{"line":796,"column":59},"end":{"line":798,"column":null}},"line":796},"80":{"name":"(anonymous_80)","decl":{"start":{"line":806,"column":9},"end":{"line":806,"column":null}},"loc":{"start":{"line":810,"column":16},"end":{"line":814,"column":null}},"line":810},"81":{"name":"(anonymous_81)","decl":{"start":{"line":812,"column":36},"end":{"line":812,"column":37}},"loc":{"start":{"line":812,"column":43},"end":{"line":812,"column":80}},"line":812},"82":{"name":"(anonymous_82)","decl":{"start":{"line":822,"column":9},"end":{"line":822,"column":27}},"loc":{"start":{"line":822,"column":52},"end":{"line":824,"column":null}},"line":822},"83":{"name":"(anonymous_83)","decl":{"start":{"line":829,"column":9},"end":{"line":829,"column":45}},"loc":{"start":{"line":829,"column":45},"end":{"line":831,"column":null}},"line":829},"84":{"name":"(anonymous_84)","decl":{"start":{"line":836,"column":9},"end":{"line":836,"column":40}},"loc":{"start":{"line":836,"column":40},"end":{"line":838,"column":null}},"line":836},"85":{"name":"(anonymous_85)","decl":{"start":{"line":843,"column":9},"end":{"line":843,"column":31}},"loc":{"start":{"line":843,"column":31},"end":{"line":845,"column":null}},"line":843},"86":{"name":"(anonymous_86)","decl":{"start":{"line":850,"column":9},"end":{"line":850,"column":31}},"loc":{"start":{"line":850,"column":31},"end":{"line":852,"column":null}},"line":850},"87":{"name":"(anonymous_87)","decl":{"start":{"line":857,"column":9},"end":{"line":857,"column":39}},"loc":{"start":{"line":857,"column":39},"end":{"line":859,"column":null}},"line":857},"88":{"name":"(anonymous_88)","decl":{"start":{"line":864,"column":9},"end":{"line":864,"column":38}},"loc":{"start":{"line":864,"column":38},"end":{"line":866,"column":null}},"line":864},"89":{"name":"(anonymous_89)","decl":{"start":{"line":872,"column":9},"end":{"line":872,"column":22}},"loc":{"start":{"line":872,"column":47},"end":{"line":874,"column":null}},"line":872},"90":{"name":"(anonymous_90)","decl":{"start":{"line":879,"column":9},"end":{"line":879,"column":28}},"loc":{"start":{"line":879,"column":28},"end":{"line":881,"column":null}},"line":879},"91":{"name":"(anonymous_91)","decl":{"start":{"line":890,"column":9},"end":{"line":890,"column":17}},"loc":{"start":{"line":890,"column":66},"end":{"line":911,"column":null}},"line":890},"92":{"name":"(anonymous_92)","decl":{"start":{"line":920,"column":9},"end":{"line":920,"column":20}},"loc":{"start":{"line":920,"column":97},"end":{"line":929,"column":null}},"line":920},"93":{"name":"(anonymous_93)","decl":{"start":{"line":936,"column":9},"end":{"line":936,"column":19}},"loc":{"start":{"line":936,"column":61},"end":{"line":942,"column":null}},"line":936},"94":{"name":"(anonymous_94)","decl":{"start":{"line":949,"column":9},"end":{"line":949,"column":17}},"loc":{"start":{"line":949,"column":42},"end":{"line":957,"column":null}},"line":949},"95":{"name":"(anonymous_95)","decl":{"start":{"line":964,"column":9},"end":{"line":964,"column":15}},"loc":{"start":{"line":964,"column":58},"end":{"line":968,"column":null}},"line":964},"96":{"name":"(anonymous_96)","decl":{"start":{"line":966,"column":11},"end":{"line":966,"column":12}},"loc":{"start":{"line":966,"column":18},"end":{"line":966,"column":63}},"line":966}},"branchMap":{"0":{"loc":{"start":{"line":146,"column":4},"end":{"line":148,"column":null}},"type":"if","locations":[{"start":{"line":146,"column":4},"end":{"line":148,"column":null}},{"start":{},"end":{}}],"line":146},"1":{"loc":{"start":{"line":146,"column":8},"end":{"line":146,"column":34}},"type":"binary-expr","locations":[{"start":{"line":146,"column":8},"end":{"line":146,"column":21}},{"start":{"line":146,"column":21},"end":{"line":146,"column":34}}],"line":146},"2":{"loc":{"start":{"line":151,"column":4},"end":{"line":153,"column":null}},"type":"if","locations":[{"start":{"line":151,"column":4},"end":{"line":153,"column":null}},{"start":{},"end":{}}],"line":151},"3":{"loc":{"start":{"line":151,"column":8},"end":{"line":151,"column":34}},"type":"binary-expr","locations":[{"start":{"line":151,"column":8},"end":{"line":151,"column":21}},{"start":{"line":151,"column":21},"end":{"line":151,"column":34}}],"line":151},"4":{"loc":{"start":{"line":177,"column":18},"end":{"line":177,"column":null}},"type":"cond-expr","locations":[{"start":{"line":177,"column":31},"end":{"line":177,"column":48}},{"start":{"line":177,"column":48},"end":{"line":177,"column":null}}],"line":177},"5":{"loc":{"start":{"line":207,"column":18},"end":{"line":207,"column":null}},"type":"cond-expr","locations":[{"start":{"line":207,"column":31},"end":{"line":207,"column":54}},{"start":{"line":207,"column":54},"end":{"line":207,"column":null}}],"line":207},"6":{"loc":{"start":{"line":440,"column":4},"end":{"line":440,"column":null}},"type":"if","locations":[{"start":{"line":440,"column":4},"end":{"line":440,"column":null}},{"start":{},"end":{}}],"line":440},"7":{"loc":{"start":{"line":440,"column":8},"end":{"line":440,"column":45}},"type":"binary-expr","locations":[{"start":{"line":440,"column":8},"end":{"line":440,"column":32}},{"start":{"line":440,"column":32},"end":{"line":440,"column":45}}],"line":440},"8":{"loc":{"start":{"line":441,"column":4},"end":{"line":441,"column":null}},"type":"if","locations":[{"start":{"line":441,"column":4},"end":{"line":441,"column":null}},{"start":{},"end":{}}],"line":441},"9":{"loc":{"start":{"line":442,"column":4},"end":{"line":442,"column":null}},"type":"if","locations":[{"start":{"line":442,"column":4},"end":{"line":442,"column":null}},{"start":{},"end":{}}],"line":442},"10":{"loc":{"start":{"line":443,"column":4},"end":{"line":443,"column":null}},"type":"if","locations":[{"start":{"line":443,"column":4},"end":{"line":443,"column":null}},{"start":{},"end":{}}],"line":443},"11":{"loc":{"start":{"line":444,"column":4},"end":{"line":444,"column":null}},"type":"if","locations":[{"start":{"line":444,"column":4},"end":{"line":444,"column":null}},{"start":{},"end":{}}],"line":444},"12":{"loc":{"start":{"line":445,"column":4},"end":{"line":445,"column":null}},"type":"if","locations":[{"start":{"line":445,"column":4},"end":{"line":445,"column":null}},{"start":{},"end":{}}],"line":445},"13":{"loc":{"start":{"line":446,"column":4},"end":{"line":446,"column":null}},"type":"if","locations":[{"start":{"line":446,"column":4},"end":{"line":446,"column":null}},{"start":{},"end":{}}],"line":446},"14":{"loc":{"start":{"line":447,"column":4},"end":{"line":447,"column":null}},"type":"if","locations":[{"start":{"line":447,"column":4},"end":{"line":447,"column":null}},{"start":{},"end":{}}],"line":447},"15":{"loc":{"start":{"line":491,"column":55},"end":{"line":491,"column":65}},"type":"cond-expr","locations":[{"start":{"line":491,"column":60},"end":{"line":491,"column":64}},{"start":{"line":491,"column":64},"end":{"line":491,"column":65}}],"line":491},"16":{"loc":{"start":{"line":555,"column":52},"end":{"line":555,"column":62}},"type":"cond-expr","locations":[{"start":{"line":555,"column":57},"end":{"line":555,"column":61}},{"start":{"line":555,"column":61},"end":{"line":555,"column":62}}],"line":555},"17":{"loc":{"start":{"line":611,"column":55},"end":{"line":611,"column":65}},"type":"cond-expr","locations":[{"start":{"line":611,"column":60},"end":{"line":611,"column":64}},{"start":{"line":611,"column":64},"end":{"line":611,"column":65}}],"line":611},"18":{"loc":{"start":{"line":633,"column":56},"end":{"line":633,"column":66}},"type":"cond-expr","locations":[{"start":{"line":633,"column":61},"end":{"line":633,"column":65}},{"start":{"line":633,"column":65},"end":{"line":633,"column":66}}],"line":633},"19":{"loc":{"start":{"line":797,"column":58},"end":{"line":797,"column":72}},"type":"cond-expr","locations":[{"start":{"line":797,"column":67},"end":{"line":797,"column":71}},{"start":{"line":797,"column":71},"end":{"line":797,"column":72}}],"line":797},"20":{"loc":{"start":{"line":823,"column":57},"end":{"line":823,"column":67}},"type":"cond-expr","locations":[{"start":{"line":823,"column":62},"end":{"line":823,"column":66}},{"start":{"line":823,"column":66},"end":{"line":823,"column":67}}],"line":823},"21":{"loc":{"start":{"line":873,"column":53},"end":{"line":873,"column":63}},"type":"cond-expr","locations":[{"start":{"line":873,"column":58},"end":{"line":873,"column":62}},{"start":{"line":873,"column":62},"end":{"line":873,"column":63}}],"line":873},"22":{"loc":{"start":{"line":920,"column":34},"end":{"line":920,"column":97}},"type":"default-arg","locations":[{"start":{"line":920,"column":76},"end":{"line":920,"column":97}}],"line":920},"23":{"loc":{"start":{"line":936,"column":33},"end":{"line":936,"column":61}},"type":"default-arg","locations":[{"start":{"line":936,"column":43},"end":{"line":936,"column":61}}],"line":936},"24":{"loc":{"start":{"line":938,"column":4},"end":{"line":940,"column":null}},"type":"if","locations":[{"start":{"line":938,"column":4},"end":{"line":940,"column":null}},{"start":{},"end":{}}],"line":938},"25":{"loc":{"start":{"line":964,"column":33},"end":{"line":964,"column":58}},"type":"default-arg","locations":[{"start":{"line":964,"column":45},"end":{"line":964,"column":58}}],"line":964}},"s":{"0":315,"1":17,"2":34,"3":17,"4":17,"5":17,"6":34,"7":34,"8":17,"9":57,"10":57,"11":0,"12":0,"13":30,"14":1,"15":3,"16":1,"17":6,"18":6,"19":6,"20":3,"21":3,"22":9,"23":9,"24":2,"25":2,"26":1,"27":1,"28":1,"29":1,"30":0,"31":0,"32":41,"33":41,"34":2,"35":2,"36":2,"37":0,"38":0,"39":0,"40":0,"41":0,"42":30,"43":30,"44":0,"45":0,"46":13,"47":13,"48":5,"49":3,"50":3,"51":1,"52":1,"53":0,"54":0,"55":0,"56":0,"57":0,"58":1,"59":1,"60":1,"61":4,"62":4,"63":4,"64":4,"65":2,"66":9,"67":2,"68":1,"69":2,"70":1,"71":2,"72":1,"73":0,"74":0,"75":0,"76":7,"77":7,"78":0,"79":7,"80":0,"81":7,"82":0,"83":7,"84":3,"85":7,"86":0,"87":7,"88":1,"89":7,"90":3,"91":7,"92":3,"93":7,"94":4,"95":6,"96":4,"97":3,"98":1,"99":4,"100":0,"101":0,"102":2,"103":3,"104":9,"105":7,"106":4,"107":2,"108":7,"109":0,"110":3,"111":1,"112":4,"113":1,"114":5,"115":1,"116":1,"117":4,"118":3,"119":3,"120":1,"121":1,"122":0,"123":1,"124":1,"125":13,"126":1,"127":7,"128":7,"129":1,"130":1,"131":1,"132":1,"133":1,"134":1,"135":1,"136":1,"137":1,"138":1,"139":1,"140":2,"141":1,"142":1,"143":1,"144":1,"145":6,"146":1,"147":1,"148":1,"149":1,"150":1,"151":1,"152":1,"153":4,"154":3,"155":3,"156":3,"157":3,"158":4,"159":4,"160":4,"161":9,"162":9,"163":4,"164":2,"165":2,"166":1,"167":1,"168":10,"169":10,"170":10,"171":10,"172":10,"173":20,"174":8,"175":6,"176":15},"f":{"0":315,"1":17,"2":34,"3":57,"4":0,"5":5,"6":5,"7":5,"8":5,"9":5,"10":5,"11":5,"12":5,"13":5,"14":5,"15":5,"16":5,"17":5,"18":5,"19":5,"20":5,"21":5,"22":5,"23":5,"24":5,"25":5,"26":5,"27":5,"28":5,"29":5,"30":5,"31":5,"32":9,"33":5,"34":2,"35":5,"36":5,"37":5,"38":5,"39":5,"40":5,"41":5,"42":5,"43":5,"44":5,"45":5,"46":5,"47":5,"48":5,"49":5,"50":5,"51":5,"52":5,"53":5,"54":5,"55":5,"56":5,"57":5,"58":5,"59":5,"60":5,"61":5,"62":5,"63":5,"64":5,"65":5,"66":5,"67":5,"68":5,"69":5,"70":5,"71":5,"72":5,"73":5,"74":5,"75":5,"76":5,"77":5,"78":5,"79":5,"80":5,"81":1,"82":5,"83":5,"84":5,"85":5,"86":5,"87":5,"88":5,"89":5,"90":5,"91":5,"92":5,"93":5,"94":5,"95":5,"96":15},"b":{"0":[1,1],"1":[2,2],"2":[1,0],"3":[1,1],"4":[1,1],"5":[0,0],"6":[0,7],"7":[7,7],"8":[0,7],"9":[0,7],"10":[3,4],"11":[0,7],"12":[1,6],"13":[3,4],"14":[3,4],"15":[3,1],"16":[5,2],"17":[4,1],"18":[4,0],"19":[1,1],"20":[5,1],"21":[1,0],"22":[4],"23":[2],"24":[1,1],"25":[6]},"meta":{"lastBranch":26,"lastFunction":97,"lastStatement":177,"seen":{"f:24:9:24:18":0,"s:25:2:25:Infinity":0,"f:31:9:31:19":1,"s:32:22:32:Infinity":1,"f:32:36:32:37":2,"s:32:50:32:68":2,"s:33:17:33:Infinity":3,"s:34:15:34:Infinity":4,"s:35:2:38:Infinity":5,"s:36:4:36:Infinity":6,"s:37:4:37:Infinity":7,"s:39:2:39:Infinity":8,"f:45:9:45:19":3,"s:46:18:46:Infinity":9,"s:47:2:47:Infinity":10,"f:53:9:53:19":4,"s:54:18:54:Infinity":11,"s:55:2:60:Infinity":12,"f:73:9:73:34":5,"s:74:4:74:Infinity":13,"f:81:9:81:22":6,"s:82:4:82:Infinity":14,"f:90:9:90:38":7,"s:91:4:91:Infinity":15,"f:97:9:97:39":8,"s:98:4:98:Infinity":16,"f:104:9:104:38":9,"s:105:4:105:Infinity":17,"f:113:9:113:25":10,"s:114:4:114:Infinity":18,"s:115:4:115:Infinity":19,"f:123:9:123:24":11,"s:124:4:124:Infinity":20,"s:125:4:125:Infinity":21,"f:133:9:133:25":12,"s:134:4:134:Infinity":22,"s:135:4:135:Infinity":23,"f:143:9:143:30":13,"s:145:17:145:Infinity":24,"b:146:4:148:Infinity:undefined:undefined:undefined:undefined":0,"s:146:4:148:Infinity":25,"b:146:8:146:21:146:21:146:34":1,"s:147:6:147:Infinity":26,"s:150:17:150:Infinity":27,"b:151:4:153:Infinity:undefined:undefined:undefined:undefined":2,"s:151:4:153:Infinity":28,"b:151:8:151:21:151:21:151:34":3,"s:152:6:152:Infinity":29,"s:155:16:155:Infinity":30,"s:156:4:156:Infinity":31,"f:166:9:166:36":14,"s:167:21:167:Infinity":32,"s:168:4:168:Infinity":33,"f:175:9:175:36":15,"s:177:18:177:Infinity":34,"b:177:31:177:48:177:48:177:Infinity":4,"s:178:21:178:Infinity":35,"s:179:4:179:Infinity":36,"f:186:9:186:34":16,"s:187:29:187:Infinity":37,"s:188:4:198:Infinity":38,"f:205:9:205:34":17,"s:207:18:207:Infinity":39,"b:207:31:207:54:207:54:207:Infinity":5,"s:208:29:208:Infinity":40,"s:209:4:219:Infinity":41,"f:227:9:227:25":18,"s:228:4:228:Infinity":42,"s:229:4:229:Infinity":43,"f:236:9:236:21":19,"s:237:21:237:Infinity":44,"s:238:4:238:Infinity":45,"f:244:9:244:38":20,"s:245:4:245:Infinity":46,"f:251:9:251:32":21,"s:252:4:252:Infinity":47,"f:258:9:258:32":22,"s:259:4:259:Infinity":48,"f:269:9:269:28":23,"s:270:4:270:Infinity":49,"s:271:4:271:Infinity":50,"f:279:9:279:29":24,"s:280:4:280:Infinity":51,"s:281:4:281:Infinity":52,"f:288:9:288:27":25,"s:289:29:289:Infinity":53,"s:290:4:300:Infinity":54,"f:308:9:308:23":26,"s:309:21:309:Infinity":55,"s:310:21:310:Infinity":56,"s:311:4:321:Infinity":57,"f:329:9:329:25":27,"s:330:4:330:Infinity":58,"s:331:4:331:Infinity":59,"f:337:9:337:42":28,"s:338:4:338:Infinity":60,"f:346:9:346:23":29,"s:347:4:347:Infinity":61,"s:348:4:348:Infinity":62,"f:356:9:356:24":30,"s:357:4:357:Infinity":63,"s:358:4:358:Infinity":64,"f:367:9:367:27":31,"s:368:19:368:Infinity":65,"f:368:39:368:40":32,"s:368:49:368:54":66,"s:369:4:369:Infinity":67,"f:376:9:376:25":33,"s:377:19:377:Infinity":68,"f:377:39:377:40":34,"s:377:49:377:54":69,"s:378:4:378:Infinity":70,"f:384:9:384:37":35,"s:385:4:385:Infinity":71,"f:391:9:391:35":36,"s:392:4:392:Infinity":72,"f:402:9:402:17":37,"s:403:4:403:Infinity":73,"s:404:4:411:Infinity":74,"f:417:9:417:18":38,"s:418:4:429:Infinity":75,"f:438:9:438:22":39,"s:439:12:439:Infinity":76,"b:440:4:440:Infinity:undefined:undefined:undefined:undefined":6,"s:440:4:440:Infinity":77,"b:440:8:440:32:440:32:440:45":7,"s:440:45:440:Infinity":78,"b:441:4:441:Infinity:undefined:undefined:undefined:undefined":8,"s:441:4:441:Infinity":79,"s:441:28:441:Infinity":80,"b:442:4:442:Infinity:undefined:undefined:undefined:undefined":9,"s:442:4:442:Infinity":81,"s:442:25:442:Infinity":82,"b:443:4:443:Infinity:undefined:undefined:undefined:undefined":10,"s:443:4:443:Infinity":83,"s:443:20:443:Infinity":84,"b:444:4:444:Infinity:undefined:undefined:undefined:undefined":11,"s:444:4:444:Infinity":85,"s:444:28:444:Infinity":86,"b:445:4:445:Infinity:undefined:undefined:undefined:undefined":12,"s:445:4:445:Infinity":87,"s:445:27:445:Infinity":88,"b:446:4:446:Infinity:undefined:undefined:undefined:undefined":13,"s:446:4:446:Infinity":89,"s:446:22:446:Infinity":90,"b:447:4:447:Infinity:undefined:undefined:undefined:undefined":14,"s:447:4:447:Infinity":91,"s:447:25:447:Infinity":92,"s:448:4:448:Infinity":93,"f:454:9:454:34":40,"s:455:4:455:Infinity":94,"f:461:9:461:35":41,"s:462:4:462:Infinity":95,"f:468:9:468:36":42,"s:469:4:469:Infinity":96,"f:475:9:475:39":43,"s:476:4:476:Infinity":97,"f:482:9:482:39":44,"s:483:4:483:Infinity":98,"f:490:9:490:25":45,"s:491:4:491:Infinity":99,"b:491:60:491:64:491:64:491:65":15,"f:499:9:499:28":46,"s:500:21:500:Infinity":100,"s:501:4:501:Infinity":101,"f:508:9:508:24":47,"s:509:4:509:Infinity":102,"f:516:9:516:23":48,"s:517:4:517:Infinity":103,"f:525:9:525:30":49,"s:526:4:526:Infinity":104,"f:532:9:532:31":50,"s:533:4:533:Infinity":105,"f:539:9:539:32":51,"s:540:4:540:Infinity":106,"f:546:9:546:33":52,"s:547:4:547:Infinity":107,"f:554:9:554:22":53,"s:555:4:555:Infinity":108,"b:555:57:555:61:555:61:555:62":16,"f:562:9:562:22":54,"s:563:4:572:Infinity":109,"f:578:9:578:38":55,"s:579:4:579:Infinity":110,"f:585:9:585:39":56,"s:586:4:586:Infinity":111,"f:593:9:593:27":57,"s:594:4:594:Infinity":112,"f:600:9:600:44":58,"s:601:4:601:Infinity":113,"f:610:9:610:24":59,"s:611:4:611:Infinity":114,"b:611:60:611:64:611:64:611:65":17,"f:617:9:617:42":60,"s:618:4:618:Infinity":115,"f:624:9:624:48":61,"s:625:4:625:Infinity":116,"f:632:9:632:25":62,"s:633:4:633:Infinity":117,"b:633:61:633:65:633:65:633:66":18,"f:641:9:641:27":63,"s:642:4:642:Infinity":118,"s:643:4:643:Infinity":119,"f:652:9:652:25":64,"s:653:4:653:Infinity":120,"f:661:9:661:25":65,"s:662:4:671:Infinity":121,"f:678:9:678:36":66,"s:679:4:679:Infinity":122,"f:685:9:685:47":67,"s:686:4:686:Infinity":123,"f:692:9:692:43":68,"s:693:4:693:Infinity":124,"f:702:9:702:26":69,"s:703:4:703:Infinity":125,"f:712:9:712:21":70,"s:713:4:713:Infinity":126,"f:724:9:724:18":71,"s:725:21:725:Infinity":127,"s:726:4:729:Infinity":128,"f:735:9:735:23":72,"s:736:21:736:Infinity":129,"s:737:4:737:Infinity":130,"f:743:9:743:24":73,"s:744:21:744:Infinity":131,"s:745:4:745:Infinity":132,"f:751:9:751:35":74,"s:752:21:752:Infinity":133,"s:753:4:753:Infinity":134,"f:759:9:759:24":75,"s:760:21:760:Infinity":135,"s:761:4:761:Infinity":136,"f:770:9:770:23":76,"s:771:4:771:Infinity":137,"f:779:9:779:30":77,"s:780:4:780:Infinity":138,"f:788:9:788:36":78,"s:789:4:789:Infinity":139,"f:796:9:796:30":79,"s:797:4:797:Infinity":140,"b:797:67:797:71:797:71:797:72":19,"f:806:9:806:Infinity":80,"s:811:19:811:Infinity":141,"s:812:23:812:Infinity":142,"f:812:36:812:37":81,"s:812:43:812:80":143,"s:813:4:813:Infinity":144,"f:822:9:822:27":82,"s:823:4:823:Infinity":145,"b:823:62:823:66:823:66:823:67":20,"f:829:9:829:45":83,"s:830:4:830:Infinity":146,"f:836:9:836:40":84,"s:837:4:837:Infinity":147,"f:843:9:843:31":85,"s:844:4:844:Infinity":148,"f:850:9:850:31":86,"s:851:4:851:Infinity":149,"f:857:9:857:39":87,"s:858:4:858:Infinity":150,"f:864:9:864:38":88,"s:865:4:865:Infinity":151,"f:872:9:872:22":89,"s:873:4:873:Infinity":152,"b:873:58:873:62:873:62:873:63":21,"f:879:9:879:28":90,"s:880:4:880:Infinity":153,"f:890:9:890:17":91,"s:891:22:891:Infinity":154,"s:892:22:892:Infinity":155,"s:893:23:893:Infinity":156,"s:895:4:910:Infinity":157,"f:920:9:920:20":92,"b:920:76:920:97":22,"s:922:19:922:Infinity":158,"s:923:4:927:Infinity":159,"s:923:17:923:20":160,"s:924:19:924:Infinity":161,"s:926:6:926:Infinity":162,"s:928:4:928:Infinity":163,"f:936:9:936:19":93,"b:936:43:936:61":23,"s:937:22:937:Infinity":164,"b:938:4:940:Infinity:undefined:undefined:undefined:undefined":24,"s:938:4:940:Infinity":165,"s:939:6:939:Infinity":166,"s:941:4:941:Infinity":167,"f:949:9:949:17":94,"s:950:4:950:Infinity":168,"s:951:18:951:Infinity":169,"s:952:19:952:Infinity":170,"s:953:4:955:Infinity":171,"s:953:17:953:20":172,"s:954:6:954:Infinity":173,"s:956:4:956:Infinity":174,"f:964:9:964:15":95,"b:964:45:964:58":25,"s:965:4:967:Infinity":175,"f:966:11:966:12":96,"s:966:18:966:63":176}}}
,"/Users/mohammadalmechkor/Projects/escp-ts/src/core/PrinterState.ts": {"path":"/Users/mohammadalmechkor/Projects/escp-ts/src/core/PrinterState.ts","statementMap":{"0":{"start":{"line":35,"column":45},"end":{"line":46,"column":null}},"1":{"start":{"line":51,"column":47},"end":{"line":56,"column":null}},"2":{"start":{"line":62,"column":40},"end":{"line":67,"column":null}},"3":{"start":{"line":72,"column":49},"end":{"line":77,"column":null}},"4":{"start":{"line":86,"column":35},"end":{"line":93,"column":null}},"5":{"start":{"line":95,"column":33},"end":{"line":102,"column":null}},"6":{"start":{"line":104,"column":2},"end":{"line":164,"column":null}},"7":{"start":{"line":172,"column":20},"end":{"line":172,"column":null}},"8":{"start":{"line":175,"column":2},"end":{"line":177,"column":null}},"9":{"start":{"line":176,"column":4},"end":{"line":176,"column":null}},"10":{"start":{"line":179,"column":2},"end":{"line":179,"column":null}},"11":{"start":{"line":186,"column":14},"end":{"line":186,"column":null}},"12":{"start":{"line":189,"column":2},"end":{"line":191,"column":null}},"13":{"start":{"line":190,"column":4},"end":{"line":190,"column":null}},"14":{"start":{"line":194,"column":2},"end":{"line":194,"column":null}},"15":{"start":{"line":196,"column":2},"end":{"line":196,"column":null}},"16":{"start":{"line":203,"column":15},"end":{"line":203,"column":null}},"17":{"start":{"line":205,"column":2},"end":{"line":207,"column":null}},"18":{"start":{"line":206,"column":4},"end":{"line":206,"column":null}},"19":{"start":{"line":209,"column":2},"end":{"line":209,"column":null}},"20":{"start":{"line":216,"column":21},"end":{"line":216,"column":null}},"21":{"start":{"line":217,"column":2},"end":{"line":217,"column":null}},"22":{"start":{"line":224,"column":22},"end":{"line":224,"column":null}},"23":{"start":{"line":225,"column":2},"end":{"line":225,"column":null}},"24":{"start":{"line":232,"column":2},"end":{"line":232,"column":null}},"25":{"start":{"line":239,"column":2},"end":{"line":239,"column":null}},"26":{"start":{"line":250,"column":20},"end":{"line":250,"column":null}},"27":{"start":{"line":251,"column":21},"end":{"line":251,"column":null}},"28":{"start":{"line":253,"column":2},"end":{"line":257,"column":null}},"29":{"start":{"line":265,"column":2},"end":{"line":265,"column":null}},"30":{"start":{"line":272,"column":2},"end":{"line":272,"column":null}},"31":{"start":{"line":279,"column":2},"end":{"line":279,"column":null}},"32":{"start":{"line":286,"column":2},"end":{"line":286,"column":null}},"33":{"start":{"line":293,"column":2},"end":{"line":293,"column":null}},"34":{"start":{"line":300,"column":2},"end":{"line":300,"column":null}},"35":{"start":{"line":307,"column":2},"end":{"line":307,"column":null}},"36":{"start":{"line":314,"column":2},"end":{"line":314,"column":null}},"37":{"start":{"line":322,"column":41},"end":{"line":322,"column":null}},"38":{"start":{"line":323,"column":27},"end":{"line":323,"column":null}},"39":{"start":{"line":326,"column":4},"end":{"line":329,"column":null}},"40":{"start":{"line":330,"column":4},"end":{"line":334,"column":null}},"41":{"start":{"line":332,"column":46},"end":{"line":332,"column":null}},"42":{"start":{"line":333,"column":6},"end":{"line":333,"column":null}},"43":{"start":{"line":341,"column":4},"end":{"line":341,"column":null}},"44":{"start":{"line":348,"column":4},"end":{"line":348,"column":null}},"45":{"start":{"line":355,"column":4},"end":{"line":355,"column":null}},"46":{"start":{"line":356,"column":4},"end":{"line":356,"column":null}},"47":{"start":{"line":363,"column":4},"end":{"line":363,"column":null}},"48":{"start":{"line":364,"column":4},"end":{"line":371,"column":null}},"49":{"start":{"line":373,"column":4},"end":{"line":378,"column":null}},"50":{"start":{"line":374,"column":6},"end":{"line":377,"column":null}},"51":{"start":{"line":385,"column":4},"end":{"line":385,"column":null}},"52":{"start":{"line":386,"column":4},"end":{"line":389,"column":null}},"53":{"start":{"line":391,"column":4},"end":{"line":396,"column":null}},"54":{"start":{"line":392,"column":6},"end":{"line":395,"column":null}},"55":{"start":{"line":403,"column":4},"end":{"line":403,"column":null}},"56":{"start":{"line":404,"column":4},"end":{"line":404,"column":null}},"57":{"start":{"line":405,"column":4},"end":{"line":405,"column":null}},"58":{"start":{"line":412,"column":4},"end":{"line":412,"column":null}},"59":{"start":{"line":419,"column":22},"end":{"line":419,"column":null}},"60":{"start":{"line":420,"column":4},"end":{"line":420,"column":null}},"61":{"start":{"line":427,"column":4},"end":{"line":427,"column":null}},"62":{"start":{"line":428,"column":4},"end":{"line":428,"column":null}},"63":{"start":{"line":435,"column":23},"end":{"line":438,"column":null}},"64":{"start":{"line":439,"column":4},"end":{"line":439,"column":null}},"65":{"start":{"line":440,"column":4},"end":{"line":440,"column":null}},"66":{"start":{"line":447,"column":4},"end":{"line":447,"column":null}},"67":{"start":{"line":448,"column":4},"end":{"line":448,"column":null}},"68":{"start":{"line":455,"column":4},"end":{"line":455,"column":null}},"69":{"start":{"line":456,"column":4},"end":{"line":456,"column":null}},"70":{"start":{"line":457,"column":4},"end":{"line":457,"column":null}},"71":{"start":{"line":458,"column":4},"end":{"line":458,"column":null}},"72":{"start":{"line":465,"column":17},"end":{"line":465,"column":null}},"73":{"start":{"line":466,"column":4},"end":{"line":469,"column":null}},"74":{"start":{"line":467,"column":6},"end":{"line":467,"column":null}},"75":{"start":{"line":468,"column":6},"end":{"line":468,"column":null}},"76":{"start":{"line":470,"column":4},"end":{"line":470,"column":null}},"77":{"start":{"line":477,"column":17},"end":{"line":477,"column":null}},"78":{"start":{"line":478,"column":4},"end":{"line":478,"column":null}},"79":{"start":{"line":485,"column":4},"end":{"line":488,"column":null}},"80":{"start":{"line":486,"column":6},"end":{"line":486,"column":null}},"81":{"start":{"line":487,"column":6},"end":{"line":487,"column":null}},"82":{"start":{"line":489,"column":4},"end":{"line":489,"column":null}},"83":{"start":{"line":496,"column":26},"end":{"line":498,"column":null}},"84":{"start":{"line":499,"column":20},"end":{"line":499,"column":null}},"85":{"start":{"line":499,"column":58},"end":{"line":499,"column":75}},"86":{"start":{"line":500,"column":4},"end":{"line":502,"column":null}},"87":{"start":{"line":501,"column":6},"end":{"line":501,"column":null}},"88":{"start":{"line":503,"column":4},"end":{"line":503,"column":null}},"89":{"start":{"line":510,"column":24},"end":{"line":512,"column":null}},"90":{"start":{"line":513,"column":20},"end":{"line":513,"column":null}},"91":{"start":{"line":513,"column":56},"end":{"line":513,"column":71}},"92":{"start":{"line":514,"column":4},"end":{"line":516,"column":null}},"93":{"start":{"line":515,"column":6},"end":{"line":515,"column":null}},"94":{"start":{"line":517,"column":4},"end":{"line":517,"column":null}},"95":{"start":{"line":524,"column":20},"end":{"line":524,"column":null}},"96":{"start":{"line":525,"column":4},"end":{"line":527,"column":null}},"97":{"start":{"line":526,"column":6},"end":{"line":526,"column":null}},"98":{"start":{"line":534,"column":20},"end":{"line":534,"column":null}},"99":{"start":{"line":535,"column":4},"end":{"line":537,"column":null}},"100":{"start":{"line":536,"column":6},"end":{"line":536,"column":null}},"101":{"start":{"line":544,"column":4},"end":{"line":544,"column":null}},"102":{"start":{"line":545,"column":18},"end":{"line":545,"column":null}},"103":{"start":{"line":546,"column":4},"end":{"line":546,"column":null}},"104":{"start":{"line":553,"column":4},"end":{"line":553,"column":null}},"105":{"start":{"line":554,"column":4},"end":{"line":556,"column":null}},"106":{"start":{"line":555,"column":6},"end":{"line":555,"column":null}},"107":{"start":{"line":563,"column":26},"end":{"line":563,"column":null}},"108":{"start":{"line":564,"column":4},"end":{"line":572,"column":null}},"109":{"start":{"line":565,"column":6},"end":{"line":565,"column":null}},"110":{"start":{"line":567,"column":22},"end":{"line":567,"column":null}},"111":{"start":{"line":568,"column":6},"end":{"line":570,"column":null}},"112":{"start":{"line":569,"column":48},"end":{"line":569,"column":78}},"113":{"start":{"line":571,"column":6},"end":{"line":571,"column":null}},"114":{"start":{"line":573,"column":4},"end":{"line":573,"column":null}},"115":{"start":{"line":580,"column":19},"end":{"line":580,"column":null}},"116":{"start":{"line":581,"column":4},"end":{"line":581,"column":null}},"117":{"start":{"line":582,"column":4},"end":{"line":582,"column":null}},"118":{"start":{"line":583,"column":4},"end":{"line":583,"column":null}}},"fnMap":{"0":{"name":"createInitialState","decl":{"start":{"line":82,"column":16},"end":{"line":82,"column":null}},"loc":{"start":{"line":85,"column":16},"end":{"line":165,"column":null}},"line":85},"1":{"name":"calculateHMI","decl":{"start":{"line":170,"column":16},"end":{"line":170,"column":29}},"loc":{"start":{"line":170,"column":70},"end":{"line":180,"column":null}},"line":170},"2":{"name":"calculateCharWidth","decl":{"start":{"line":185,"column":16},"end":{"line":185,"column":35}},"loc":{"start":{"line":185,"column":85},"end":{"line":197,"column":null}},"line":185},"3":{"name":"calculateLineHeight","decl":{"start":{"line":202,"column":16},"end":{"line":202,"column":36}},"loc":{"start":{"line":202,"column":88},"end":{"line":210,"column":null}},"line":202},"4":{"name":"getPrintableWidth","decl":{"start":{"line":215,"column":16},"end":{"line":215,"column":34}},"loc":{"start":{"line":215,"column":62},"end":{"line":218,"column":null}},"line":215},"5":{"name":"getPrintableHeight","decl":{"start":{"line":223,"column":16},"end":{"line":223,"column":35}},"loc":{"start":{"line":223,"column":63},"end":{"line":226,"column":null}},"line":223},"6":{"name":"getPageWidth","decl":{"start":{"line":231,"column":16},"end":{"line":231,"column":29}},"loc":{"start":{"line":231,"column":57},"end":{"line":233,"column":null}},"line":231},"7":{"name":"getPageHeight","decl":{"start":{"line":238,"column":16},"end":{"line":238,"column":30}},"loc":{"start":{"line":238,"column":58},"end":{"line":240,"column":null}},"line":238},"8":{"name":"isInPrintableArea","decl":{"start":{"line":245,"column":16},"end":{"line":245,"column":null}},"loc":{"start":{"line":249,"column":11},"end":{"line":259,"column":null}},"line":249},"9":{"name":"getMaxX","decl":{"start":{"line":264,"column":16},"end":{"line":264,"column":24}},"loc":{"start":{"line":264,"column":52},"end":{"line":266,"column":null}},"line":264},"10":{"name":"getMaxY","decl":{"start":{"line":271,"column":16},"end":{"line":271,"column":24}},"loc":{"start":{"line":271,"column":52},"end":{"line":273,"column":null}},"line":271},"11":{"name":"inchesToDots","decl":{"start":{"line":278,"column":16},"end":{"line":278,"column":29}},"loc":{"start":{"line":278,"column":53},"end":{"line":280,"column":null}},"line":278},"12":{"name":"dotsToInches","decl":{"start":{"line":285,"column":16},"end":{"line":285,"column":29}},"loc":{"start":{"line":285,"column":51},"end":{"line":287,"column":null}},"line":285},"13":{"name":"mmToDots","decl":{"start":{"line":292,"column":16},"end":{"line":292,"column":25}},"loc":{"start":{"line":292,"column":45},"end":{"line":294,"column":null}},"line":292},"14":{"name":"dotsToMm","decl":{"start":{"line":299,"column":16},"end":{"line":299,"column":25}},"loc":{"start":{"line":299,"column":47},"end":{"line":301,"column":null}},"line":299},"15":{"name":"columnsToDots","decl":{"start":{"line":306,"column":16},"end":{"line":306,"column":30}},"loc":{"start":{"line":306,"column":68},"end":{"line":308,"column":null}},"line":306},"16":{"name":"linesToDots","decl":{"start":{"line":313,"column":16},"end":{"line":313,"column":28}},"loc":{"start":{"line":313,"column":72},"end":{"line":315,"column":null}},"line":313},"17":{"name":"(anonymous_17)","decl":{"start":{"line":325,"column":2},"end":{"line":325,"column":14}},"loc":{"start":{"line":325,"column":52},"end":{"line":335,"column":null}},"line":325},"18":{"name":"(anonymous_18)","decl":{"start":{"line":340,"column":2},"end":{"line":340,"column":37}},"loc":{"start":{"line":340,"column":37},"end":{"line":342,"column":null}},"line":340},"19":{"name":"(anonymous_19)","decl":{"start":{"line":347,"column":2},"end":{"line":347,"column":34}},"loc":{"start":{"line":347,"column":34},"end":{"line":349,"column":null}},"line":347},"20":{"name":"(anonymous_20)","decl":{"start":{"line":354,"column":2},"end":{"line":354,"column":14}},"loc":{"start":{"line":354,"column":52},"end":{"line":357,"column":null}},"line":354},"21":{"name":"(anonymous_21)","decl":{"start":{"line":362,"column":2},"end":{"line":362,"column":13}},"loc":{"start":{"line":362,"column":49},"end":{"line":379,"column":null}},"line":362},"22":{"name":"(anonymous_22)","decl":{"start":{"line":384,"column":2},"end":{"line":384,"column":18}},"loc":{"start":{"line":384,"column":53},"end":{"line":397,"column":null}},"line":384},"23":{"name":"(anonymous_23)","decl":{"start":{"line":402,"column":2},"end":{"line":402,"column":9}},"loc":{"start":{"line":402,"column":37},"end":{"line":406,"column":null}},"line":402},"24":{"name":"(anonymous_24)","decl":{"start":{"line":411,"column":2},"end":{"line":411,"column":9}},"loc":{"start":{"line":411,"column":39},"end":{"line":413,"column":null}},"line":411},"25":{"name":"(anonymous_25)","decl":{"start":{"line":418,"column":2},"end":{"line":418,"column":11}},"loc":{"start":{"line":418,"column":36},"end":{"line":421,"column":null}},"line":418},"26":{"name":"(anonymous_26)","decl":{"start":{"line":426,"column":2},"end":{"line":426,"column":25}},"loc":{"start":{"line":426,"column":25},"end":{"line":429,"column":null}},"line":426},"27":{"name":"(anonymous_27)","decl":{"start":{"line":434,"column":2},"end":{"line":434,"column":19}},"loc":{"start":{"line":434,"column":19},"end":{"line":441,"column":null}},"line":434},"28":{"name":"(anonymous_28)","decl":{"start":{"line":446,"column":2},"end":{"line":446,"column":18}},"loc":{"start":{"line":446,"column":18},"end":{"line":449,"column":null}},"line":446},"29":{"name":"(anonymous_29)","decl":{"start":{"line":454,"column":2},"end":{"line":454,"column":19}},"loc":{"start":{"line":454,"column":19},"end":{"line":459,"column":null}},"line":454},"30":{"name":"(anonymous_30)","decl":{"start":{"line":464,"column":2},"end":{"line":464,"column":28}},"loc":{"start":{"line":464,"column":28},"end":{"line":471,"column":null}},"line":464},"31":{"name":"(anonymous_31)","decl":{"start":{"line":476,"column":2},"end":{"line":476,"column":16}},"loc":{"start":{"line":476,"column":54},"end":{"line":479,"column":null}},"line":476},"32":{"name":"(anonymous_32)","decl":{"start":{"line":484,"column":2},"end":{"line":484,"column":22}},"loc":{"start":{"line":484,"column":22},"end":{"line":490,"column":null}},"line":484},"33":{"name":"(anonymous_33)","decl":{"start":{"line":495,"column":2},"end":{"line":495,"column":40}},"loc":{"start":{"line":495,"column":40},"end":{"line":504,"column":null}},"line":495},"34":{"name":"(anonymous_34)","decl":{"start":{"line":499,"column":51},"end":{"line":499,"column":52}},"loc":{"start":{"line":499,"column":58},"end":{"line":499,"column":75}},"line":499},"35":{"name":"(anonymous_35)","decl":{"start":{"line":509,"column":2},"end":{"line":509,"column":38}},"loc":{"start":{"line":509,"column":38},"end":{"line":518,"column":null}},"line":509},"36":{"name":"(anonymous_36)","decl":{"start":{"line":513,"column":49},"end":{"line":513,"column":50}},"loc":{"start":{"line":513,"column":56},"end":{"line":513,"column":71}},"line":513},"37":{"name":"(anonymous_37)","decl":{"start":{"line":523,"column":2},"end":{"line":523,"column":24}},"loc":{"start":{"line":523,"column":24},"end":{"line":528,"column":null}},"line":523},"38":{"name":"(anonymous_38)","decl":{"start":{"line":533,"column":2},"end":{"line":533,"column":22}},"loc":{"start":{"line":533,"column":22},"end":{"line":538,"column":null}},"line":533},"39":{"name":"(anonymous_39)","decl":{"start":{"line":543,"column":2},"end":{"line":543,"column":16}},"loc":{"start":{"line":543,"column":16},"end":{"line":547,"column":null}},"line":543},"40":{"name":"(anonymous_40)","decl":{"start":{"line":552,"column":10},"end":{"line":552,"column":30}},"loc":{"start":{"line":552,"column":30},"end":{"line":557,"column":null}},"line":552},"41":{"name":"(anonymous_41)","decl":{"start":{"line":562,"column":2},"end":{"line":562,"column":18}},"loc":{"start":{"line":562,"column":18},"end":{"line":574,"column":null}},"line":562},"42":{"name":"(anonymous_42)","decl":{"start":{"line":569,"column":36},"end":{"line":569,"column":37}},"loc":{"start":{"line":569,"column":48},"end":{"line":569,"column":78}},"line":569},"43":{"name":"(anonymous_43)","decl":{"start":{"line":579,"column":2},"end":{"line":579,"column":31}},"loc":{"start":{"line":579,"column":31},"end":{"line":584,"column":null}},"line":579}},"branchMap":{"0":{"loc":{"start":{"line":83,"column":2},"end":{"line":83,"column":null}},"type":"default-arg","locations":[{"start":{"line":83,"column":32},"end":{"line":83,"column":null}}],"line":83},"1":{"loc":{"start":{"line":84,"column":2},"end":{"line":84,"column":null}},"type":"default-arg","locations":[{"start":{"line":84,"column":30},"end":{"line":84,"column":null}}],"line":84},"2":{"loc":{"start":{"line":175,"column":2},"end":{"line":177,"column":null}},"type":"if","locations":[{"start":{"line":175,"column":2},"end":{"line":177,"column":null}},{"start":{},"end":{}}],"line":175},"3":{"loc":{"start":{"line":189,"column":2},"end":{"line":191,"column":null}},"type":"if","locations":[{"start":{"line":189,"column":2},"end":{"line":191,"column":null}},{"start":{},"end":{}}],"line":189},"4":{"loc":{"start":{"line":205,"column":2},"end":{"line":207,"column":null}},"type":"if","locations":[{"start":{"line":205,"column":2},"end":{"line":207,"column":null}},{"start":{},"end":{}}],"line":205},"5":{"loc":{"start":{"line":254,"column":4},"end":{"line":257,"column":null}},"type":"binary-expr","locations":[{"start":{"line":254,"column":4},"end":{"line":254,"column":null}},{"start":{"line":255,"column":4},"end":{"line":255,"column":null}},{"start":{"line":256,"column":4},"end":{"line":256,"column":null}},{"start":{"line":257,"column":4},"end":{"line":257,"column":null}}],"line":254},"6":{"loc":{"start":{"line":330,"column":4},"end":{"line":334,"column":null}},"type":"if","locations":[{"start":{"line":330,"column":4},"end":{"line":334,"column":null}},{"start":{},"end":{}}],"line":330},"7":{"loc":{"start":{"line":373,"column":4},"end":{"line":378,"column":null}},"type":"if","locations":[{"start":{"line":373,"column":4},"end":{"line":378,"column":null}},{"start":{},"end":{}}],"line":373},"8":{"loc":{"start":{"line":373,"column":8},"end":{"line":373,"column":77}},"type":"binary-expr","locations":[{"start":{"line":373,"column":8},"end":{"line":373,"column":37}},{"start":{"line":373,"column":37},"end":{"line":373,"column":77}}],"line":373},"9":{"loc":{"start":{"line":391,"column":4},"end":{"line":396,"column":null}},"type":"if","locations":[{"start":{"line":391,"column":4},"end":{"line":396,"column":null}},{"start":{},"end":{}}],"line":391},"10":{"loc":{"start":{"line":418,"column":11},"end":{"line":418,"column":36}},"type":"default-arg","locations":[{"start":{"line":418,"column":27},"end":{"line":418,"column":36}}],"line":418},"11":{"loc":{"start":{"line":466,"column":4},"end":{"line":469,"column":null}},"type":"if","locations":[{"start":{"line":466,"column":4},"end":{"line":469,"column":null}},{"start":{},"end":{}}],"line":466},"12":{"loc":{"start":{"line":476,"column":16},"end":{"line":476,"column":54}},"type":"default-arg","locations":[{"start":{"line":476,"column":42},"end":{"line":476,"column":54}}],"line":476},"13":{"loc":{"start":{"line":485,"column":4},"end":{"line":488,"column":null}},"type":"if","locations":[{"start":{"line":485,"column":4},"end":{"line":488,"column":null}},{"start":{},"end":{}}],"line":485},"14":{"loc":{"start":{"line":500,"column":4},"end":{"line":502,"column":null}},"type":"if","locations":[{"start":{"line":500,"column":4},"end":{"line":502,"column":null}},{"start":{},"end":{}}],"line":500},"15":{"loc":{"start":{"line":514,"column":4},"end":{"line":516,"column":null}},"type":"if","locations":[{"start":{"line":514,"column":4},"end":{"line":516,"column":null}},{"start":{},"end":{}}],"line":514},"16":{"loc":{"start":{"line":525,"column":4},"end":{"line":527,"column":null}},"type":"if","locations":[{"start":{"line":525,"column":4},"end":{"line":527,"column":null}},{"start":{},"end":{}}],"line":525},"17":{"loc":{"start":{"line":535,"column":4},"end":{"line":537,"column":null}},"type":"if","locations":[{"start":{"line":535,"column":4},"end":{"line":537,"column":null}},{"start":{},"end":{}}],"line":535},"18":{"loc":{"start":{"line":554,"column":4},"end":{"line":556,"column":null}},"type":"if","locations":[{"start":{"line":554,"column":4},"end":{"line":556,"column":null}},{"start":{},"end":{}}],"line":554},"19":{"loc":{"start":{"line":564,"column":4},"end":{"line":572,"column":null}},"type":"if","locations":[{"start":{"line":564,"column":4},"end":{"line":572,"column":null}},{"start":{},"end":{}}],"line":564},"20":{"loc":{"start":{"line":567,"column":22},"end":{"line":567,"column":null}},"type":"binary-expr","locations":[{"start":{"line":567,"column":22},"end":{"line":567,"column":64}},{"start":{"line":567,"column":64},"end":{"line":567,"column":null}}],"line":567}},"s":{"0":4,"1":4,"2":4,"3":4,"4":242,"5":242,"6":242,"7":265,"8":265,"9":5,"10":260,"11":7,"12":7,"13":2,"14":7,"15":7,"16":163,"17":163,"18":3,"19":163,"20":6,"21":6,"22":1,"23":1,"24":29,"25":180,"26":8,"27":8,"28":8,"29":13,"30":19,"31":3,"32":3,"33":2,"34":2,"35":3,"36":3,"37":173,"38":173,"39":173,"40":173,"41":125,"42":125,"43":157,"44":6,"45":27,"46":27,"47":11,"48":11,"49":11,"50":9,"51":25,"52":25,"53":25,"54":2,"55":75,"56":75,"57":75,"58":44,"59":2,"60":2,"61":15,"62":15,"63":16,"64":16,"65":16,"66":13,"67":13,"68":8,"69":8,"70":8,"71":8,"72":18,"73":18,"74":2,"75":2,"76":16,"77":4,"78":4,"79":2,"80":1,"81":1,"82":1,"83":5,"84":5,"85":35,"86":5,"87":3,"88":2,"89":4,"90":4,"91":2,"92":4,"93":2,"94":2,"95":3,"96":3,"97":2,"98":2,"99":2,"100":1,"101":2,"102":2,"103":2,"104":163,"105":163,"106":0,"107":5,"108":5,"109":4,"110":4,"111":4,"112":0,"113":4,"114":1,"115":2,"116":2,"117":2,"118":2},"f":{"0":242,"1":265,"2":7,"3":163,"4":6,"5":1,"6":29,"7":180,"8":8,"9":13,"10":19,"11":3,"12":3,"13":2,"14":2,"15":3,"16":3,"17":173,"18":157,"19":6,"20":27,"21":11,"22":25,"23":75,"24":44,"25":2,"26":15,"27":16,"28":13,"29":8,"30":18,"31":4,"32":2,"33":5,"34":35,"35":4,"36":2,"37":3,"38":2,"39":2,"40":163,"41":5,"42":0,"43":2},"b":{"0":[242],"1":[242],"2":[5,260],"3":[2,5],"4":[3,160],"5":[8,7,6,5],"6":[125,48],"7":[9,2],"8":[11,3],"9":[2,23],"10":[2],"11":[2,16],"12":[4],"13":[1,1],"14":[3,2],"15":[2,2],"16":[2,1],"17":[1,1],"18":[0,163],"19":[4,1],"20":[4,0]},"meta":{"lastBranch":21,"lastFunction":44,"lastStatement":119,"seen":{"s:35:45:46:Infinity":0,"s:51:47:56:Infinity":1,"s:62:40:67:Infinity":2,"s:72:49:77:Infinity":3,"f:82:16:82:Infinity":0,"b:83:32:83:Infinity":0,"b:84:30:84:Infinity":1,"s:86:35:93:Infinity":4,"s:95:33:102:Infinity":5,"s:104:2:164:Infinity":6,"f:170:16:170:29":1,"s:172:20:172:Infinity":7,"b:175:2:177:Infinity:undefined:undefined:undefined:undefined":2,"s:175:2:177:Infinity":8,"s:176:4:176:Infinity":9,"s:179:2:179:Infinity":10,"f:185:16:185:35":2,"s:186:14:186:Infinity":11,"b:189:2:191:Infinity:undefined:undefined:undefined:undefined":3,"s:189:2:191:Infinity":12,"s:190:4:190:Infinity":13,"s:194:2:194:Infinity":14,"s:196:2:196:Infinity":15,"f:202:16:202:36":3,"s:203:15:203:Infinity":16,"b:205:2:207:Infinity:undefined:undefined:undefined:undefined":4,"s:205:2:207:Infinity":17,"s:206:4:206:Infinity":18,"s:209:2:209:Infinity":19,"f:215:16:215:34":4,"s:216:21:216:Infinity":20,"s:217:2:217:Infinity":21,"f:223:16:223:35":5,"s:224:22:224:Infinity":22,"s:225:2:225:Infinity":23,"f:231:16:231:29":6,"s:232:2:232:Infinity":24,"f:238:16:238:30":7,"s:239:2:239:Infinity":25,"f:245:16:245:Infinity":8,"s:250:20:250:Infinity":26,"s:251:21:251:Infinity":27,"s:253:2:257:Infinity":28,"b:254:4:254:Infinity:255:4:255:Infinity:256:4:256:Infinity:257:4:257:Infinity":5,"f:264:16:264:24":9,"s:265:2:265:Infinity":29,"f:271:16:271:24":10,"s:272:2:272:Infinity":30,"f:278:16:278:29":11,"s:279:2:279:Infinity":31,"f:285:16:285:29":12,"s:286:2:286:Infinity":32,"f:292:16:292:25":13,"s:293:2:293:Infinity":33,"f:299:16:299:25":14,"s:300:2:300:Infinity":34,"f:306:16:306:30":15,"s:307:2:307:Infinity":35,"f:313:16:313:28":16,"s:314:2:314:Infinity":36,"s:322:41:322:Infinity":37,"s:323:27:323:Infinity":38,"f:325:2:325:14":17,"s:326:4:329:Infinity":39,"b:330:4:334:Infinity:undefined:undefined:undefined:undefined":6,"s:330:4:334:Infinity":40,"s:332:46:332:Infinity":41,"s:333:6:333:Infinity":42,"f:340:2:340:37":18,"s:341:4:341:Infinity":43,"f:347:2:347:34":19,"s:348:4:348:Infinity":44,"f:354:2:354:14":20,"s:355:4:355:Infinity":45,"s:356:4:356:Infinity":46,"f:362:2:362:13":21,"s:363:4:363:Infinity":47,"s:364:4:371:Infinity":48,"b:373:4:378:Infinity:undefined:undefined:undefined:undefined":7,"s:373:4:378:Infinity":49,"b:373:8:373:37:373:37:373:77":8,"s:374:6:377:Infinity":50,"f:384:2:384:18":22,"s:385:4:385:Infinity":51,"s:386:4:389:Infinity":52,"b:391:4:396:Infinity:undefined:undefined:undefined:undefined":9,"s:391:4:396:Infinity":53,"s:392:6:395:Infinity":54,"f:402:2:402:9":23,"s:403:4:403:Infinity":55,"s:404:4:404:Infinity":56,"s:405:4:405:Infinity":57,"f:411:2:411:9":24,"s:412:4:412:Infinity":58,"f:418:2:418:11":25,"b:418:27:418:36":10,"s:419:22:419:Infinity":59,"s:420:4:420:Infinity":60,"f:426:2:426:25":26,"s:427:4:427:Infinity":61,"s:428:4:428:Infinity":62,"f:434:2:434:19":27,"s:435:23:438:Infinity":63,"s:439:4:439:Infinity":64,"s:440:4:440:Infinity":65,"f:446:2:446:18":28,"s:447:4:447:Infinity":66,"s:448:4:448:Infinity":67,"f:454:2:454:19":29,"s:455:4:455:Infinity":68,"s:456:4:456:Infinity":69,"s:457:4:457:Infinity":70,"s:458:4:458:Infinity":71,"f:464:2:464:28":30,"s:465:17:465:Infinity":72,"b:466:4:469:Infinity:undefined:undefined:undefined:undefined":11,"s:466:4:469:Infinity":73,"s:467:6:467:Infinity":74,"s:468:6:468:Infinity":75,"s:470:4:470:Infinity":76,"f:476:2:476:16":31,"b:476:42:476:54":12,"s:477:17:477:Infinity":77,"s:478:4:478:Infinity":78,"f:484:2:484:22":32,"b:485:4:488:Infinity:undefined:undefined:undefined:undefined":13,"s:485:4:488:Infinity":79,"s:486:6:486:Infinity":80,"s:487:6:487:Infinity":81,"s:489:4:489:Infinity":82,"f:495:2:495:40":33,"s:496:26:498:Infinity":83,"s:499:20:499:Infinity":84,"f:499:51:499:52":34,"s:499:58:499:75":85,"b:500:4:502:Infinity:undefined:undefined:undefined:undefined":14,"s:500:4:502:Infinity":86,"s:501:6:501:Infinity":87,"s:503:4:503:Infinity":88,"f:509:2:509:38":35,"s:510:24:512:Infinity":89,"s:513:20:513:Infinity":90,"f:513:49:513:50":36,"s:513:56:513:71":91,"b:514:4:516:Infinity:undefined:undefined:undefined:undefined":15,"s:514:4:516:Infinity":92,"s:515:6:515:Infinity":93,"s:517:4:517:Infinity":94,"f:523:2:523:24":37,"s:524:20:524:Infinity":95,"b:525:4:527:Infinity:undefined:undefined:undefined:undefined":16,"s:525:4:527:Infinity":96,"s:526:6:526:Infinity":97,"f:533:2:533:22":38,"s:534:20:534:Infinity":98,"b:535:4:537:Infinity:undefined:undefined:undefined:undefined":17,"s:535:4:537:Infinity":99,"s:536:6:536:Infinity":100,"f:543:2:543:16":39,"s:544:4:544:Infinity":101,"s:545:18:545:Infinity":102,"s:546:4:546:Infinity":103,"f:552:10:552:30":40,"s:553:4:553:Infinity":104,"b:554:4:556:Infinity:undefined:undefined:undefined:undefined":18,"s:554:4:556:Infinity":105,"s:555:6:555:Infinity":106,"f:562:2:562:18":41,"s:563:26:563:Infinity":107,"b:564:4:572:Infinity:undefined:undefined:undefined:undefined":19,"s:564:4:572:Infinity":108,"s:565:6:565:Infinity":109,"s:567:22:567:Infinity":110,"b:567:22:567:64:567:64:567:Infinity":20,"s:568:6:570:Infinity":111,"f:569:36:569:37":42,"s:569:48:569:78":112,"s:571:6:571:Infinity":113,"s:573:4:573:Infinity":114,"f:579:2:579:31":43,"s:580:19:580:Infinity":115,"s:581:4:581:Infinity":116,"s:582:4:582:Infinity":117,"s:583:4:583:Infinity":118}}}
,"/Users/mohammadalmechkor/Projects/escp-ts/src/core/constants.ts": {"path":"/Users/mohammadalmechkor/Projects/escp-ts/src/core/constants.ts","statementMap":{"0":{"start":{"line":8,"column":21},"end":{"line":42,"column":null}},"1":{"start":{"line":45,"column":28},"end":{"line":133,"column":null}},"2":{"start":{"line":136,"column":28},"end":{"line":146,"column":null}},"3":{"start":{"line":149,"column":29},"end":{"line":153,"column":null}},"4":{"start":{"line":156,"column":19},"end":{"line":162,"column":null}},"5":{"start":{"line":165,"column":31},"end":{"line":171,"column":null}},"6":{"start":{"line":174,"column":24},"end":{"line":189,"column":null}},"7":{"start":{"line":192,"column":37},"end":{"line":208,"column":null}},"8":{"start":{"line":211,"column":26},"end":{"line":225,"column":null}},"9":{"start":{"line":228,"column":30},"end":{"line":244,"column":null}},"10":{"start":{"line":247,"column":19},"end":{"line":253,"column":null}},"11":{"start":{"line":256,"column":26},"end":{"line":263,"column":null}},"12":{"start":{"line":266,"column":25},"end":{"line":275,"column":null}},"13":{"start":{"line":278,"column":21},"end":{"line":284,"column":null}},"14":{"start":{"line":287,"column":29},"end":{"line":292,"column":null}},"15":{"start":{"line":295,"column":27},"end":{"line":303,"column":null}},"16":{"start":{"line":306,"column":28},"end":{"line":318,"column":null}}},"fnMap":{},"branchMap":{},"s":{"0":10,"1":10,"2":10,"3":10,"4":10,"5":10,"6":10,"7":10,"8":10,"9":10,"10":10,"11":10,"12":10,"13":10,"14":10,"15":10,"16":10},"f":{},"b":{},"meta":{"lastBranch":0,"lastFunction":0,"lastStatement":17,"seen":{"s:8:21:42:Infinity":0,"s:45:28:133:Infinity":1,"s:136:28:146:Infinity":2,"s:149:29:153:Infinity":3,"s:156:19:162:Infinity":4,"s:165:31:171:Infinity":5,"s:174:24:189:Infinity":6,"s:192:37:208:Infinity":7,"s:211:26:225:Infinity":8,"s:228:30:244:Infinity":9,"s:247:19:253:Infinity":10,"s:256:26:263:Infinity":11,"s:266:25:275:Infinity":12,"s:278:21:284:Infinity":13,"s:287:29:292:Infinity":14,"s:295:27:303:Infinity":15,"s:306:28:318:Infinity":16}}}
,"/Users/mohammadalmechkor/Projects/escp-ts/src/core/errors.ts": {"path":"/Users/mohammadalmechkor/Projects/escp-ts/src/core/errors.ts","statementMap":{"0":{"start":{"line":16,"column":4},"end":{"line":16,"column":null}},"1":{"start":{"line":14,"column":20},"end":{"line":14,"column":null}},"2":{"start":{"line":17,"column":4},"end":{"line":17,"column":null}},"3":{"start":{"line":19,"column":4},"end":{"line":21,"column":null}},"4":{"start":{"line":20,"column":6},"end":{"line":20,"column":null}},"5":{"start":{"line":22,"column":4},"end":{"line":22,"column":null}},"6":{"start":{"line":35,"column":4},"end":{"line":35,"column":null}},"7":{"start":{"line":32,"column":20},"end":{"line":32,"column":null}},"8":{"start":{"line":33,"column":20},"end":{"line":33,"column":null}},"9":{"start":{"line":36,"column":4},"end":{"line":36,"column":null}},"10":{"start":{"line":50,"column":4},"end":{"line":54,"column":null}},"11":{"start":{"line":47,"column":20},"end":{"line":47,"column":null}},"12":{"start":{"line":48,"column":20},"end":{"line":48,"column":null}},"13":{"start":{"line":55,"column":4},"end":{"line":55,"column":null}},"14":{"start":{"line":67,"column":4},"end":{"line":67,"column":null}},"15":{"start":{"line":65,"column":20},"end":{"line":65,"column":null}},"16":{"start":{"line":68,"column":4},"end":{"line":68,"column":null}},"17":{"start":{"line":80,"column":4},"end":{"line":80,"column":null}},"18":{"start":{"line":78,"column":20},"end":{"line":78,"column":null}},"19":{"start":{"line":81,"column":4},"end":{"line":81,"column":null}},"20":{"start":{"line":93,"column":4},"end":{"line":93,"column":null}},"21":{"start":{"line":91,"column":20},"end":{"line":91,"column":null}},"22":{"start":{"line":94,"column":4},"end":{"line":94,"column":null}}},"fnMap":{"0":{"name":"(anonymous_0)","decl":{"start":{"line":12,"column":2},"end":{"line":12,"column":null}},"loc":{"start":{"line":15,"column":4},"end":{"line":23,"column":null}},"line":15},"1":{"name":"(anonymous_1)","decl":{"start":{"line":30,"column":2},"end":{"line":30,"column":null}},"loc":{"start":{"line":34,"column":4},"end":{"line":37,"column":null}},"line":34},"2":{"name":"(anonymo
[...]
,"column":24},"end":{"line":440,"column":37}},{"start":{"line":440,"column":37},"end":{"line":440,"column":null}}],"line":440},"39":{"loc":{"start":{"line":446,"column":12},"end":{"line":449,"column":null}},"type":"if","locations":[{"start":{"line":446,"column":12},"end":{"line":449,"column":null}},{"start":{},"end":{}}],"line":446},"40":{"loc":{"start":{"line":447,"column":24},"end":{"line":447,"column":null}},"type":"binary-expr","locations":[{"start":{"line":447,"column":24},"end":{"line":447,"column":37}},{"start":{"line":447,"column":37},"end":{"line":447,"column":null}}],"line":447},"41":{"loc":{"start":{"line":469,"column":12},"end":{"line":472,"column":null}},"type":"if","locations":[{"start":{"line":469,"column":12},"end":{"line":472,"column":null}},{"start":{},"end":{}}],"line":469},"42":{"loc":{"start":{"line":470,"column":24},"end":{"line":470,"column":null}},"type":"binary-expr","locations":[{"start":{"line":470,"column":24},"end":{"line":470,"column":37}},{"start":{"line":470,"column":37},"end":{"line":470,"column":null}}],"line":470},"43":{"loc":{"start":{"line":476,"column":12},"end":{"line":479,"column":null}},"type":"if","locations":[{"start":{"line":476,"column":12},"end":{"line":479,"column":null}},{"start":{},"end":{}}],"line":476},"44":{"loc":{"start":{"line":477,"column":24},"end":{"line":477,"column":null}},"type":"binary-expr","locations":[{"start":{"line":477,"column":24},"end":{"line":477,"column":37}},{"start":{"line":477,"column":37},"end":{"line":477,"column":null}}],"line":477},"45":{"loc":{"start":{"line":483,"column":12},"end":{"line":486,"column":null}},"type":"if","locations":[{"start":{"line":483,"column":12},"end":{"line":486,"column":null}},{"start":{},"end":{}}],"line":483},"46":{"loc":{"start":{"line":484,"column":24},"end":{"line":484,"column":null}},"type":"binary-expr","locations":[{"start":{"line":484,"column":24},"end":{"line":484,"column":37}},{"start":{"line":484,"column":37},"end":{"line":484,"column":null}}],"line":484},"47":{"loc":{"start":{"line":502,"column":12},"end":{"line":505,"column":null}},"type":"if","locations":[{"start":{"line":502,"column":12},"end":{"line":505,"column":null}},{"start":{},"end":{}}],"line":502},"48":{"loc":{"start":{"line":503,"column":24},"end":{"line":503,"column":null}},"type":"binary-expr","locations":[{"start":{"line":503,"column":24},"end":{"line":503,"column":37}},{"start":{"line":503,"column":37},"end":{"line":503,"column":null}}],"line":503},"49":{"loc":{"start":{"line":509,"column":12},"end":{"line":514,"column":null}},"type":"if","locations":[{"start":{"line":509,"column":12},"end":{"line":514,"column":null}},{"start":{},"end":{}}],"line":509},"50":{"loc":{"start":{"line":510,"column":25},"end":{"line":510,"column":null}},"type":"binary-expr","locations":[{"start":{"line":510,"column":25},"end":{"line":510,"column":38}},{"start":{"line":510,"column":38},"end":{"line":510,"column":null}}],"line":510},"51":{"loc":{"start":{"line":511,"column":25},"end":{"line":511,"column":null}},"type":"binary-expr","locations":[{"start":{"line":511,"column":25},"end":{"line":511,"column":38}},{"start":{"line":511,"column":38},"end":{"line":511,"column":null}}],"line":511},"52":{"loc":{"start":{"line":518,"column":12},"end":{"line":521,"column":null}},"type":"if","locations":[{"start":{"line":518,"column":12},"end":{"line":521,"column":null}},{"start":{},"end":{}}],"line":518},"53":{"loc":{"start":{"line":519,"column":24},"end":{"line":519,"column":null}},"type":"binary-expr","locations":[{"start":{"line":519,"column":24},"end":{"line":519,"column":37}},{"start":{"line":519,"column":37},"end":{"line":519,"column":null}}],"line":519},"54":{"loc":{"start":{"line":525,"column":12},"end":{"line":539,"column":null}},"type":"if","locations":[{"start":{"line":525,"column":12},"end":{"line":539,"column":null}},{"start":{},"end":{}}],"line":525},"55":{"loc":{"start":{"line":527,"column":25},"end":{"line":527,"column":null}},"type":"binary-expr","locations":[{"start":{"line":527,"column":25},"end":{"line":527,"column":38}},{"start":{"line":527,"column":38},"end":{"line":527,"column":null}}],"line":527},"56":{"loc":{"start":{"line":528,"column":25},"end":{"line":528,"column":null}},"type":"binary-expr","locations":[{"start":{"line":528,"column":25},"end":{"line":528,"column":38}},{"start":{"line":528,"column":38},"end":{"line":528,"column":null}}],"line":528},"57":{"loc":{"start":{"line":531,"column":14},"end":{"line":538,"column":null}},"type":"if","locations":[{"start":{"line":531,"column":14},"end":{"line":538,"column":null}},{"start":{},"end":{}}],"line":531},"58":{"loc":{"start":{"line":533,"column":16},"end":{"line":537,"column":null}},"type":"if","locations":[{"start":{"line":533,"column":16},"end":{"line":537,"column":null}},{"start":{},"end":{}}],"line":533},"59":{"loc":{"start":{"line":546,"column":6},"end":{"line":563,"column":null}},"type":"if","locations":[{"start":{"line":546,"column":6},"end":{"line":563,"column":null}},{"start":{"line":549,"column":6},"end":{"line":563,"column":null}}],"line":546},"60":{"loc":{"start":{"line":549,"column":6},"end":{"line":563,"column":null}},"type":"if","locations":[{"start":{"line":549,"column":6},"end":{"line":563,"column":null}},{"start":{"line":552,"column":6},"end":{"line":563,"column":null}}],"line":549},"61":{"loc":{"start":{"line":552,"column":6},"end":{"line":563,"column":null}},"type":"if","locations":[{"start":{"line":552,"column":6},"end":{"line":563,"column":null}},{"start":{"line":555,"column":6},"end":{"line":563,"column":null}}],"line":552},"62":{"loc":{"start":{"line":555,"column":6},"end":{"line":563,"column":null}},"type":"if","locations":[{"start":{"line":555,"column":6},"end":{"line":563,"column":null}},{"start":{"line":560,"column":13},"end":{"line":563,"column":null}}],"line":555},"63":{"loc":{"start":{"line":555,"column":17},"end":{"line":555,"column":43}},"type":"binary-expr","locations":[{"start":{"line":555,"column":17},"end":{"line":555,"column":31}},{"start":{"line":555,"column":31},"end":{"line":555,"column":43}}],"line":555},"64":{"loc":{"start":{"line":573,"column":4},"end":{"line":575,"column":null}},"type":"if","locations":[{"start":{"line":573,"column":4},"end":{"line":575,"column":null}},{"start":{},"end":{}}],"line":573},"65":{"loc":{"start":{"line":573,"column":8},"end":{"line":573,"column":73}},"type":"binary-expr","locations":[{"start":{"line":573,"column":8},"end":{"line":573,"column":28}},{"start":{"line":573,"column":28},"end":{"line":573,"column":73}}],"line":573},"66":{"loc":{"start":{"line":582,"column":10},"end":{"line":582,"column":49}},"type":"default-arg","locations":[{"start":{"line":582,"column":26},"end":{"line":582,"column":49}}],"line":582},"67":{"loc":{"start":{"line":584,"column":11},"end":{"line":584,"column":null}},"type":"binary-expr","locations":[{"start":{"line":584,"column":11},"end":{"line":584,"column":27}},{"start":{"line":584,"column":27},"end":{"line":584,"column":null}}],"line":584}},"s":{"0":2,"1":2,"2":2,"3":2,"4":188,"5":0,"6":55,"7":55,"8":55,"9":55,"10":55,"11":65,"12":65,"13":65,"14":65,"15":1,"16":1,"17":0,"18":1,"19":1,"20":1,"21":1,"22":1,"23":1,"24":1,"25":1,"26":3060,"27":3060,"28":3060,"29":3060,"30":1,"31":1,"32":3960,"33":3960,"34":3960,"35":3960,"36":161,"37":66942,"38":0,"39":66942,"40":66942,"41":66942,"42":153,"43":153,"44":153,"45":153,"46":153,"47":153,"48":0,"49":153,"50":153,"51":2448,"52":2448,"53":2448,"54":19584,"55":3875,"56":3875,"57":3875,"58":3875,"59":3875,"60":3875,"61":14173,"62":14173,"63":62577,"64":153,"65":10,"66":10,"67":160,"68":160,"69":160,"70":1280,"71":262,"72":262,"73":262,"74":262,"75":262,"76":262,"77":952,"78":952,"79":3919,"80":153,"81":14,"82":14,"83":14,"84":14,"85":438,"86":153,"87":25,"88":109,"89":109,"90":109,"91":4,"92":143,"93":143,"94":143,"95":143,"96":1,"97":8,"98":8,"99":8,"100":8,"101":8,"102":1,"103":1,"104":0,"105":1,"106":1,"107":1,"108":1,"109":1,"110":1,"111":1,"112":1,"113":1,"114":8,"115":8,"116":8,"117":8,"118":8,"119":8,"120":1,"121":27,"122":27,"123":86,"124":86,"125":0,"126":86,"127":29,"128":29,"129":29,"130":3,"131":3,"132":1,"133":1,"134":1,"135":1,"136":1,"137":1,"138":1,"139":1,"140":1,"141":1,"142":1,"143":1,"144":4,"145":4,"146":2,"147":2,"148":1,"149":1,"150":1,"151":1,"152":3,"153":3,"154":3,"155":3,"156":1,"157":1,"158":1,"159":1,"160":1,"161":1,"162":1,"163":1,"164":1,"165":1,"166":2,"167":2,"168":1,"169":1,"170":1,"171":1,"172":1,"173":1,"174":1,"175":1,"176":1,"177":1,"178":1,"179":1,"180":1,"181":1,"182":1,"183":1,"184":1,"185":1,"186":1,"187":1,"188":1,"189":1,"190":1,"191":1,"192":1,"193":1,"194":1,"195":1,"196":1,"197":1,"198":57,"199":3,"200":3,"201":54,"202":3,"203":3,"204":51,"205":2,"206":2,"207":49,"208":44,"209":44,"210":44,"211":5,"212":52,"213":52,"214":44,"215":52,"216":44,"217":44,"218":2,"219":2,"220":2},"f":{"0":55,"1":65,"2":1,"3":161,"4":66942,"5":153,"6":25,"7":4,"8":143,"9":8,"10":1,"11":27,"12":52,"13":44,"14":2},"b":{"0":[0,188],"1":[55],"2":[55],"3":[1,64],"4":[0,1],"5":[3060,0],"6":[3060,3060],"7":[3060,0],"8":[3060,3060],"9":[3960,0],"10":[3960,3960],"11":[3960,0],"12":[3960,3960],"13":[66942],"14":[0,66942],"15":[66942,0],"16":[66942,66942,66942,66942],"17":[153,0],"18":[0,153],"19":[0,153],"20":[2448,0],"21":[3875,15709],"22":[10,143],"23":[160,0],"24":[262,1018],"25":[14,139],"26":[1,142],"27":[8,0],"28":[0,1],"29":[1,1],"30":[1,1],"31":[1,0],"32":[8,0],"33":[0,86],"34":[29,57],"35":[86,29],"36":[3,1,1,1,1,4,2,1,1,3,1,1,1,2,1,1,1,1,1,1],"37":[1,0],"38":[1,0],"39":[1,0],"40":[1,0],"41":[3,0],"42":[3,0],"43":[1,0],"44":[1,0],"45":[1,0],"46":[1,0],"47":[1,0],"48":[1,0],"49":[1,0],"50":[1,0],"51":[1,0],"52":[1,0],"53":[1,0],"54":[1,0],"55":[1,0],"56":[1,0],"57":[1,0],"58":[1,0],"59":[3,54],"60":[3,51],"61":[2,49],"62":[44,5],"63":[49,46],"64":[44,8],"65":[52,52],"66":[44],"67":[44,6]},"meta":{"lastBranch":68,"lastFunction":15,"lastStatement":221,"seen":{"s:46:60:52:Infinity":0,"s:59:46:162:Infinity":1,"s:165:0:169:Infinity":2,"s:165:13:165:17":3,"b:166:2:168:Infinity:undefined:undefined:undefined:undefined":0,"s:166:2:168:Infinity":4,"s:167:4:167:Infinity":5,"s:178:33:178:Infinity":6,"s:179:44:179:Infinity":7,"f:181:2:181:Infinity":0,"b:182:34:182:Infinity":1,"b:183:45:183:Infinity":2,"s:185:4:185:Infinity":8,"s:186:4:186:Infinity":9,"s:187:4:187:Infinity":10,"f:193:10:193:30":1,"s:194:18:196:Infinity":11,"s:197:19:199:Infinity":12,"s:201:4:206:Infinity":13,"b:209:4:211:Infinity:undefined:undefined:undefined:undefined":3,"s:209:4:211:Infinity":14,"s:210:6:210:Infinity":15,"f:217:10:217:30":2,"b:218:4:218:Infinity:undefined:undefined:undefined:undefined":4,"s:218:4:218:Infinity":16,"s:218:27:218:Infinity":17,"s:220:36:220:Infinity":18,"s:221:18:221:Infinity":19,"s:224:19:224:Infinity":20,"s:225:20:225:Infinity":21,"s:226:18:226:Infinity":22,"s:227:21:227:Infinity":23,"s:230:4:233:Infinity":24,"s:230:17:230:20":25,"b:231:6:231:Infinity:undefined:undefined:undefined:undefined":5,"s:231:6:231:Infinity":26,"b:231:10:231:24:231:24:231:40":6,"s:231:40:231:Infinity":27,"b:232:6:232:Infinity:undefined:undefined:undefined:undefined":7,"s:232:6:232:Infinity":28,"b:232:10:232:27:232:27:232:46":8,"s:232:46:232:Infinity":29,"s:236:4:239:Infinity":30,"s:236:17:236:20":31,"b:237:6:237:Infinity:undefined:undefined:undefined:undefined":9,"s:237:6:237:Infinity":32,"b:237:10:237:25:237:25:237:41":10,"s:237:41:237:Infinity":33,"b:238:6:238:Infinity:undefined:undefined:undefined:undefined":11,"s:238:6:238:Infinity":34,"b:238:10:238:26:238:26:238:43":12,"s:238:43:238:Infinity":35,"f:245:10:245:21":3,"s:246:4:249:Infinity":36,"f:255:10:255:19":4,"b:255:57:255:68":13,"b:256:4:256:Infinity:undefined:undefined:undefined:undefined":14,"s:256:4:256:Infinity":37,"s:256:27:256:Infinity":38,"s:257:36:257:Infinity":39,"b:259:4:261:Infinity:undefined:undefined:undefined:undefined":15,"s:259:4:261:Infinity":40,"b:259:8:259:18:259:18:259:31:259:31:259:41:259:41:259:53":16,"s:260:6:260:Infinity":41,"f:267:10:267:19":5,"s:268:21:268:Infinity":42,"b:268:21:268:46:268:46:268:Infinity":17,"s:269:29:269:Infinity":43,"s:272:26:274:Infinity":44,"b:272:48:273:Infinity:274:8:274:Infinity":18,"s:276:20:276:Infinity":45,"s:277:20:277:Infinity":46,"b:279:4:279:Infinity:undefined:undefined:undefined:undefined":19,"s:279:4:279:Infinity":47,"s:279:19:279:Infinity":48,"s:282:4:300:Infinity":49,"s:282:19:282:22":50,"s:283:22:283:Infinity":51,"b:283:22:283:39:283:39:283:Infinity":20,"s:284:6:299:Infinity":52,"s:284:21:284:24":53,"b:285:8:298:Infinity:undefined:undefined:undefined:undefined":21,"s:285:8:298:Infinity":54,"s:287:25:287:Infinity":55,"s:288:23:288:Infinity":56,"s:289:25:289:Infinity":57,"s:290:23:290:Infinity":58,"s:293:10:297:Infinity":59,"s:293:23:293:31":60,"s:294:12:296:Infinity":61,"s:294:25:294:33":62,"s:295:14:295:Infinity":63,"b:303:4:321:Infinity:undefined:undefined:undefined:undefined":22,"s:303:4:321:Infinity":64,"s:304:6:320:Infinity":65,"s:304:21:304:24":66,"s:305:24:305:Infinity":67,"b:305:24:305:41:305:41:305:Infinity":23,"s:306:8:319:Infinity":68,"s:306:23:306:26":69,"b:307:10:318:Infinity:undefined:undefined:undefined:undefined":24,"s:307:10:318:Infinity":70,"s:308:27:308:Infinity":71,"s:309:25:309:Infinity":72,"s:310:27:310:Infinity":73,"s:311:25:311:Infinity":74,"s:313:12:317:Infinity":75,"s:313:25:313:33":76,"s:314:14:316:Infinity":77,"s:314:27:314:35":78,"s:315:16:315:Infinity":79,"b:324:4:330:Infinity:undefined:undefined:undefined:undefined":25,"s:324:4:330:Infinity":80,"s:325:25:325:Infinity":81,"s:326:26:326:Infinity":82,"s:327:6:329:Infinity":83,"s:327:19:327:23":84,"s:328:8:328:Infinity":85,"s:332:4:332:Infinity":86,"f:338:2:338:13":6,"s:339:4:343:Infinity":87,"s:340:23:340:Infinity":88,"s:341:20:341:Infinity":89,"s:342:6:342:Infinity":90,"f:349:2:349:25":7,"s:350:4:350:Infinity":91,"f:356:2:356:19":8,"s:357:10:360:Infinity":92,"s:361:4:361:Infinity":93,"s:364:10:364:Infinity":94,"b:365:4:367:Infinity:undefined:undefined:undefined:undefined":26,"s:365:4:367:Infinity":95,"s:366:6:366:Infinity":96,"f:373:2:373:19":9,"b:374:4:376:Infinity:undefined:undefined:undefined:undefined":27,"s:374:4:376:Infinity":97,"s:375:6:375:Infinity":98,"s:377:4:377:Infinity":99,"s:378:4:378:Infinity":100,"s:379:4:379:Infinity":101,"f:385:2:385:17":10,"s:386:21:386:Infinity":102,"b:387:4:387:Infinity:undefined:undefined:undefined:undefined":28,"s:387:4:387:Infinity":103,"s:387:19:387:Infinity":104,"s:389:27:389:Infinity":105,"s:391:18:391:Infinity":106,"s:392:4:406:Infinity":107,"s:392:19:392:22":108,"b:392:22:392:37:392:37:392:60":29,"s:393:6:405:Infinity":109,"s:393:25:393:28":110,"b:393:28:393:56:393:56:393:79":30,"s:394:21:394:Infinity":111,"b:394:21:394:40:394:40:394:Infinity":31,"s:395:8:404:Infinity":112,"s:395:23:395:26":113,"b:396:10:403:Infinity:undefined:undefined:undefined:undefined":32,"s:396:10:403:Infinity":114,"s:397:25:397:Infinity":115,"s:398:25:398:Infinity":116,"s:399:25:399:Infinity":117,"s:401:37:401:Infinity":118,"s:402:12:402:Infinity":119,"s:408:4:408:Infinity":120,"f:414:2:414:9":11,"s:415:12:415:Infinity":121,"s:417:4:564:Infinity":122,"s:418:19:418:Infinity":123,"b:419:6:419:Infinity:undefined:undefined:undefined:undefined":33,"s:419:6:419:Infinity":124,"s:419:30:419:Infinity":125,"b:421:6:563:Infinity:546:6:563:Infinity":34,"s:421:6:563:Infinity":126,"b:421:10:421:32:421:32:421:53":35,"s:422:20:422:Infinity":127,"s:423:8:423:Infinity":128,"b:426:10:428:Infinity:430:10:432:Infinity:434:10:436:Infinity:438:10:443:Infinity:445:10:450:Infinity:452:10:454:Infinity:456:10:458:Infinity:460:10:462:Infinity:464:10:466:Infinity:468:10:473:Infinity:475:10:480:Infinity:482:10:487:Infinity:489:10:491:Infinity:493:10:495:Infinity:497:10:499:Infinity:501:10:506:Infinity:508:10:515:Infinity:517:10:522:Infinity:524:10:540:Infinity:542:10:544:Infinity":36,"s:425:8:545:Infinity":129,"s:427:12:427:Infinity":130,"s:428:12:428:Infinity":131,"s:431:12:431:Infinity":132,"s:432:12:432:Infinity":133,"s:435:12:435:Infinity":134,"s:436:12:436:Infinity":135,"b:439:12:442:Infinity:undefined:undefined:undefined:undefined":37,"s:439:12:442:Infinity":136,"s:440:24:440:Infinity":137,"b:440:24:440:37:440:37:440:Infinity":38,"s:441:14:441:Infinity":138,"s:443:12:443:Infinity":139,"b:446:12:449:Infinity:undefined:undefined:undefined:undefined":39,"s:446:12:449:Infinity":140,"s:447:24:447:Infinity":141,"b:447:24:447:37:447:37:447:Infinity":40,"s:448:14:448:Infinity":142,"s:450:12:450:Infinity":143,"s:453:12:453:Infinity":144,"s:454:12:454:Infinity":145,"s:457:12:457:Infinity":146,"s:458:12:458:Infinity":147,"s:461:12:461:Infinity":148,"s:462:12:462:Infinity":149,"s:465:12:465:Infinity":150,"s:466:12:466:Infinity":151,"b:469:12:472:Infinity:undefined:undefined:undefined:undefined":41,"s:469:12:472:Infinity":152,"s:470:24:470:Infinity":153,"b:470:24:470:37:470:37:470:Infinity":42,"s:471:14:471:Infinity":154,"s:473:12:473:Infinity":155,"b:476:12:479:Infinity:undefined:undefined:undefined:undefined":43,"s:476:12:479:Infinity":156,"s:477:24:477:Infinity":157,"b:477:24:477:37:477:37:477:Infinity":44,"s:478:14:478:Infinity":158,"s:480:12:480:Infinity":159,"b:483:12:486:Infinity:undefined:undefined:undefined:undefined":45,"s:483:12:486:Infinity":160,"s:484:24:484:Infinity":161,"b:484:24:484:37:484:37:484:Infinity":46,"s:485:14:485:Infinity":162,"s:487:12:487:Infinity":163,"s:490:12:490:Infinity":164,"s:491:12:491:Infinity":165,"s:494:12:494:Infinity":166,"s:495:12:495:Infinity":167,"s:498:12:498:Infinity":168,"s:499:12:499:Infinity":169,"b:502:12:505:Infinity:undefined:undefined:undefined:undefined":47,"s:502:12:505:Infinity":170,"s:503:24:503:Infinity":171,"b:503:24:503:37:503:37:503:Infinity":48,"s:504:14:504:Infinity":172,"s:506:12:506:Infinity":173,"b:509:12:514:Infinity:undefined:undefined:undefined:undefined":49,"s:509:12:514:Infinity":174,"s:510:25:510:Infinity":175,"b:510:25:510:38:510:38:510:Infinity":50,"s:511:25:511:Infinity":176,"b:511:25:511:38:511:38:511:Infinity":51,"s:512:26:512:Infinity":177,"s:513:14:513:Infinity":178,"s:515:12:515:Infinity":179,"b:518:12:521:Infinity:undefined:undefined:undefined:undefined":52,"s:518:12:521:Infinity":180,"s:519:24:519:Infinity":181,"b:519:24:519:37:519:37:519:Infinity":53,"s:520:14:520:Infinity":182,"s:522:12:522:Infinity":183,"b:525:12:539:Infinity:undefined:undefined:undefined:undefined":54,"s:525:12:539:Infinity":184,"s:526:27:526:Infinity":185,"s:527:25:527:Infinity":186,"b:527:25:527:38:527:38:527:Infinity":55,"s:528:25:528:Infinity":187,"b:528:25:528:38:528:38:528:Infinity":56,"s:529:28:529:Infinity":188,"s:530:31:530:Infinity":189,"b:531:14:538:Infinity:undefined:undefined:undefined:undefined":57,"s:531:14:538:Infinity":190,"s:532:32:532:Infinity":191,"b:533:16:537:Infinity:undefined:undefined:undefined:undefined":58,"s:533:16:537:Infinity":192,"s:534:39:534:Infinity":193,"s:535:18:535:Infinity":194,"s:536:18:536:Infinity":195,"s:540:12:540:Infinity":196,"s:544:12:544:Infinity":197,"b:546:6:563:Infinity:549:6:563:Infinity":59,"s:546:6:563:Infinity":198,"s:547:8:547:Infinity":199,"s:548:8:548:Infinity":200,"b:549:6:563:Infinity:552:6:563:Infinity":60,"s:549:6:563:Infinity":201,"s:550:8:550:Infinity":202,"s:551:8:551:Infinity":203,"b:552:6:563:Infinity:555:6:563:Infinity":61,"s:552:6:563:Infinity":204,"s:553:8:553:Infinity":205,"s:554:8:554:Infinity":206,"b:555:6:563:Infinity:560:13:563:Infinity":62,"s:555:6:563:Infinity":207,"b:555:17:555:31:555:31:555:43":63,"s:557:22:557:Infinity":208,"s:558:8:558:Infinity":209,"s:559:8:559:Infinity":210,"s:562:8:562:Infinity":211,"f:570:2:570:28":12,"s:572:19:572:Infinity":212,"b:573:4:575:Infinity:undefined:undefined:undefined:undefined":64,"s:573:4:575:Infinity":213,"b:573:8:573:28:573:28:573:73":65,"s:574:6:574:Infinity":214,"s:576:4:576:Infinity":215,"f:582:2:582:10":13,"b:582:26:582:49":66,"s:583:18:583:Infinity":216,"s:584:4:584:Infinity":217,"b:584:11:584:27:584:27:584:Infinity":67,"f:590:2:590:16":14,"s:591:4:591:Infinity":218,"s:592:4:592:Infinity":219,"s:593:4:593:Infinity":220}}}
}
